<?xml version="1.0" encoding="UTF-8"?>
<testsuite name="BarTest" tests="1" skipped="0" failures="0" errors="0" timestamp="2017-05-10T13:59:37" hostname="Kais-Air.gateway" time="0.067">
  <properties/>
  <testcase name="getName_nameIsNull_violationsSizeIsOne" classname="BarTest" time="0.067"/>
  <system-out><![CDATA[]]></system-out>
  <system-err><![CDATA[]]></system-err>
</testsuite>
