<?xml version="1.0" encoding="UTF-8"?>
<testsuite name="PojoTest" tests="2" skipped="0" failures="0" errors="0" timestamp="2017-05-10T13:59:37" hostname="Kais-Air.gateway" time="0.006">
  <properties/>
  <testcase name="constructor_validParams_createsPojo" classname="PojoTest" time="0.001"/>
  <testcase name="constructor_invalidParams_violationsSizeIsOne" classname="PojoTest" time="0.004"/>
  <system-out><![CDATA[]]></system-out>
  <system-err><![CDATA[]]></system-err>
</testsuite>
