<?xml version="1.0" encoding="UTF-8"?>
<testsuite name="PojoTest" tests="2" skipped="0" failures="2" errors="0" timestamp="2017-05-17T23:19:28" hostname="DESKTOP-0010" time="0.752">
  <properties/>
  <testcase name="fieldANullFieldBNotValidated" classname="PojoTest" time="0.437">
    <failure message="java.lang.StackOverflowError" type="java.lang.StackOverflowError">java.lang.StackOverflowError
	at sun.invoke.util.Wrapper.forceType(Wrapper.java:492)
	at sun.invoke.util.Wrapper.wrapperType(Wrapper.java:358)
	at sun.invoke.util.Wrapper.convert(Wrapper.java:464)
	at sun.invoke.util.Wrapper.convert(Wrapper.java:448)
	at java.lang.invoke.MethodHandles.insertArgumentPrimitive(MethodHandles.java:2384)
	at java.lang.invoke.MethodHandles.insertArguments(MethodHandles.java:2371)
	at jdk.internal.dynalink.DynamicLinker.createRelinkAndInvokeMethod(DynamicLinker.java:224)
	at jdk.internal.dynalink.DynamicLinker.link(DynamicLinker.java:201)
	at jdk.nashorn.internal.runtime.linker.Bootstrap.bootstrap(Bootstrap.java:206)
	at jdk.nashorn.internal.runtime.linker.Bootstrap.createDynamicInvoker(Bootstrap.java:369)
	at jdk.nashorn.internal.runtime.linker.Bootstrap.createDynamicInvoker(Bootstrap.java:343)
	at jdk.nashorn.internal.runtime.linker.InvokeByName.&lt;init&gt;(InvokeByName.java:86)
	at jdk.nashorn.internal.runtime.linker.InvokeByName.&lt;init&gt;(InvokeByName.java:73)
	at jdk.nashorn.internal.objects.Global.&lt;init&gt;(Global.java:96)
	at jdk.nashorn.internal.runtime.Context.newGlobal(Context.java:1108)
	at jdk.nashorn.api.scripting.NashornScriptEngine$2.run(NashornScriptEngine.java:347)
	at jdk.nashorn.api.scripting.NashornScriptEngine$2.run(NashornScriptEngine.java:343)
	at java.security.AccessController.doPrivileged(Native Method)
	at jdk.nashorn.api.scripting.NashornScriptEngine.createNashornGlobal(NashornScriptEngine.java:343)
	at jdk.nashorn.api.scripting.NashornScriptEngine.createGlobalMirror(NashornScriptEngine.java:337)
	at jdk.nashorn.api.scripting.NashornScriptEngine.createBindings(NashornScriptEngine.java:170)
	at net.sf.oval.expression.ExpressionLanguageScriptEngineImpl.evaluate(ExpressionLanguageScriptEngineImpl.java:73)
	at net.sf.oval.expression.AbstractExpressionLanguage.evaluateAsBoolean(AbstractExpressionLanguage.java:25)
	at net.sf.oval.AbstractCheck.isActive(AbstractCheck.java:152)
	at net.sf.oval.Validator.checkConstraint(Validator.java:763)
	at net.sf.oval.Validator._validateObjectInvariants(Validator.java:602)
	at net.sf.oval.Validator.validateInvariants(Validator.java:1384)
	at net.sf.oval.guard.Guard.validateInvariants(Guard.java:1124)
	at net.sf.oval.guard.Guard.guardMethodPre(Guard.java:728)
	at net.sf.oval.guard.GuardAspect.ajc$inlineAccessMethod$net_sf_oval_guard_GuardAspect$net_sf_oval_guard_Guard$guardMethodPre(GuardAspect.aj:1)
	at Pojo.getFieldA_aroundBody3$advice(Pojo.java:128)
	at Pojo.getFieldA(Pojo.java:1)
	at jdk.nashorn.internal.scripts.Script$3$\^eval\_.:program(&lt;eval&gt;:1)
	at jdk.nashorn.internal.runtime.ScriptFunctionData.invoke(ScriptFunctionData.java:637)
	at jdk.nashorn.internal.runtime.ScriptFunction.invoke(ScriptFunction.java:494)
	at jdk.nashorn.internal.runtime.ScriptRuntime.apply(ScriptRuntime.java:393)
	at jdk.nashorn.api.scripting.NashornScriptEngine.evalImpl(NashornScriptEngine.java:418)
	at jdk.nashorn.api.scripting.NashornScriptEngine.access$300(NashornScriptEngine.java:73)
	at jdk.nashorn.api.scripting.NashornScriptEngine$3.eval(NashornScriptEngine.java:511)
	at javax.script.CompiledScript.eval(CompiledScript.java:92)
	at net.sf.oval.expression.ExpressionLanguageScriptEngineImpl.evaluate(ExpressionLanguageScriptEngineImpl.java:84)
	at net.sf.oval.expression.AbstractExpressionLanguage.evaluateAsBoolean(AbstractExpressionLanguage.java:25)
	at net.sf.oval.AbstractCheck.isActive(AbstractCheck.java:152)
	at net.sf.oval.Validator.checkConstraint(Validator.java:763)
	at net.sf.oval.Validator._validateObjectInvariants(Validator.java:602)
	at net.sf.oval.Validator.validateInvariants(Validator.java:1384)
	at net.sf.oval.guard.Guard.validateInvariants(Guard.java:1124)
	at net.sf.oval.guard.Guard.guardMethodPre(Guard.java:728)
	at net.sf.oval.guard.GuardAspect.ajc$inlineAccessMethod$net_sf_oval_guard_GuardAspect$net_sf_oval_guard_Guard$guardMethodPre(GuardAspect.aj:1)
	at Pojo.getFieldA_aroundBody3$advice(Pojo.java:128)
	at Pojo.getFieldA(Pojo.java:1)
	at jdk.nashorn.internal.scripts.Script$3$\^eval\_.:program(&lt;eval&gt;:1)
	at jdk.nashorn.internal.runtime.ScriptFunctionData.invoke(ScriptFunctionData.java:637)
	at jdk.nashorn.internal.runtime.ScriptFunction.invoke(ScriptFunction.java:494)
	at jdk.nashorn.internal.runtime.ScriptRuntime.apply(ScriptRuntime.java:393)
	at jdk.nashorn.api.scripting.NashornScriptEngine.evalImpl(NashornScriptEngine.java:418)
	at jdk.nashorn.api.scripting.NashornScriptEngine.access$300(NashornScriptEngine.java:73)
	at jdk.nashorn.api.scripting.NashornScriptEngine$3.eval(NashornScriptEngine.java:511)
	at javax.script.CompiledScript.eval(CompiledScript.java:92)
	at net.sf.oval.expression.ExpressionLanguageScriptEngineImpl.evaluate(ExpressionLanguageScriptEngineImpl.java:84)
	at net.sf.oval.expression.AbstractExpressionLanguage.evaluateAsBoolean(AbstractExpressionLanguage.java:25)
	at net.sf.oval.AbstractCheck.isActive(AbstractCheck.java:152)
	at net.sf.oval.Validator.checkConstraint(Validator.java:763)
	at net.sf.oval.Validator._validateObjectInvariants(Validator.java:602)
	at net.sf.oval.Validator.validateInvariants(Validator.java:1384)
	at net.sf.oval.guard.Guard.validateInvariants(Guard.java:1124)
	at net.sf.oval.guard.Guard.guardMethodPre(Guard.java:728)
	at net.sf.oval.guard.GuardAspect.ajc$inlineAccessMethod$net_sf_oval_guard_GuardAspect$net_sf_oval_guard_Guard$guardMethodPre(GuardAspect.aj:1)
	at Pojo.getFieldA_aroundBody3$advice(Pojo.java:128)
	at Pojo.getFieldA(Pojo.java:1)
	at jdk.nashorn.internal.scripts.Script$3$\^eval\_.:program(&lt;eval&gt;:1)
	at jdk.nashorn.internal.runtime.ScriptFunctionData.invoke(ScriptFunctionData.java:637)
	at jdk.nashorn.internal.runtime.ScriptFunction.invoke(ScriptFunction.java:494)
	at jdk.nashorn.internal.runtime.ScriptRuntime.apply(ScriptRuntime.java:393)
	at jdk.nashorn.api.scripting.NashornScriptEngine.evalImpl(NashornScriptEngine.java:418)
	at jdk.nashorn.api.scripting.NashornScriptEngine.access$300(NashornScriptEngine.java:73)
	at jdk.nashorn.api.scripting.NashornScriptEngine$3.eval(NashornScriptEngine.java:511)
	at javax.script.CompiledScript.eval(CompiledScript.java:92)
	at net.sf.oval.expression.ExpressionLanguageScriptEngineImpl.evaluate(ExpressionLanguageScriptEngineImpl.java:84)
	at net.sf.oval.expression.AbstractExpressionLanguage.evaluateAsBoolean(AbstractExpressionLanguage.java:25)
	at net.sf.oval.AbstractCheck.isActive(AbstractCheck.java:152)
	at net.sf.oval.Validator.checkConstraint(Validator.java:763)
	at net.sf.oval.Validator._validateObjectInvariants(Validator.java:602)
	at net.sf.oval.Validator.validateInvariants(Validator.java:1384)
	at net.sf.oval.guard.Guard.validateInvariants(Guard.java:1124)
	at net.sf.oval.guard.Guard.guardMethodPre(Guard.java:728)
	at net.sf.oval.guard.GuardAspect.ajc$inlineAccessMethod$net_sf_oval_guard_GuardAspect$net_sf_oval_guard_Guard$guardMethodPre(GuardAspect.aj:1)
	at Pojo.getFieldA_aroundBody3$advice(Pojo.java:128)
	at Pojo.getFieldA(Pojo.java:1)
	at jdk.nashorn.internal.scripts.Script$3$\^eval\_.:program(&lt;eval&gt;:1)
	at jdk.nashorn.internal.runtime.ScriptFunctionData.invoke(ScriptFunctionData.java:637)
	at jdk.nashorn.internal.runtime.ScriptFunction.invoke(ScriptFunction.java:494)
	at jdk.nashorn.internal.runtime.ScriptRuntime.apply(ScriptRuntime.java:393)
	at jdk.nashorn.api.scripting.NashornScriptEngine.evalImpl(NashornScriptEngine.java:418)
	at jdk.nashorn.api.scripting.NashornScriptEngine.access$300(NashornScriptEngine.java:73)
	at jdk.nashorn.api.scripting.NashornScriptEngine$3.eval(NashornScriptEngine.java:511)
	at javax.script.CompiledScript.eval(CompiledScript.java:92)
	at net.sf.oval.expression.ExpressionLanguageScriptEngineImpl.evaluate(ExpressionLanguageScriptEngineImpl.java:84)
	at net.sf.oval.expression.AbstractExpressionLanguage.evaluateAsBoolean(AbstractExpressionLanguage.java:25)
	at net.sf.oval.AbstractCheck.isActive(AbstractCheck.java:152)
	at net.sf.oval.Validator.checkConstraint(Validator.java:763)
	at net.sf.oval.Validator._validateObjectInvariants(Validator.java:602)
	at net.sf.oval.Validator.validateInvariants(Validator.java:1384)
	at net.sf.oval.guard.Guard.validateInvariants(Guard.java:1124)
	at net.sf.oval.guard.Guard.guardMethodPre(Guard.java:728)
	at net.sf.oval.guard.GuardAspect.ajc$inlineAccessMethod$net_sf_oval_guard_GuardAspect$net_sf_oval_guard_Guard$guardMethodPre(GuardAspect.aj:1)
	at Pojo.getFieldA_aroundBody3$advice(Pojo.java:128)
	at Pojo.getFieldA(Pojo.java:1)
	at jdk.nashorn.internal.scripts.Script$3$\^eval\_.:program(&lt;eval&gt;:1)
	at jdk.nashorn.internal.runtime.ScriptFunctionData.invoke(ScriptFunctionData.java:637)
	at jdk.nashorn.internal.runtime.ScriptFunction.invoke(ScriptFunction.java:494)
	at jdk.nashorn.internal.runtime.ScriptRuntime.apply(ScriptRuntime.java:393)
	at jdk.nashorn.api.scripting.NashornScriptEngine.evalImpl(NashornScriptEngine.java:418)
	at jdk.nashorn.api.scripting.NashornScriptEngine.access$300(NashornScriptEngine.java:73)
	at jdk.nashorn.api.scripting.NashornScriptEngine$3.eval(NashornScriptEngine.java:511)
	at javax.script.CompiledScript.eval(CompiledScript.java:92)
	at net.sf.oval.expression.ExpressionLanguageScriptEngineImpl.evaluate(ExpressionLanguageScriptEngineImpl.java:84)
	at net.sf.oval.expression.AbstractExpressionLanguage.evaluateAsBoolean(AbstractExpressionLanguage.java:25)
	at net.sf.oval.AbstractCheck.isActive(AbstractCheck.java:152)
	at net.sf.oval.Validator.checkConstraint(Validator.java:763)
	at net.sf.oval.Validator._validateObjectInvariants(Validator.java:602)
	at net.sf.oval.Validator.validateInvariants(Validator.java:1384)
	at net.sf.oval.guard.Guard.validateInvariants(Guard.java:1124)
	at net.sf.oval.guard.Guard.guardMethodPre(Guard.java:728)
	at net.sf.oval.guard.GuardAspect.ajc$inlineAccessMethod$net_sf_oval_guard_GuardAspect$net_sf_oval_guard_Guard$guardMethodPre(GuardAspect.aj:1)
	at Pojo.getFieldA_aroundBody3$advice(Pojo.java:128)
	at Pojo.getFieldA(Pojo.java:1)
	at jdk.nashorn.internal.scripts.Script$3$\^eval\_.:program(&lt;eval&gt;:1)
	at jdk.nashorn.internal.runtime.ScriptFunctionData.invoke(ScriptFunctionData.java:637)
	at jdk.nashorn.internal.runtime.ScriptFunction.invoke(ScriptFunction.java:494)
	at jdk.nashorn.internal.runtime.ScriptRuntime.apply(ScriptRuntime.java:393)
	at jdk.nashorn.api.scripting.NashornScriptEngine.evalImpl(NashornScriptEngine.java:418)
	at jdk.nashorn.api.scripting.NashornScriptEngine.access$300(NashornScriptEngine.java:73)
	at jdk.nashorn.api.scripting.NashornScriptEngine$3.eval(NashornScriptEngine.java:511)
	at javax.script.CompiledScript.eval(CompiledScript.java:92)
	at net.sf.oval.expression.ExpressionLanguageScriptEngineImpl.evaluate(ExpressionLanguageScriptEngineImpl.java:84)
	at net.sf.oval.expression.AbstractExpressionLanguage.evaluateAsBoolean(AbstractExpressionLanguage.java:25)
	at net.sf.oval.AbstractCheck.isActive(AbstractCheck.java:152)
	at net.sf.oval.Validator.checkConstraint(Validator.java:763)
	at net.sf.oval.Validator._validateObjectInvariants(Validator.java:602)
	at net.sf.oval.Validator.validateInvariants(Validator.java:1384)
	at net.sf.oval.guard.Guard.validateInvariants(Guard.java:1124)
	at net.sf.oval.guard.Guard.guardMethodPre(Guard.java:728)
	at net.sf.oval.guard.GuardAspect.ajc$inlineAccessMethod$net_sf_oval_guard_GuardAspect$net_sf_oval_guard_Guard$guardMethodPre(GuardAspect.aj:1)
	at Pojo.getFieldA_aroundBody3$advice(Pojo.java:128)
	at Pojo.getFieldA(Pojo.java:1)
	at jdk.nashorn.internal.scripts.Script$3$\^eval\_.:program(&lt;eval&gt;:1)
	at jdk.nashorn.internal.runtime.ScriptFunctionData.invoke(ScriptFunctionData.java:637)
	at jdk.nashorn.internal.runtime.ScriptFunction.invoke(ScriptFunction.java:494)
	at jdk.nashorn.internal.runtime.ScriptRuntime.apply(ScriptRuntime.java:393)
	at jdk.nashorn.api.scripting.NashornScriptEngine.evalImpl(NashornScriptEngine.java:418)
	at jdk.nashorn.api.scripting.NashornScriptEngine.access$300(NashornScriptEngine.java:73)
	at jdk.nashorn.api.scripting.NashornScriptEngine$3.eval(NashornScriptEngine.java:511)
	at javax.script.CompiledScript.eval(CompiledScript.java:92)
	at net.sf.oval.expression.ExpressionLanguageScriptEngineImpl.evaluate(ExpressionLanguageScriptEngineImpl.java:84)
	at net.sf.oval.expression.AbstractExpressionLanguage.evaluateAsBoolean(AbstractExpressionLanguage.java:25)
	at net.sf.oval.AbstractCheck.isActive(AbstractCheck.java:152)
	at net.sf.oval.Validator.checkConstraint(Validator.java:763)
	at net.sf.oval.Validator._validateObjectInvariants(Validator.java:602)
	at net.sf.oval.Validator.validateInvariants(Validator.java:1384)
	at net.sf.oval.guard.Guard.validateInvariants(Guard.java:1124)
	at net.sf.oval.guard.Guard.guardMethodPre(Guard.java:728)
	at net.sf.oval.guard.GuardAspect.ajc$inlineAccessMethod$net_sf_oval_guard_GuardAspect$net_sf_oval_guard_Guard$guardMethodPre(GuardAspect.aj:1)
	at Pojo.getFieldA_aroundBody3$advice(Pojo.java:128)
	at Pojo.getFieldA(Pojo.java:1)
	at jdk.nashorn.internal.scripts.Script$3$\^eval\_.:program(&lt;eval&gt;:1)
	at jdk.nashorn.internal.runtime.ScriptFunctionData.invoke(ScriptFunctionData.java:637)
	at jdk.nashorn.internal.runtime.ScriptFunction.invoke(ScriptFunction.java:494)
	at jdk.nashorn.internal.runtime.ScriptRuntime.apply(ScriptRuntime.java:393)
	at jdk.nashorn.api.scripting.NashornScriptEngine.evalImpl(NashornScriptEngine.java:418)
	at jdk.nashorn.api.scripting.NashornScriptEngine.access$300(NashornScriptEngine.java:73)
	at jdk.nashorn.api.scripting.NashornScriptEngine$3.eval(NashornScriptEngine.java:511)
	at javax.script.CompiledScript.eval(CompiledScript.java:92)
	at net.sf.oval.expression.ExpressionLanguageScriptEngineImpl.evaluate(ExpressionLanguageScriptEngineImpl.java:84)
	at net.sf.oval.expression.AbstractExpressionLanguage.evaluateAsBoolean(AbstractExpressionLanguage.java:25)
	at net.sf.oval.AbstractCheck.isActive(AbstractCheck.java:152)
	at net.sf.oval.Validator.checkConstraint(Validator.java:763)
	at net.sf.oval.Validator._validateObjectInvariants(Validator.java:602)
	at net.sf.oval.Validator.validateInvariants(Validator.java:1384)
	at net.sf.oval.guard.Guard.validateInvariants(Guard.java:1124)
	at net.sf.oval.guard.Guard.guardMethodPre(Guard.java:728)
	at net.sf.oval.guard.GuardAspect.ajc$inlineAccessMethod$net_sf_oval_guard_GuardAspect$net_sf_oval_guard_Guard$guardMethodPre(GuardAspect.aj:1)
	at Pojo.getFieldA_aroundBody3$advice(Pojo.java:128)
	at Pojo.getFieldA(Pojo.java:1)
	at jdk.nashorn.internal.scripts.Script$3$\^eval\_.:program(&lt;eval&gt;:1)
	at jdk.nashorn.internal.runtime.ScriptFunctionData.invoke(ScriptFunctionData.java:637)
	at jdk.nashorn.internal.runtime.ScriptFunction.invoke(ScriptFunction.java:494)
	at jdk.nashorn.internal.runtime.ScriptRuntime.apply(ScriptRuntime.java:393)
	at jdk.nashorn.api.scripting.NashornScriptEngine.evalImpl(NashornScriptEngine.java:418)
	at jdk.nashorn.api.scripting.NashornScriptEngine.access$300(NashornScriptEngine.java:73)
	at jdk.nashorn.api.scripting.NashornScriptEngine$3.eval(NashornScriptEngine.java:511)
	at javax.script.CompiledScript.eval(CompiledScript.java:92)
	at net.sf.oval.expression.ExpressionLanguageScriptEngineImpl.evaluate(ExpressionLanguageScriptEngineImpl.java:84)
	at net.sf.oval.expression.AbstractExpressionLanguage.evaluateAsBoolean(AbstractExpressionLanguage.java:25)
	at net.sf.oval.AbstractCheck.isActive(AbstractCheck.java:152)
	at net.sf.oval.Validator.checkConstraint(Validator.java:763)
	at net.sf.oval.Validator._validateObjectInvariants(Validator.java:602)
	at net.sf.oval.Validator.validateInvariants(Validator.java:1384)
	at net.sf.oval.guard.Guard.validateInvariants(Guard.java:1124)
	at net.sf.oval.guard.Guard.guardMethodPre(Guard.java:728)
	at net.sf.oval.guard.GuardAspect.ajc$inlineAccessMethod$net_sf_oval_guard_GuardAspect$net_sf_oval_guard_Guard$guardMethodPre(GuardAspect.aj:1)
	at Pojo.getFieldA_aroundBody3$advice(Pojo.java:128)
	at Pojo.getFieldA(Pojo.java:1)
	at jdk.nashorn.internal.scripts.Script$3$\^eval\_.:program(&lt;eval&gt;:1)
	at jdk.nashorn.internal.runtime.ScriptFunctionData.invoke(ScriptFunctionData.java:637)
	at jdk.nashorn.internal.runtime.ScriptFunction.invoke(ScriptFunction.java:494)
	at jdk.nashorn.internal.runtime.ScriptRuntime.apply(ScriptRuntime.java:393)
	at jdk.nashorn.api.scripting.NashornScriptEngine.evalImpl(NashornScriptEngine.java:418)
	at jdk.nashorn.api.scripting.NashornScriptEngine.access$300(NashornScriptEngine.java:73)
	at jdk.nashorn.api.scripting.NashornScriptEngine$3.eval(NashornScriptEngine.java:511)
	at javax.script.CompiledScript.eval(CompiledScript.java:92)
	at net.sf.oval.expression.ExpressionLanguageScriptEngineImpl.evaluate(ExpressionLanguageScriptEngineImpl.java:84)
	at net.sf.oval.expression.AbstractExpressionLanguage.evaluateAsBoolean(AbstractExpressionLanguage.java:25)
	at net.sf.oval.AbstractCheck.isActive(AbstractCheck.java:152)
	at net.sf.oval.Validator.checkConstraint(Validator.java:763)
	at net.sf.oval.Validator._validateObjectInvariants(Validator.java:602)
	at net.sf.oval.Validator.validateInvariants(Validator.java:1384)
	at net.sf.oval.guard.Guard.validateInvariants(Guard.java:1124)
	at net.sf.oval.guard.Guard.guardMethodPre(Guard.java:728)
	at net.sf.oval.guard.GuardAspect.ajc$inlineAccessMethod$net_sf_oval_guard_GuardAspect$net_sf_oval_guard_Guard$guardMethodPre(GuardAspect.aj:1)
	at Pojo.getFieldA_aroundBody3$advice(Pojo.java:128)
	at Pojo.getFieldA(Pojo.java:1)
	at jdk.nashorn.internal.scripts.Script$3$\^eval\_.:program(&lt;eval&gt;:1)
	at jdk.nashorn.internal.runtime.ScriptFunctionData.invoke(ScriptFunctionData.java:637)
	at jdk.nashorn.internal.runtime.ScriptFunction.invoke(ScriptFunction.java:494)
	at jdk.nashorn.internal.runtime.ScriptRuntime.apply(ScriptRuntime.java:393)
	at jdk.nashorn.api.scripting.NashornScriptEngine.evalImpl(NashornScriptEngine.java:418)
	at jdk.nashorn.api.scripting.NashornScriptEngine.access$300(NashornScriptEngine.java:73)
	at jdk.nashorn.api.scripting.NashornScriptEngine$3.eval(NashornScriptEngine.java:511)
	at javax.script.CompiledScript.eval(CompiledScript.java:92)
	at net.sf.oval.expression.ExpressionLanguageScriptEngineImpl.evaluate(ExpressionLanguageScriptEngineImpl.java:84)
	at net.sf.oval.expression.AbstractExpressionLanguage.evaluateAsBoolean(AbstractExpressionLanguage.java:25)
	at net.sf.oval.AbstractCheck.isActive(AbstractCheck.java:152)
	at net.sf.oval.Validator.checkConstraint(Validator.java:763)
	at net.sf.oval.Validator._validateObjectInvariants(Validator.java:602)
	at net.sf.oval.Validator.validateInvariants(Validator.java:1384)
	at net.sf.oval.guard.Guard.validateInvariants(Guard.java:1124)
	at net.sf.oval.guard.Guard.guardMethodPre(Guard.java:728)
	at net.sf.oval.guard.GuardAspect.ajc$inlineAccessMethod$net_sf_oval_guard_GuardAspect$net_sf_oval_guard_Guard$guardMethodPre(GuardAspect.aj:1)
	at Pojo.getFieldA_aroundBody3$advice(Pojo.java:128)
	at Pojo.getFieldA(Pojo.java:1)
	at jdk.nashorn.internal.scripts.Script$3$\^eval\_.:program(&lt;eval&gt;:1)
	at jdk.nashorn.internal.runtime.ScriptFunctionData.invoke(ScriptFunctionData.java:637)
	at jdk.nashorn.internal.runtime.ScriptFunction.invoke(ScriptFunction.java:494)
	at jdk.nashorn.internal.runtime.ScriptRuntime.apply(ScriptRuntime.java:393)
	at jdk.nashorn.api.scripting.NashornScriptEngine.evalImpl(NashornScriptEngine.java:418)
	at jdk.nashorn.api.scripting.NashornScriptEngine.access$300(NashornScriptEngine.java:73)
	at jdk.nashorn.api.scripting.NashornScriptEngine$3.eval(NashornScriptEngine.java:511)
	at javax.script.CompiledScript.eval(CompiledScript.java:92)
	at net.sf.oval.expression.ExpressionLanguageScriptEngineImpl.evaluate(ExpressionLanguageScriptEngineImpl.java:84)
	at net.sf.oval.expression.AbstractExpressionLanguage.evaluateAsBoolean(AbstractExpressionLanguage.java:25)
	at net.sf.oval.AbstractCheck.isActive(AbstractCheck.java:152)
	at net.sf.oval.Validator.checkConstraint(Validator.java:763)
	at net.sf.oval.Validator._validateObjectInvariants(Validator.java:602)
	at net.sf.oval.Validator.validateInvariants(Validator.java:1384)
	at net.sf.oval.guard.Guard.validateInvariants(Guard.java:1124)
	at net.sf.oval.guard.Guard.guardMethodPre(Guard.java:728)
	at net.sf.oval.guard.GuardAspect.ajc$inlineAccessMethod$net_sf_oval_guard_GuardAspect$net_sf_oval_guard_Guard$guardMethodPre(GuardAspect.aj:1)
	at Pojo.getFieldA_aroundBody3$advice(Pojo.java:128)
	at Pojo.getFieldA(Pojo.java:1)
	at jdk.nashorn.internal.scripts.Script$3$\^eval\_.:program(&lt;eval&gt;:1)
	at jdk.nashorn.internal.runtime.ScriptFunctionData.invoke(ScriptFunctionData.java:637)
	at jdk.nashorn.internal.runtime.ScriptFunction.invoke(ScriptFunction.java:494)
	at jdk.nashorn.internal.runtime.ScriptRuntime.apply(ScriptRuntime.java:393)
	at jdk.nashorn.api.scripting.NashornScriptEngine.evalImpl(NashornScriptEngine.java:418)
	at jdk.nashorn.api.scripting.NashornScriptEngine.access$300(NashornScriptEngine.java:73)
	at jdk.nashorn.api.scripting.NashornScriptEngine$3.eval(NashornScriptEngine.java:511)
	at javax.script.CompiledScript.eval(CompiledScript.java:92)
	at net.sf.oval.expression.ExpressionLanguageScriptEngineImpl.evaluate(ExpressionLanguageScriptEngineImpl.java:84)
	at net.sf.oval.expression.AbstractExpressionLanguage.evaluateAsBoolean(AbstractExpressionLanguage.java:25)
	at net.sf.oval.AbstractCheck.isActive(AbstractCheck.java:152)
	at net.sf.oval.Validator.checkConstraint(Validator.java:763)
	at net.sf.oval.Validator._validateObjectInvariants(Validator.java:602)
	at net.sf.oval.Validator.validateInvariants(Validator.java:1384)
	at net.sf.oval.guard.Guard.validateInvariants(Guard.java:1124)
	at net.sf.oval.guard.Guard.guardMethodPre(Guard.java:728)
	at net.sf.oval.guard.GuardAspect.ajc$inlineAccessMethod$net_sf_oval_guard_GuardAspect$net_sf_oval_guard_Guard$guardMethodPre(GuardAspect.aj:1)
	at Pojo.getFieldA_aroundBody3$advice(Pojo.java:128)
	at Pojo.getFieldA(Pojo.java:1)
	at jdk.nashorn.internal.scripts.Script$3$\^eval\_.:program(&lt;eval&gt;:1)
	at jdk.nashorn.internal.runtime.ScriptFunctionData.invoke(ScriptFunctionData.java:637)
	at jdk.nashorn.internal.runtime.ScriptFunction.invoke(ScriptFunction.java:494)
	at jdk.nashorn.internal.runtime.ScriptRuntime.apply(ScriptRuntime.java:393)
	at jdk.nashorn.api.scripting.NashornScriptEngine.evalImpl(NashornScriptEngine.java:418)
	at jdk.nashorn.api.scripting.NashornScriptEngine.access$300(NashornScriptEngine.java:73)
	at jdk.nashorn.api.scripting.NashornScriptEngine$3.eval(NashornScriptEngine.java:511)
	at javax.script.CompiledScript.eval(CompiledScript.java:92)
	at net.sf.oval.expression.ExpressionLanguageScriptEngineImpl.evaluate(ExpressionLanguageScriptEngineImpl.java:84)
	at net.sf.oval.expression.AbstractExpressionLanguage.evaluateAsBoolean(AbstractExpressionLanguage.java:25)
	at net.sf.oval.AbstractCheck.isActive(AbstractCheck.java:152)
	at net.sf.oval.Validator.checkConstraint(Validator.java:763)
	at net.sf.oval.Validator._validateObjectInvariants(Validator.java:602)
	at net.sf.oval.Validator.validateInvariants(Validator.java:1384)
	at net.sf.oval.guard.Guard.validateInvariants(Guard.java:1124)
	at net.sf.oval.guard.Guard.guardMethodPre(Guard.java:728)
	at net.sf.oval.guard.GuardAspect.ajc$inlineAccessMethod$net_sf_oval_guard_GuardAspect$net_sf_oval_guard_Guard$guardMethodPre(GuardAspect.aj:1)
	at Pojo.getFieldA_aroundBody3$advice(Pojo.java:128)
	at Pojo.getFieldA(Pojo.java:1)
	at jdk.nashorn.internal.scripts.Script$3$\^eval\_.:program(&lt;eval&gt;:1)
	at jdk.nashorn.internal.runtime.ScriptFunctionData.invoke(ScriptFunctionData.java:637)
	at jdk.nashorn.internal.runtime.ScriptFunction.invoke(ScriptFunction.java:494)
	at jdk.nashorn.internal.runtime.ScriptRuntime.apply(ScriptRuntime.java:393)
	at jdk.nashorn.api.scripting.NashornScriptEngine.evalImpl(NashornScriptEngine.java:418)
	at jdk.nashorn.api.scripting.NashornScriptEngine.access$300(NashornScriptEngine.java:73)
	at jdk.nashorn.api.scripting.NashornScriptEngine$3.eval(NashornScriptEngine.java:511)
	at javax.script.CompiledScript.eval(CompiledScript.java:92)
	at net.sf.oval.expression.ExpressionLanguageScriptEngineImpl.evaluate(ExpressionLanguageScriptEngineImpl.java:84)
	at net.sf.oval.expression.AbstractExpressionLanguage.evaluateAsBoolean(AbstractExpressionLanguage.java:25)
	at net.sf.oval.AbstractCheck.isActive(AbstractCheck.java:152)
	at net.sf.oval.Validator.checkConstraint(Validator.java:763)
	at net.sf.oval.Validator._validateObjectInvariants(Validator.java:602)
	at net.sf.oval.Validator.validateInvariants(Validator.java:1384)
	at net.sf.oval.guard.Guard.validateInvariants(Guard.java:1124)
	at net.sf.oval.guard.Guard.guardMethodPre(Guard.java:728)
	at net.sf.oval.guard.GuardAspect.ajc$inlineAccessMethod$net_sf_oval_guard_GuardAspect$net_sf_oval_guard_Guard$guardMethodPre(GuardAspect.aj:1)
	at Pojo.getFieldA_aroundBody3$advice(Pojo.java:128)
	at Pojo.getFieldA(Pojo.java:1)
	at jdk.nashorn.internal.scripts.Script$3$\^eval\_.:program(&lt;eval&gt;:1)
	at jdk.nashorn.internal.runtime.ScriptFunctionData.invoke(ScriptFunctionData.java:637)
	at jdk.nashorn.internal.runtime.ScriptFunction.invoke(ScriptFunction.java:494)
	at jdk.nashorn.internal.runtime.ScriptRuntime.apply(ScriptRuntime.java:393)
	at jdk.nashorn.api.scripting.NashornScriptEngine.evalImpl(NashornScriptEngine.java:418)
	at jdk.nashorn.api.scripting.NashornScriptEngine.access$300(NashornScriptEngine.java:73)
	at jdk.nashorn.api.scripting.NashornScriptEngine$3.eval(NashornScriptEngine.java:511)
	at javax.script.CompiledScript.eval(CompiledScript.java:92)
	at net.sf.oval.expression.ExpressionLanguageScriptEngineImpl.evaluate(ExpressionLanguageScriptEngineImpl.java:84)
	at net.sf.oval.expression.AbstractExpressionLanguage.evaluateAsBoolean(AbstractExpressionLanguage.java:25)
	at net.sf.oval.AbstractCheck.isActive(AbstractCheck.java:152)
	at net.sf.oval.Validator.checkConstraint(Validator.java:763)
	at net.sf.oval.Validator._validateObjectInvariants(Validator.java:602)
	at net.sf.oval.Validator.validateInvariants(Validator.java:1384)
	at net.sf.oval.guard.Guard.validateInvariants(Guard.java:1124)
	at net.sf.oval.guard.Guard.guardMethodPre(Guard.java:728)
	at net.sf.oval.guard.GuardAspect.ajc$inlineAccessMethod$net_sf_oval_guard_GuardAspect$net_sf_oval_guard_Guard$guardMethodPre(GuardAspect.aj:1)
	at Pojo.getFieldA_aroundBody3$advice(Pojo.java:128)
	at Pojo.getFieldA(Pojo.java:1)
	at jdk.nashorn.internal.scripts.Script$3$\^eval\_.:program(&lt;eval&gt;:1)
	at jdk.nashorn.internal.runtime.ScriptFunctionData.invoke(ScriptFunctionData.java:637)
	at jdk.nashorn.internal.runtime.ScriptFunction.invoke(ScriptFunction.java:494)
	at jdk.nashorn.internal.runtime.ScriptRuntime.apply(ScriptRuntime.java:393)
	at jdk.nashorn.api.scripting.NashornScriptEngine.evalImpl(NashornScriptEngine.java:418)
	at jdk.nashorn.api.scripting.NashornScriptEngine.access$300(NashornScriptEngine.java:73)
	at jdk.nashorn.api.scripting.NashornScriptEngine$3.eval(NashornScriptEngine.java:511)
	at javax.script.CompiledScript.eval(CompiledScript.java:92)
	at net.sf.oval.expression.ExpressionLanguageScriptEngineImpl.evaluate(ExpressionLanguageScriptEngineImpl.java:84)
	at net.sf.oval.expression.AbstractExpressionLanguage.evaluateAsBoolean(AbstractExpressionLanguage.java:25)
	at net.sf.oval.AbstractCheck.isActive(AbstractCheck.java:152)
	at net.sf.oval.Validator.checkConstraint(Validator.java:763)
	at net.sf.oval.Validator._validateObjectInvariants(Validator.java:602)
	at net.sf.oval.Validator.validateInvariants(Validator.java:1384)
	at net.sf.oval.guard.Guard.validateInvariants(Guard.java:1124)
	at net.sf.oval.guard.Guard.guardMethodPre(Guard.java:728)
	at net.sf.oval.guard.GuardAspect.ajc$inlineAccessMethod$net_sf_oval_guard_GuardAspect$net_sf_oval_guard_Guard$guardMethodPre(GuardAspect.aj:1)
	at Pojo.getFieldA_aroundBody3$advice(Pojo.java:128)
	at Pojo.getFieldA(Pojo.java:1)
	at jdk.nashorn.internal.scripts.Script$3$\^eval\_.:program(&lt;eval&gt;:1)
	at jdk.nashorn.internal.runtime.ScriptFunctionData.invoke(ScriptFunctionData.java:637)
	at jdk.nashorn.internal.runtime.ScriptFunction.invoke(ScriptFunction.java:494)
	at jdk.nashorn.internal.runtime.ScriptRuntime.apply(ScriptRuntime.java:393)
	at jdk.nashorn.api.scripting.NashornScriptEngine.evalImpl(NashornScriptEngine.java:418)
	at jdk.nashorn.api.scripting.NashornScriptEngine.access$300(NashornScriptEngine.java:73)
	at jdk.nashorn.api.scripting.NashornScriptEngine$3.eval(NashornScriptEngine.java:511)
	at javax.script.CompiledScript.eval(CompiledScript.java:92)
	at net.sf.oval.expression.ExpressionLanguageScriptEngineImpl.evaluate(ExpressionLanguageScriptEngineImpl.java:84)
	at net.sf.oval.expression.AbstractExpressionLanguage.evaluateAsBoolean(AbstractExpressionLanguage.java:25)
	at net.sf.oval.AbstractCheck.isActive(AbstractCheck.java:152)
	at net.sf.oval.Validator.checkConstraint(Validator.java:763)
	at net.sf.oval.Validator._validateObjectInvariants(Validator.java:602)
	at net.sf.oval.Validator.validateInvariants(Validator.java:1384)
	at net.sf.oval.guard.Guard.validateInvariants(Guard.java:1124)
	at net.sf.oval.guard.Guard.guardMethodPre(Guard.java:728)
	at net.sf.oval.guard.GuardAspect.ajc$inlineAccessMethod$net_sf_oval_guard_GuardAspect$net_sf_oval_guard_Guard$guardMethodPre(GuardAspect.aj:1)
	at Pojo.getFieldA_aroundBody3$advice(Pojo.java:128)
	at Pojo.getFieldA(Pojo.java:1)
	at jdk.nashorn.internal.scripts.Script$3$\^eval\_.:program(&lt;eval&gt;:1)
	at jdk.nashorn.internal.runtime.ScriptFunctionData.invoke(ScriptFunctionData.java:637)
	at jdk.nashorn.internal.runtime.ScriptFunction.invoke(ScriptFunction.java:494)
	at jdk.nashorn.internal.runtime.ScriptRuntime.apply(ScriptRuntime.java:393)
	at jdk.nashorn.api.scripting.NashornScriptEngine.evalImpl(NashornScriptEngine.java:418)
	at jdk.nashorn.api.scripting.NashornScriptEngine.access$300(NashornScriptEngine.java:73)
	at jdk.nashorn.api.scripting.NashornScriptEngine$3.eval(NashornScriptEngine.java:511)
	at javax.script.CompiledScript.eval(CompiledScript.java:92)
	at net.sf.oval.expression.ExpressionLanguageScriptEngineImpl.evaluate(ExpressionLanguageScriptEngineImpl.java:84)
	at net.sf.oval.expression.AbstractExpressionLanguage.evaluateAsBoolean(AbstractExpressionLanguage.java:25)
	at net.sf.oval.AbstractCheck.isActive(AbstractCheck.java:152)
	at net.sf.oval.Validator.checkConstraint(Validator.java:763)
	at net.sf.oval.Validator._validateObjectInvariants(Validator.java:602)
	at net.sf.oval.Validator.validateInvariants(Validator.java:1384)
	at net.sf.oval.guard.Guard.validateInvariants(Guard.java:1124)
	at net.sf.oval.guard.Guard.guardMethodPre(Guard.java:728)
	at net.sf.oval.guard.GuardAspect.ajc$inlineAccessMethod$net_sf_oval_guard_GuardAspect$net_sf_oval_guard_Guard$guardMethodPre(GuardAspect.aj:1)
	at Pojo.getFieldA_aroundBody3$advice(Pojo.java:128)
	at Pojo.getFieldA(Pojo.java:1)
	at jdk.nashorn.internal.scripts.Script$3$\^eval\_.:program(&lt;eval&gt;:1)
	at jdk.nashorn.internal.runtime.ScriptFunctionData.invoke(ScriptFunctionData.java:637)
	at jdk.nashorn.internal.runtime.ScriptFunction.invoke(ScriptFunction.java:494)
	at jdk.nashorn.internal.runtime.ScriptRuntime.apply(ScriptRuntime.java:393)
	at jdk.nashorn.api.scripting.NashornScriptEngine.evalImpl(NashornScriptEngine.java:418)
	at jdk.nashorn.api.scripting.NashornScriptEngine.access$300(NashornScriptEngine.java:73)
	at jdk.nashorn.api.scripting.NashornScriptEngine$3.eval(NashornScriptEngine.java:511)
	at javax.script.CompiledScript.eval(CompiledScript.java:92)
	at net.sf.oval.expression.ExpressionLanguageScriptEngineImpl.evaluate(ExpressionLanguageScriptEngineImpl.java:84)
	at net.sf.oval.expression.AbstractExpressionLanguage.evaluateAsBoolean(AbstractExpressionLanguage.java:25)
	at net.sf.oval.AbstractCheck.isActive(AbstractCheck.java:152)
	at net.sf.oval.Validator.checkConstraint(Validator.java:763)
	at net.sf.oval.Validator._validateObjectInvariants(Validator.java:602)
	at net.sf.oval.Validator.validateInvariants(Validator.java:1384)
	at net.sf.oval.guard.Guard.validateInvariants(Guard.java:1124)
	at net.sf.oval.guard.Guard.guardMethodPre(Guard.java:728)
	at net.sf.oval.guard.GuardAspect.ajc$inlineAccessMethod$net_sf_oval_guard_GuardAspect$net_sf_oval_guard_Guard$guardMethodPre(GuardAspect.aj:1)
	at Pojo.getFieldA_aroundBody3$advice(Pojo.java:128)
	at Pojo.getFieldA(Pojo.java:1)
	at jdk.nashorn.internal.scripts.Script$3$\^eval\_.:program(&lt;eval&gt;:1)
	at jdk.nashorn.internal.runtime.ScriptFunctionData.invoke(ScriptFunctionData.java:637)
	at jdk.nashorn.internal.runtime.ScriptFunction.invoke(ScriptFunction.java:494)
	at jdk.nashorn.internal.runtime.ScriptRuntime.apply(ScriptRuntime.java:393)
	at jdk.nashorn.api.scripting.NashornScriptEngine.evalImpl(NashornScriptEngine.java:418)
	at jdk.nashorn.api.scripting.NashornScriptEngine.access$300(NashornScriptEngine.java:73)
	at jdk.nashorn.api.scripting.NashornScriptEngine$3.eval(NashornScriptEngine.java:511)
	at javax.script.CompiledScript.eval(CompiledScript.java:92)
	at net.sf.oval.expression.ExpressionLanguageScriptEngineImpl.evaluate(ExpressionLanguageScriptEngineImpl.java:84)
	at net.sf.oval.expression.AbstractExpressionLanguage.evaluateAsBoolean(AbstractExpressionLanguage.java:25)
	at net.sf.oval.AbstractCheck.isActive(AbstractCheck.java:152)
	at net.sf.oval.Validator.checkConstraint(Validator.java:763)
	at net.sf.oval.Validator._validateObjectInvariants(Validator.java:602)
	at net.sf.oval.Validator.validateInvariants(Validator.java:1384)
	at net.sf.oval.guard.Guard.validateInvariants(Guard.java:1124)
	at net.sf.oval.guard.Guard.guardMethodPre(Guard.java:728)
	at net.sf.oval.guard.GuardAspect.ajc$inlineAccessMethod$net_sf_oval_guard_GuardAspect$net_sf_oval_guard_Guard$guardMethodPre(GuardAspect.aj:1)
	at Pojo.getFieldA_aroundBody3$advice(Pojo.java:128)
	at Pojo.getFieldA(Pojo.java:1)
	at jdk.nashorn.internal.scripts.Script$3$\^eval\_.:program(&lt;eval&gt;:1)
	at jdk.nashorn.internal.runtime.ScriptFunctionData.invoke(ScriptFunctionData.java:637)
	at jdk.nashorn.internal.runtime.ScriptFunction.invoke(ScriptFunction.java:494)
	at jdk.nashorn.internal.runtime.ScriptRuntime.apply(ScriptRuntime.java:393)
	at jdk.nashorn.api.scripting.NashornScriptEngine.evalImpl(NashornScriptEngine.java:418)
	at jdk.nashorn.api.scripting.NashornScriptEngine.access$300(NashornScriptEngine.java:73)
	at jdk.nashorn.api.scripting.NashornScriptEngine$3.eval(NashornScriptEngine.java:511)
	at javax.script.CompiledScript.eval(CompiledScript.java:92)
	at net.sf.oval.expression.ExpressionLanguageScriptEngineImpl.evaluate(ExpressionLanguageScriptEngineImpl.java:84)
	at net.sf.oval.expression.AbstractExpressionLanguage.evaluateAsBoolean(AbstractExpressionLanguage.java:25)
	at net.sf.oval.AbstractCheck.isActive(AbstractCheck.java:152)
	at net.sf.oval.Validator.checkConstraint(Validator.java:763)
	at net.sf.oval.Validator._validateObjectInvariants(Validator.java:602)
	at net.sf.oval.Validator.validateInvariants(Validator.java:1384)
	at net.sf.oval.guard.Guard.validateInvariants(Guard.java:1124)
	at net.sf.oval.guard.Guard.guardMethodPre(Guard.java:728)
	at net.sf.oval.guard.GuardAspect.ajc$inlineAccessMethod$net_sf_oval_guard_GuardAspect$net_sf_oval_guard_Guard$guardMethodPre(GuardAspect.aj:1)
	at Pojo.getFieldA_aroundBody3$advice(Pojo.java:128)
	at Pojo.getFieldA(Pojo.java:1)
	at jdk.nashorn.internal.scripts.Script$3$\^eval\_.:program(&lt;eval&gt;:1)
	at jdk.nashorn.internal.runtime.ScriptFunctionData.invoke(ScriptFunctionData.java:637)
	at jdk.nashorn.internal.runtime.ScriptFunction.invoke(ScriptFunction.java:494)
	at jdk.nashorn.internal.runtime.ScriptRuntime.apply(ScriptRuntime.java:393)
	at jdk.nashorn.api.scripting.NashornScriptEngine.evalImpl(NashornScriptEngine.java:418)
	at jdk.nashorn.api.scripting.NashornScriptEngine.access$300(NashornScriptEngine.java:73)
	at jdk.nashorn.api.scripting.NashornScriptEngine$3.eval(NashornScriptEngine.java:511)
	at javax.script.CompiledScript.eval(CompiledScript.java:92)
	at net.sf.oval.expression.ExpressionLanguageScriptEngineImpl.evaluate(ExpressionLanguageScriptEngineImpl.java:84)
	at net.sf.oval.expression.AbstractExpressionLanguage.evaluateAsBoolean(AbstractExpressionLanguage.java:25)
	at net.sf.oval.AbstractCheck.isActive(AbstractCheck.java:152)
	at net.sf.oval.Validator.checkConstraint(Validator.java:763)
	at net.sf.oval.Validator._validateObjectInvariants(Validator.java:602)
	at net.sf.oval.Validator.validateInvariants(Validator.java:1384)
	at net.sf.oval.guard.Guard.validateInvariants(Guard.java:1124)
	at net.sf.oval.guard.Guard.guardMethodPre(Guard.java:728)
	at net.sf.oval.guard.GuardAspect.ajc$inlineAccessMethod$net_sf_oval_guard_GuardAspect$net_sf_oval_guard_Guard$guardMethodPre(GuardAspect.aj:1)
	at Pojo.getFieldA_aroundBody3$advice(Pojo.java:128)
	at Pojo.getFieldA(Pojo.java:1)
	at jdk.nashorn.internal.scripts.Script$3$\^eval\_.:program(&lt;eval&gt;:1)
	at jdk.nashorn.internal.runtime.ScriptFunctionData.invoke(ScriptFunctionData.java:637)
	at jdk.nashorn.internal.runtime.ScriptFunction.invoke(ScriptFunction.java:494)
	at jdk.nashorn.internal.runtime.ScriptRuntime.apply(ScriptRuntime.java:393)
	at jdk.nashorn.api.scripting.NashornScriptEngine.evalImpl(NashornScriptEngine.java:418)
	at jdk.nashorn.api.scripting.NashornScriptEngine.access$300(NashornScriptEngine.java:73)
	at jdk.nashorn.api.scripting.NashornScriptEngine$3.eval(NashornScriptEngine.java:511)
	at javax.script.CompiledScript.eval(CompiledScript.java:92)
	at net.sf.oval.expression.ExpressionLanguageScriptEngineImpl.evaluate(ExpressionLanguageScriptEngineImpl.java:84)
	at net.sf.oval.expression.AbstractExpressionLanguage.evaluateAsBoolean(AbstractExpressionLanguage.java:25)
	at net.sf.oval.AbstractCheck.isActive(AbstractCheck.java:152)
	at net.sf.oval.Validator.checkConstraint(Validator.java:763)
	at net.sf.oval.Validator._validateObjectInvariants(Validator.java:602)
	at net.sf.oval.Validator.validateInvariants(Validator.java:1384)
	at net.sf.oval.guard.Guard.validateInvariants(Guard.java:1124)
	at net.sf.oval.guard.Guard.guardMethodPre(Guard.java:728)
	at net.sf.oval.guard.GuardAspect.ajc$inlineAccessMethod$net_sf_oval_guard_GuardAspect$net_sf_oval_guard_Guard$guardMethodPre(GuardAspect.aj:1)
	at Pojo.getFieldA_aroundBody3$advice(Pojo.java:128)
	at Pojo.getFieldA(Pojo.java:1)
	at jdk.nashorn.internal.scripts.Script$3$\^eval\_.:program(&lt;eval&gt;:1)
	at jdk.nashorn.internal.runtime.ScriptFunctionData.invoke(ScriptFunctionData.java:637)
	at jdk.nashorn.internal.runtime.ScriptFunction.invoke(ScriptFunction.java:494)
	at jdk.nashorn.internal.runtime.ScriptRuntime.apply(ScriptRuntime.java:393)
	at jdk.nashorn.api.scripting.NashornScriptEngine.evalImpl(NashornScriptEngine.java:418)
	at jdk.nashorn.api.scripting.NashornScriptEngine.access$300(NashornScriptEngine.java:73)
	at jdk.nashorn.api.scripting.NashornScriptEngine$3.eval(NashornScriptEngine.java:511)
	at javax.script.CompiledScript.eval(CompiledScript.java:92)
	at net.sf.oval.expression.ExpressionLanguageScriptEngineImpl.evaluate(ExpressionLanguageScriptEngineImpl.java:84)
	at net.sf.oval.expression.AbstractExpressionLanguage.evaluateAsBoolean(AbstractExpressionLanguage.java:25)
	at net.sf.oval.AbstractCheck.isActive(AbstractCheck.java:152)
	at net.sf.oval.Validator.checkConstraint(Validator.java:763)
	at net.sf.oval.Validator._validateObjectInvariants(Validator.java:602)
	at net.sf.oval.Validator.validateInvariants(Validator.java:1384)
	at net.sf.oval.guard.Guard.validateInvariants(Guard.java:1124)
	at net.sf.oval.guard.Guard.guardMethodPre(Guard.java:728)
	at net.sf.oval.guard.GuardAspect.ajc$inlineAccessMethod$net_sf_oval_guard_GuardAspect$net_sf_oval_guard_Guard$guardMethodPre(GuardAspect.aj:1)
	at Pojo.getFieldA_aroundBody3$advice(Pojo.java:128)
	at Pojo.getFieldA(Pojo.java:1)
	at jdk.nashorn.internal.scripts.Script$3$\^eval\_.:program(&lt;eval&gt;:1)
	at jdk.nashorn.internal.runtime.ScriptFunctionData.invoke(ScriptFunctionData.java:637)
	at jdk.nashorn.internal.runtime.ScriptFunction.invoke(ScriptFunction.java:494)
	at jdk.nashorn.internal.runtime.ScriptRuntime.apply(ScriptRuntime.java:393)
	at jdk.nashorn.api.scripting.NashornScriptEngine.evalImpl(NashornScriptEngine.java:418)
	at jdk.nashorn.api.scripting.NashornScriptEngine.access$300(NashornScriptEngine.java:73)
	at jdk.nashorn.api.scripting.NashornScriptEngine$3.eval(NashornScriptEngine.java:511)
	at javax.script.CompiledScript.eval(CompiledScript.java:92)
	at net.sf.oval.expression.ExpressionLanguageScriptEngineImpl.evaluate(ExpressionLanguageScriptEngineImpl.java:84)
	at net.sf.oval.expression.AbstractExpressionLanguage.evaluateAsBoolean(AbstractExpressionLanguage.java:25)
	at net.sf.oval.AbstractCheck.isActive(AbstractCheck.java:152)
	at net.sf.oval.Validator.checkConstraint(Validator.java:763)
	at net.sf.oval.Validator._validateObjectInvariants(Validator.java:602)
	at net.sf.oval.Validator.validateInvariants(Validator.java:1384)
	at net.sf.oval.guard.Guard.validateInvariants(Guard.java:1124)
	at net.sf.oval.guard.Guard.guardMethodPre(Guard.java:728)
	at net.sf.oval.guard.GuardAspect.ajc$inlineAccessMethod$net_sf_oval_guard_GuardAspect$net_sf_oval_guard_Guard$guardMethodPre(GuardAspect.aj:1)
	at Pojo.getFieldA_aroundBody3$advice(Pojo.java:128)
	at Pojo.getFieldA(Pojo.java:1)
	at jdk.nashorn.internal.scripts.Script$3$\^eval\_.:program(&lt;eval&gt;:1)
	at jdk.nashorn.internal.runtime.ScriptFunctionData.invoke(ScriptFunctionData.java:637)
	at jdk.nashorn.internal.runtime.ScriptFunction.invoke(ScriptFunction.java:494)
	at jdk.nashorn.internal.runtime.ScriptRuntime.apply(ScriptRuntime.java:393)
	at jdk.nashorn.api.scripting.NashornScriptEngine.evalImpl(NashornScriptEngine.java:418)
	at jdk.nashorn.api.scripting.NashornScriptEngine.access$300(NashornScriptEngine.java:73)
	at jdk.nashorn.api.scripting.NashornScriptEngine$3.eval(NashornScriptEngine.java:511)
	at javax.script.CompiledScript.eval(CompiledScript.java:92)
	at net.sf.oval.expression.ExpressionLanguageScriptEngineImpl.evaluate(ExpressionLanguageScriptEngineImpl.java:84)
	at net.sf.oval.expression.AbstractExpressionLanguage.evaluateAsBoolean(AbstractExpressionLanguage.java:25)
	at net.sf.oval.AbstractCheck.isActive(AbstractCheck.java:152)
	at net.sf.oval.Validator.checkConstraint(Validator.java:763)
	at net.sf.oval.Validator._validateObjectInvariants(Validator.java:602)
	at net.sf.oval.Validator.validateInvariants(Validator.java:1384)
	at net.sf.oval.guard.Guard.validateInvariants(Guard.java:1124)
	at net.sf.oval.guard.Guard.guardMethodPre(Guard.java:728)
	at net.sf.oval.guard.GuardAspect.ajc$inlineAccessMethod$net_sf_oval_guard_GuardAspect$net_sf_oval_guard_Guard$guardMethodPre(GuardAspect.aj:1)
	at Pojo.getFieldA_aroundBody3$advice(Pojo.java:128)
	at Pojo.getFieldA(Pojo.java:1)
	at jdk.nashorn.internal.scripts.Script$3$\^eval\_.:program(&lt;eval&gt;:1)
	at jdk.nashorn.internal.runtime.ScriptFunctionData.invoke(ScriptFunctionData.java:637)
	at jdk.nashorn.internal.runtime.ScriptFunction.invoke(ScriptFunction.java:494)
	at jdk.nashorn.internal.runtime.ScriptRuntime.apply(ScriptRuntime.java:393)
	at jdk.nashorn.api.scripting.NashornScriptEngine.evalImpl(NashornScriptEngine.java:418)
	at jdk.nashorn.api.scripting.NashornScriptEngine.access$300(NashornScriptEngine.java:73)
	at jdk.nashorn.api.scripting.NashornScriptEngine$3.eval(NashornScriptEngine.java:511)
	at javax.script.CompiledScript.eval(CompiledScript.java:92)
	at net.sf.oval.expression.ExpressionLanguageScriptEngineImpl.evaluate(ExpressionLanguageScriptEngineImpl.java:84)
	at net.sf.oval.expression.AbstractExpressionLanguage.evaluateAsBoolean(AbstractExpressionLanguage.java:25)
	at net.sf.oval.AbstractCheck.isActive(AbstractCheck.java:152)
	at net.sf.oval.Validator.checkConstraint(Validator.java:763)
	at net.sf.oval.Validator._validateObjectInvariants(Validator.java:602)
	at net.sf.oval.Validator.validateInvariants(Validator.java:1384)
	at net.sf.oval.guard.Guard.validateInvariants(Guard.java:1124)
	at net.sf.oval.guard.Guard.guardMethodPre(Guard.java:728)
	at net.sf.oval.guard.GuardAspect.ajc$inlineAccessMethod$net_sf_oval_guard_GuardAspect$net_sf_oval_guard_Guard$guardMethodPre(GuardAspect.aj:1)
	at Pojo.getFieldA_aroundBody3$advice(Pojo.java:128)
	at Pojo.getFieldA(Pojo.java:1)
	at jdk.nashorn.internal.scripts.Script$3$\^eval\_.:program(&lt;eval&gt;:1)
	at jdk.nashorn.internal.runtime.ScriptFunctionData.invoke(ScriptFunctionData.java:637)
	at jdk.nashorn.internal.runtime.ScriptFunction.invoke(ScriptFunction.java:494)
	at jdk.nashorn.internal.runtime.ScriptRuntime.apply(ScriptRuntime.java:393)
	at jdk.nashorn.api.scripting.NashornScriptEngine.evalImpl(NashornScriptEngine.java:418)
	at jdk.nashorn.api.scripting.NashornScriptEngine.access$300(NashornScriptEngine.java:73)
	at jdk.nashorn.api.scripting.NashornScriptEngine$3.eval(NashornScriptEngine.java:511)
	at javax.script.CompiledScript.eval(CompiledScript.java:92)
	at net.sf.oval.expression.ExpressionLanguageScriptEngineImpl.evaluate(ExpressionLanguageScriptEngineImpl.java:84)
	at net.sf.oval.expression.AbstractExpressionLanguage.evaluateAsBoolean(AbstractExpressionLanguage.java:25)
	at net.sf.oval.AbstractCheck.isActive(AbstractCheck.java:152)
	at net.sf.oval.Validator.checkConstraint(Validator.java:763)
	at net.sf.oval.Validator._validateObjectInvariants(Validator.java:602)
	at net.sf.oval.Validator.validateInvariants(Validator.java:1384)
	at net.sf.oval.guard.Guard.validateInvariants(Guard.java:1124)
	at net.sf.oval.guard.Guard.guardMethodPre(Guard.java:728)
	at net.sf.oval.guard.GuardAspect.ajc$inlineAccessMethod$net_sf_oval_guard_GuardAspect$net_sf_oval_guard_Guard$guardMethodPre(GuardAspect.aj:1)
	at Pojo.getFieldA_aroundBody3$advice(Pojo.java:128)
	at Pojo.getFieldA(Pojo.java:1)
	at jdk.nashorn.internal.scripts.Script$3$\^eval\_.:program(&lt;eval&gt;:1)
	at jdk.nashorn.internal.runtime.ScriptFunctionData.invoke(ScriptFunctionData.java:637)
	at jdk.nashorn.internal.runtime.ScriptFunction.invoke(ScriptFunction.java:494)
	at jdk.nashorn.internal.runtime.ScriptRuntime.apply(ScriptRuntime.java:393)
	at jdk.nashorn.api.scripting.NashornScriptEngine.evalImpl(NashornScriptEngine.java:418)
	at jdk.nashorn.api.scripting.NashornScriptEngine.access$300(NashornScriptEngine.java:73)
	at jdk.nashorn.api.scripting.NashornScriptEngine$3.eval(NashornScriptEngine.java:511)
	at javax.script.CompiledScript.eval(CompiledScript.java:92)
	at net.sf.oval.expression.ExpressionLanguageScriptEngineImpl.evaluate(ExpressionLanguageScriptEngineImpl.java:84)
	at net.sf.oval.expression.AbstractExpressionLanguage.evaluateAsBoolean(AbstractExpressionLanguage.java:25)
	at net.sf.oval.AbstractCheck.isActive(AbstractCheck.java:152)
	at net.sf.oval.Validator.checkConstraint(Validator.java:763)
	at net.sf.oval.Validator._validateObjectInvariants(Validator.java:602)
	at net.sf.oval.Validator.validateInvariants(Validator.java:1384)
	at net.sf.oval.guard.Guard.validateInvariants(Guard.java:1124)
	at net.sf.oval.guard.Guard.guardMethodPre(Guard.java:728)
	at net.sf.oval.guard.GuardAspect.ajc$inlineAccessMethod$net_sf_oval_guard_GuardAspect$net_sf_oval_guard_Guard$guardMethodPre(GuardAspect.aj:1)
	at Pojo.getFieldA_aroundBody3$advice(Pojo.java:128)
	at Pojo.getFieldA(Pojo.java:1)
	at jdk.nashorn.internal.scripts.Script$3$\^eval\_.:program(&lt;eval&gt;:1)
	at jdk.nashorn.internal.runtime.ScriptFunctionData.invoke(ScriptFunctionData.java:637)
	at jdk.nashorn.internal.runtime.ScriptFunction.invoke(ScriptFunction.java:494)
	at jdk.nashorn.internal.runtime.ScriptRuntime.apply(ScriptRuntime.java:393)
	at jdk.nashorn.api.scripting.NashornScriptEngine.evalImpl(NashornScriptEngine.java:418)
	at jdk.nashorn.api.scripting.NashornScriptEngine.access$300(NashornScriptEngine.java:73)
	at jdk.nashorn.api.scripting.NashornScriptEngine$3.eval(NashornScriptEngine.java:511)
	at javax.script.CompiledScript.eval(CompiledScript.java:92)
	at net.sf.oval.expression.ExpressionLanguageScriptEngineImpl.evaluate(ExpressionLanguageScriptEngineImpl.java:84)
	at net.sf.oval.expression.AbstractExpressionLanguage.evaluateAsBoolean(AbstractExpressionLanguage.java:25)
	at net.sf.oval.AbstractCheck.isActive(AbstractCheck.java:152)
	at net.sf.oval.Validator.checkConstraint(Validator.java:763)
	at net.sf.oval.Validator._validateObjectInvariants(Validator.java:602)
	at net.sf.oval.Validator.validateInvariants(Validator.java:1384)
	at net.sf.oval.guard.Guard.validateInvariants(Guard.java:1124)
	at net.sf.oval.guard.Guard.guardMethodPre(Guard.java:728)
	at net.sf.oval.guard.GuardAspect.ajc$inlineAccessMethod$net_sf_oval_guard_GuardAspect$net_sf_oval_guard_Guard$guardMethodPre(GuardAspect.aj:1)
	at Pojo.getFieldA_aroundBody3$advice(Pojo.java:128)
	at Pojo.getFieldA(Pojo.java:1)
	at jdk.nashorn.internal.scripts.Script$3$\^eval\_.:program(&lt;eval&gt;:1)
	at jdk.nashorn.internal.runtime.ScriptFunctionData.invoke(ScriptFunctionData.java:637)
	at jdk.nashorn.internal.runtime.ScriptFunction.invoke(ScriptFunction.java:494)
	at jdk.nashorn.internal.runtime.ScriptRuntime.apply(ScriptRuntime.java:393)
	at jdk.nashorn.api.scripting.NashornScriptEngine.evalImpl(NashornScriptEngine.java:418)
	at jdk.nashorn.api.scripting.NashornScriptEngine.access$300(NashornScriptEngine.java:73)
	at jdk.nashorn.api.scripting.NashornScriptEngine$3.eval(NashornScriptEngine.java:511)
	at javax.script.CompiledScript.eval(CompiledScript.java:92)
	at net.sf.oval.expression.ExpressionLanguageScriptEngineImpl.evaluate(ExpressionLanguageScriptEngineImpl.java:84)
	at net.sf.oval.expression.AbstractExpressionLanguage.evaluateAsBoolean(AbstractExpressionLanguage.java:25)
	at net.sf.oval.AbstractCheck.isActive(AbstractCheck.java:152)
	at net.sf.oval.Validator.checkConstraint(Validator.java:763)
	at net.sf.oval.Validator._validateObjectInvariants(Validator.java:602)
	at net.sf.oval.Validator.validateInvariants(Validator.java:1384)
	at net.sf.oval.guard.Guard.validateInvariants(Guard.java:1124)
	at net.sf.oval.guard.Guard.guardMethodPre(Guard.java:728)
	at net.sf.oval.guard.GuardAspect.ajc$inlineAccessMethod$net_sf_oval_guard_GuardAspect$net_sf_oval_guard_Guard$guardMethodPre(GuardAspect.aj:1)
	at Pojo.getFieldA_aroundBody3$advice(Pojo.java:128)
	at Pojo.getFieldA(Pojo.java:1)
	at jdk.nashorn.internal.scripts.Script$3$\^eval\_.:program(&lt;eval&gt;:1)
	at jdk.nashorn.internal.runtime.ScriptFunctionData.invoke(ScriptFunctionData.java:637)
	at jdk.nashorn.internal.runtime.ScriptFunction.invoke(ScriptFunction.java:494)
	at jdk.nashorn.internal.runtime.ScriptRuntime.apply(ScriptRuntime.java:393)
	at jdk.nashorn.api.scripting.NashornScriptEngine.evalImpl(NashornScriptEngine.java:418)
	at jdk.nashorn.api.scripting.NashornScriptEngine.access$300(NashornScriptEngine.java:73)
	at jdk.nashorn.api.scripting.NashornScriptEngine$3.eval(NashornScriptEngine.java:511)
	at javax.script.CompiledScript.eval(CompiledScript.java:92)
	at net.sf.oval.expression.ExpressionLanguageScriptEngineImpl.evaluate(ExpressionLanguageScriptEngineImpl.java:84)
	at net.sf.oval.expression.AbstractExpressionLanguage.evaluateAsBoolean(AbstractExpressionLanguage.java:25)
	at net.sf.oval.AbstractCheck.isActive(AbstractCheck.java:152)
	at net.sf.oval.Validator.checkConstraint(Validator.java:763)
	at net.sf.oval.Validator._validateObjectInvariants(Validator.java:602)
	at net.sf.oval.Validator.validateInvariants(Validator.java:1384)
	at net.sf.oval.guard.Guard.validateInvariants(Guard.java:1124)
	at net.sf.oval.guard.Guard.guardMethodPre(Guard.java:728)
	at net.sf.oval.guard.GuardAspect.ajc$inlineAccessMethod$net_sf_oval_guard_GuardAspect$net_sf_oval_guard_Guard$guardMethodPre(GuardAspect.aj:1)
	at Pojo.getFieldA_aroundBody3$advice(Pojo.java:128)
	at Pojo.getFieldA(Pojo.java:1)
	at jdk.nashorn.internal.scripts.Script$3$\^eval\_.:program(&lt;eval&gt;:1)
	at jdk.nashorn.internal.runtime.ScriptFunctionData.invoke(ScriptFunctionData.java:637)
	at jdk.nashorn.internal.runtime.ScriptFunction.invoke(ScriptFunction.java:494)
	at jdk.nashorn.internal.runtime.ScriptRuntime.apply(ScriptRuntime.java:393)
	at jdk.nashorn.api.scripting.NashornScriptEngine.evalImpl(NashornScriptEngine.java:418)
	at jdk.nashorn.api.scripting.NashornScriptEngine.access$300(NashornScriptEngine.java:73)
	at jdk.nashorn.api.scripting.NashornScriptEngine$3.eval(NashornScriptEngine.java:511)
	at javax.script.CompiledScript.eval(CompiledScript.java:92)
	at net.sf.oval.expression.ExpressionLanguageScriptEngineImpl.evaluate(ExpressionLanguageScriptEngineImpl.java:84)
	at net.sf.oval.expression.AbstractExpressionLanguage.evaluateAsBoolean(AbstractExpressionLanguage.java:25)
	at net.sf.oval.AbstractCheck.isActive(AbstractCheck.java:152)
	at net.sf.oval.Validator.checkConstraint(Validator.java:763)
	at net.sf.oval.Validator._validateObjectInvariants(Validator.java:602)
	at net.sf.oval.Validator.validateInvariants(Validator.java:1384)
	at net.sf.oval.guard.Guard.validateInvariants(Guard.java:1124)
	at net.sf.oval.guard.Guard.guardMethodPre(Guard.java:728)
	at net.sf.oval.guard.GuardAspect.ajc$inlineAccessMethod$net_sf_oval_guard_GuardAspect$net_sf_oval_guard_Guard$guardMethodPre(GuardAspect.aj:1)
	at Pojo.getFieldA_aroundBody3$advice(Pojo.java:128)
	at Pojo.getFieldA(Pojo.java:1)
	at jdk.nashorn.internal.scripts.Script$3$\^eval\_.:program(&lt;eval&gt;:1)
	at jdk.nashorn.internal.runtime.ScriptFunctionData.invoke(ScriptFunctionData.java:637)
	at jdk.nashorn.internal.runtime.ScriptFunction.invoke(ScriptFunction.java:494)
	at jdk.nashorn.internal.runtime.ScriptRuntime.apply(ScriptRuntime.java:393)
	at jdk.nashorn.api.scripting.NashornScriptEngine.evalImpl(NashornScriptEngine.java:418)
	at jdk.nashorn.api.scripting.NashornScriptEngine.access$300(NashornScriptEngine.java:73)
	at jdk.nashorn.api.scripting.NashornScriptEngine$3.eval(NashornScriptEngine.java:511)
	at javax.script.CompiledScript.eval(CompiledScript.java:92)
	at net.sf.oval.expression.ExpressionLanguageScriptEngineImpl.evaluate(ExpressionLanguageScriptEngineImpl.java:84)
	at net.sf.oval.expression.AbstractExpressionLanguage.evaluateAsBoolean(AbstractExpressionLanguage.java:25)
	at net.sf.oval.AbstractCheck.isActive(AbstractCheck.java:152)
	at net.sf.oval.Validator.checkConstraint(Validator.java:763)
	at net.sf.oval.Validator._validateObjectInvariants(Validator.java:602)
	at net.sf.oval.Validator.validateInvariants(Validator.java:1384)
	at net.sf.oval.guard.Guard.validateInvariants(Guard.java:1124)
	at net.sf.oval.guard.Guard.guardMethodPre(Guard.java:728)
	at net.sf.oval.guard.GuardAspect.ajc$inlineAccessMethod$net_sf_oval_guard_GuardAspect$net_sf_oval_guard_Guard$guardMethodPre(GuardAspect.aj:1)
	at Pojo.getFieldA_aroundBody3$advice(Pojo.java:128)
	at Pojo.getFieldA(Pojo.java:1)
	at jdk.nashorn.internal.scripts.Script$3$\^eval\_.:program(&lt;eval&gt;:1)
	at jdk.nashorn.internal.runtime.ScriptFunctionData.invoke(ScriptFunctionData.java:637)
	at jdk.nashorn.internal.runtime.ScriptFunction.invoke(ScriptFunction.java:494)
	at jdk.nashorn.internal.runtime.ScriptRuntime.apply(ScriptRuntime.java:393)
	at jdk.nashorn.api.scripting.NashornScriptEngine.evalImpl(NashornScriptEngine.java:418)
	at jdk.nashorn.api.scripting.NashornScriptEngine.access$300(NashornScriptEngine.java:73)
	at jdk.nashorn.api.scripting.NashornScriptEngine$3.eval(NashornScriptEngine.java:511)
	at javax.script.CompiledScript.eval(CompiledScript.java:92)
	at net.sf.oval.expression.ExpressionLanguageScriptEngineImpl.evaluate(ExpressionLanguageScriptEngineImpl.java:84)
	at net.sf.oval.expression.AbstractExpressionLanguage.evaluateAsBoolean(AbstractExpressionLanguage.java:25)
	at net.sf.oval.AbstractCheck.isActive(AbstractCheck.java:152)
	at net.sf.oval.Validator.checkConstraint(Validator.java:763)
	at net.sf.oval.Validator._validateObjectInvariants(Validator.java:602)
	at net.sf.oval.Validator.validateInvariants(Validator.java:1384)
	at net.sf.oval.guard.Guard.validateInvariants(Guard.java:1124)
	at net.sf.oval.guard.Guard.guardMethodPre(Guard.java:728)
	at net.sf.oval.guard.GuardAspect.ajc$inlineAccessMethod$net_sf_oval_guard_GuardAspect$net_sf_oval_guard_Guard$guardMethodPre(GuardAspect.aj:1)
	at Pojo.getFieldA_aroundBody3$advice(Pojo.java:128)
	at Pojo.getFieldA(Pojo.java:1)
	at jdk.nashorn.internal.scripts.Script$3$\^eval\_.:program(&lt;eval&gt;:1)
	at jdk.nashorn.internal.runtime.ScriptFunctionData.invoke(ScriptFunctionData.java:637)
	at jdk.nashorn.internal.runtime.ScriptFunction.invoke(ScriptFunction.java:494)
	at jdk.nashorn.internal.runtime.ScriptRuntime.apply(ScriptRuntime.java:393)
	at jdk.nashorn.api.scripting.NashornScriptEngine.evalImpl(NashornScriptEngine.java:418)
	at jdk.nashorn.api.scripting.NashornScriptEngine.access$300(NashornScriptEngine.java:73)
	at jdk.nashorn.api.scripting.NashornScriptEngine$3.eval(NashornScriptEngine.java:511)
	at javax.script.CompiledScript.eval(CompiledScript.java:92)
	at net.sf.oval.expression.ExpressionLanguageScriptEngineImpl.evaluate(ExpressionLanguageScriptEngineImpl.java:84)
	at net.sf.oval.expression.AbstractExpressionLanguage.evaluateAsBoolean(AbstractExpressionLanguage.java:25)
	at net.sf.oval.AbstractCheck.isActive(AbstractCheck.java:152)
	at net.sf.oval.Validator.checkConstraint(Validator.java:763)
	at net.sf.oval.Validator._validateObjectInvariants(Validator.java:602)
	at net.sf.oval.Validator.validateInvariants(Validator.java:1384)
	at net.sf.oval.guard.Guard.validateInvariants(Guard.java:1124)
	at net.sf.oval.guard.Guard.guardMethodPre(Guard.java:728)
	at net.sf.oval.guard.GuardAspect.ajc$inlineAccessMethod$net_sf_oval_guard_GuardAspect$net_sf_oval_guard_Guard$guardMethodPre(GuardAspect.aj:1)
	at Pojo.getFieldA_aroundBody3$advice(Pojo.java:128)
	at Pojo.getFieldA(Pojo.java:1)
	at jdk.nashorn.internal.scripts.Script$3$\^eval\_.:program(&lt;eval&gt;:1)
	at jdk.nashorn.internal.runtime.ScriptFunctionData.invoke(ScriptFunctionData.java:637)
	at jdk.nashorn.internal.runtime.ScriptFunction.invoke(ScriptFunction.java:494)
	at jdk.nashorn.internal.runtime.ScriptRuntime.apply(ScriptRuntime.java:393)
	at jdk.nashorn.api.scripting.NashornScriptEngine.evalImpl(NashornScriptEngine.java:418)
	at jdk.nashorn.api.scripting.NashornScriptEngine.access$300(NashornScriptEngine.java:73)
	at jdk.nashorn.api.scripting.NashornScriptEngine$3.eval(NashornScriptEngine.java:511)
	at javax.script.CompiledScript.eval(CompiledScript.java:92)
	at net.sf.oval.expression.ExpressionLanguageScriptEngineImpl.evaluate(ExpressionLanguageScriptEngineImpl.java:84)
	at net.sf.oval.expression.AbstractExpressionLanguage.evaluateAsBoolean(AbstractExpressionLanguage.java:25)
	at net.sf.oval.AbstractCheck.isActive(AbstractCheck.java:152)
	at net.sf.oval.Validator.checkConstraint(Validator.java:763)
	at net.sf.oval.Validator._validateObjectInvariants(Validator.java:602)
	at net.sf.oval.Validator.validateInvariants(Validator.java:1384)
	at net.sf.oval.guard.Guard.validateInvariants(Guard.java:1124)
	at net.sf.oval.guard.Guard.guardMethodPre(Guard.java:728)
	at net.sf.oval.guard.GuardAspect.ajc$inlineAccessMethod$net_sf_oval_guard_GuardAspect$net_sf_oval_guard_Guard$guardMethodPre(GuardAspect.aj:1)
	at Pojo.getFieldA_aroundBody3$advice(Pojo.java:128)
	at Pojo.getFieldA(Pojo.java:1)
	at jdk.nashorn.internal.scripts.Script$3$\^eval\_.:program(&lt;eval&gt;:1)
	at jdk.nashorn.internal.runtime.ScriptFunctionData.invoke(ScriptFunctionData.java:637)
	at jdk.nashorn.internal.runtime.ScriptFunction.invoke(ScriptFunction.java:494)
	at jdk.nashorn.internal.runtime.ScriptRuntime.apply(ScriptRuntime.java:393)
	at jdk.nashorn.api.scripting.NashornScriptEngine.evalImpl(NashornScriptEngine.java:418)
	at jdk.nashorn.api.scripting.NashornScriptEngine.access$300(NashornScriptEngine.java:73)
	at jdk.nashorn.api.scripting.NashornScriptEngine$3.eval(NashornScriptEngine.java:511)
	at javax.script.CompiledScript.eval(CompiledScript.java:92)
	at net.sf.oval.expression.ExpressionLanguageScriptEngineImpl.evaluate(ExpressionLanguageScriptEngineImpl.java:84)
	at net.sf.oval.expression.AbstractExpressionLanguage.evaluateAsBoolean(AbstractExpressionLanguage.java:25)
	at net.sf.oval.AbstractCheck.isActive(AbstractCheck.java:152)
	at net.sf.oval.Validator.checkConstraint(Validator.java:763)
	at net.sf.oval.Validator._validateObjectInvariants(Validator.java:602)
	at net.sf.oval.Validator.validateInvariants(Validator.java:1384)
	at net.sf.oval.guard.Guard.validateInvariants(Guard.java:1124)
	at net.sf.oval.guard.Guard.guardMethodPre(Guard.java:728)
	at net.sf.oval.guard.GuardAspect.ajc$inlineAccessMethod$net_sf_oval_guard_GuardAspect$net_sf_oval_guard_Guard$guardMethodPre(GuardAspect.aj:1)
	at Pojo.getFieldA_aroundBody3$advice(Pojo.java:128)
	at Pojo.getFieldA(Pojo.java:1)
	at jdk.nashorn.internal.scripts.Script$3$\^eval\_.:program(&lt;eval&gt;:1)
	at jdk.nashorn.internal.runtime.ScriptFunctionData.invoke(ScriptFunctionData.java:637)
	at jdk.nashorn.internal.runtime.ScriptFunction.invoke(ScriptFunction.java:494)
	at jdk.nashorn.internal.runtime.ScriptRuntime.apply(ScriptRuntime.java:393)
	at jdk.nashorn.api.scripting.NashornScriptEngine.evalImpl(NashornScriptEngine.java:418)
	at jdk.nashorn.api.scripting.NashornScriptEngine.access$300(NashornScriptEngine.java:73)
	at jdk.nashorn.api.scripting.NashornScriptEngine$3.eval(NashornScriptEngine.java:511)
	at javax.script.CompiledScript.eval(CompiledScript.java:92)
	at net.sf.oval.expression.ExpressionLanguageScriptEngineImpl.evaluate(ExpressionLanguageScriptEngineImpl.java:84)
	at net.sf.oval.expression.AbstractExpressionLanguage.evaluateAsBoolean(AbstractExpressionLanguage.java:25)
	at net.sf.oval.AbstractCheck.isActive(AbstractCheck.java:152)
	at net.sf.oval.Validator.checkConstraint(Validator.java:763)
	at net.sf.oval.Validator._validateObjectInvariants(Validator.java:602)
	at net.sf.oval.Validator.validateInvariants(Validator.java:1384)
	at net.sf.oval.guard.Guard.validateInvariants(Guard.java:1124)
	at net.sf.oval.guard.Guard.guardMethodPre(Guard.java:728)
	at net.sf.oval.guard.GuardAspect.ajc$inlineAccessMethod$net_sf_oval_guard_GuardAspect$net_sf_oval_guard_Guard$guardMethodPre(GuardAspect.aj:1)
	at Pojo.getFieldA_aroundBody3$advice(Pojo.java:128)
	at Pojo.getFieldA(Pojo.java:1)
	at jdk.nashorn.internal.scripts.Script$3$\^eval\_.:program(&lt;eval&gt;:1)
	at jdk.nashorn.internal.runtime.ScriptFunctionData.invoke(ScriptFunctionData.java:637)
	at jdk.nashorn.internal.runtime.ScriptFunction.invoke(ScriptFunction.java:494)
	at jdk.nashorn.internal.runtime.ScriptRuntime.apply(ScriptRuntime.java:393)
	at jdk.nashorn.api.scripting.NashornScriptEngine.evalImpl(NashornScriptEngine.java:418)
	at jdk.nashorn.api.scripting.NashornScriptEngine.access$300(NashornScriptEngine.java:73)
	at jdk.nashorn.api.scripting.NashornScriptEngine$3.eval(NashornScriptEngine.java:511)
	at javax.script.CompiledScript.eval(CompiledScript.java:92)
	at net.sf.oval.expression.ExpressionLanguageScriptEngineImpl.evaluate(ExpressionLanguageScriptEngineImpl.java:84)
	at net.sf.oval.expression.AbstractExpressionLanguage.evaluateAsBoolean(AbstractExpressionLanguage.java:25)
	at net.sf.oval.AbstractCheck.isActive(AbstractCheck.java:152)
	at net.sf.oval.Validator.checkConstraint(Validator.java:763)
	at net.sf.oval.Validator._validateObjectInvariants(Validator.java:602)
	at net.sf.oval.Validator.validateInvariants(Validator.java:1384)
	at net.sf.oval.guard.Guard.validateInvariants(Guard.java:1124)
	at net.sf.oval.guard.Guard.guardMethodPre(Guard.java:728)
	at net.sf.oval.guard.GuardAspect.ajc$inlineAccessMethod$net_sf_oval_guard_GuardAspect$net_sf_oval_guard_Guard$guardMethodPre(GuardAspect.aj:1)
	at Pojo.getFieldA_aroundBody3$advice(Pojo.java:128)
	at Pojo.getFieldA(Pojo.java:1)
	at jdk.nashorn.internal.scripts.Script$3$\^eval\_.:program(&lt;eval&gt;:1)
	at jdk.nashorn.internal.runtime.ScriptFunctionData.invoke(ScriptFunctionData.java:637)
	at jdk.nashorn.internal.runtime.ScriptFunction.invoke(ScriptFunction.java:494)
	at jdk.nashorn.internal.runtime.ScriptRuntime.apply(ScriptRuntime.java:393)
	at jdk.nashorn.api.scripting.NashornScriptEngine.evalImpl(NashornScriptEngine.java:418)
	at jdk.nashorn.api.scripting.NashornScriptEngine.access$300(NashornScriptEngine.java:73)
	at jdk.nashorn.api.scripting.NashornScriptEngine$3.eval(NashornScriptEngine.java:511)
	at javax.script.CompiledScript.eval(CompiledScript.java:92)
	at net.sf.oval.expression.ExpressionLanguageScriptEngineImpl.evaluate(ExpressionLanguageScriptEngineImpl.java:84)
	at net.sf.oval.expression.AbstractExpressionLanguage.evaluateAsBoolean(AbstractExpressionLanguage.java:25)
	at net.sf.oval.AbstractCheck.isActive(AbstractCheck.java:152)
	at net.sf.oval.Validator.checkConstraint(Validator.java:763)
	at net.sf.oval.Validator._validateObjectInvariants(Validator.java:602)
	at net.sf.oval.Validator.validateInvariants(Validator.java:1384)
	at net.sf.oval.guard.Guard.validateInvariants(Guard.java:1124)
	at net.sf.oval.guard.Guard.guardMethodPre(Guard.java:728)
	at net.sf.oval.guard.GuardAspect.ajc$inlineAccessMethod$net_sf_oval_guard_GuardAspect$net_sf_oval_guard_Guard$guardMethodPre(GuardAspect.aj:1)
	at Pojo.getFieldA_aroundBody3$advice(Pojo.java:128)
	at Pojo.getFieldA(Pojo.java:1)
	at jdk.nashorn.internal.scripts.Script$3$\^eval\_.:program(&lt;eval&gt;:1)
	at jdk.nashorn.internal.runtime.ScriptFunctionData.invoke(ScriptFunctionData.java:637)
	at jdk.nashorn.internal.runtime.ScriptFunction.invoke(ScriptFunction.java:494)
	at jdk.nashorn.internal.runtime.ScriptRuntime.apply(ScriptRuntime.java:393)
	at jdk.nashorn.api.scripting.NashornScriptEngine.evalImpl(NashornScriptEngine.java:418)
	at jdk.nashorn.api.scripting.NashornScriptEngine.access$300(NashornScriptEngine.java:73)
	at jdk.nashorn.api.scripting.NashornScriptEngine$3.eval(NashornScriptEngine.java:511)
	at javax.script.CompiledScript.eval(CompiledScript.java:92)
	at net.sf.oval.expression.ExpressionLanguageScriptEngineImpl.evaluate(ExpressionLanguageScriptEngineImpl.java:84)
	at net.sf.oval.expression.AbstractExpressionLanguage.evaluateAsBoolean(AbstractExpressionLanguage.java:25)
	at net.sf.oval.AbstractCheck.isActive(AbstractCheck.java:152)
	at net.sf.oval.Validator.checkConstraint(Validator.java:763)
	at net.sf.oval.Validator._validateObjectInvariants(Validator.java:602)
	at net.sf.oval.Validator.validateInvariants(Validator.java:1384)
	at net.sf.oval.guard.Guard.validateInvariants(Guard.java:1124)
	at net.sf.oval.guard.Guard.guardMethodPre(Guard.java:728)
	at net.sf.oval.guard.GuardAspect.ajc$inlineAccessMethod$net_sf_oval_guard_GuardAspect$net_sf_oval_guard_Guard$guardMethodPre(GuardAspect.aj:1)
	at Pojo.getFieldA_aroundBody3$advice(Pojo.java:128)
	at Pojo.getFieldA(Pojo.java:1)
	at jdk.nashorn.internal.scripts.Script$3$\^eval\_.:program(&lt;eval&gt;:1)
	at jdk.nashorn.internal.runtime.ScriptFunctionData.invoke(ScriptFunctionData.java:637)
	at jdk.nashorn.internal.runtime.ScriptFunction.invoke(ScriptFunction.java:494)
	at jdk.nashorn.internal.runtime.ScriptRuntime.apply(ScriptRuntime.java:393)
	at jdk.nashorn.api.scripting.NashornScriptEngine.evalImpl(NashornScriptEngine.java:418)
	at jdk.nashorn.api.scripting.NashornScriptEngine.access$300(NashornScriptEngine.java:73)
	at jdk.nashorn.api.scripting.NashornScriptEngine$3.eval(NashornScriptEngine.java:511)
	at javax.script.CompiledScript.eval(CompiledScript.java:92)
	at net.sf.oval.expression.ExpressionLanguageScriptEngineImpl.evaluate(ExpressionLanguageScriptEngineImpl.java:84)
	at net.sf.oval.expression.AbstractExpressionLanguage.evaluateAsBoolean(AbstractExpressionLanguage.java:25)
	at net.sf.oval.AbstractCheck.isActive(AbstractCheck.java:152)
	at net.sf.oval.Validator.checkConstraint(Validator.java:763)
	at net.sf.oval.Validator._validateObjectInvariants(Validator.java:602)
	at net.sf.oval.Validator.validateInvariants(Validator.java:1384)
	at net.sf.oval.guard.Guard.validateInvariants(Guard.java:1124)
	at net.sf.oval.guard.Guard.guardMethodPre(Guard.java:728)
	at net.sf.oval.guard.GuardAspect.ajc$inlineAccessMethod$net_sf_oval_guard_GuardAspect$net_sf_oval_guard_Guard$guardMethodPre(GuardAspect.aj:1)
	at Pojo.getFieldA_aroundBody3$advice(Pojo.java:128)
	at Pojo.getFieldA(Pojo.java:1)
	at jdk.nashorn.internal.scripts.Script$3$\^eval\_.:program(&lt;eval&gt;:1)
	at jdk.nashorn.internal.runtime.ScriptFunctionData.invoke(ScriptFunctionData.java:637)
	at jdk.nashorn.internal.runtime.ScriptFunction.invoke(ScriptFunction.java:494)
	at jdk.nashorn.internal.runtime.ScriptRuntime.apply(ScriptRuntime.java:393)
	at jdk.nashorn.api.scripting.NashornScriptEngine.evalImpl(NashornScriptEngine.java:418)
	at jdk.nashorn.api.scripting.NashornScriptEngine.access$300(NashornScriptEngine.java:73)
	at jdk.nashorn.api.scripting.NashornScriptEngine$3.eval(NashornScriptEngine.java:511)
	at javax.script.CompiledScript.eval(CompiledScript.java:92)
	at net.sf.oval.expression.ExpressionLanguageScriptEngineImpl.evaluate(ExpressionLanguageScriptEngineImpl.java:84)
	at net.sf.oval.expression.AbstractExpressionLanguage.evaluateAsBoolean(AbstractExpressionLanguage.java:25)
	at net.sf.oval.AbstractCheck.isActive(AbstractCheck.java:152)
	at net.sf.oval.Validator.checkConstraint(Validator.java:763)
	at net.sf.oval.Validator._validateObjectInvariants(Validator.java:602)
	at net.sf.oval.Validator.validateInvariants(Validator.java:1384)
	at net.sf.oval.guard.Guard.validateInvariants(Guard.java:1124)
	at net.sf.oval.guard.Guard.guardMethodPre(Guard.java:728)
	at net.sf.oval.guard.GuardAspect.ajc$inlineAccessMethod$net_sf_oval_guard_GuardAspect$net_sf_oval_guard_Guard$guardMethodPre(GuardAspect.aj:1)
	at Pojo.getFieldA_aroundBody3$advice(Pojo.java:128)
	at Pojo.getFieldA(Pojo.java:1)
	at jdk.nashorn.internal.scripts.Script$3$\^eval\_.:program(&lt;eval&gt;:1)
	at jdk.nashorn.internal.runtime.ScriptFunctionData.invoke(ScriptFunctionData.java:637)
	at jdk.nashorn.internal.runtime.ScriptFunction.invoke(ScriptFunction.java:494)
	at jdk.nashorn.internal.runtime.ScriptRuntime.apply(ScriptRuntime.java:393)
	at jdk.nashorn.api.scripting.NashornScriptEngine.evalImpl(NashornScriptEngine.java:418)
	at jdk.nashorn.api.scripting.NashornScriptEngine.access$300(NashornScriptEngine.java:73)
	at jdk.nashorn.api.scripting.NashornScriptEngine$3.eval(NashornScriptEngine.java:511)
	at javax.script.CompiledScript.eval(CompiledScript.java:92)
	at net.sf.oval.expression.ExpressionLanguageScriptEngineImpl.evaluate(ExpressionLanguageScriptEngineImpl.java:84)
	at net.sf.oval.expression.AbstractExpressionLanguage.evaluateAsBoolean(AbstractExpressionLanguage.java:25)
	at net.sf.oval.AbstractCheck.isActive(AbstractCheck.java:152)
	at net.sf.oval.Validator.checkConstraint(Validator.java:763)
	at net.sf.oval.Validator._validateObjectInvariants(Validator.java:602)
	at net.sf.oval.Validator.validateInvariants(Validator.java:1384)
	at net.sf.oval.guard.Guard.validateInvariants(Guard.java:1124)
	at net.sf.oval.guard.Guard.guardMethodPre(Guard.java:728)
	at net.sf.oval.guard.GuardAspect.ajc$inlineAccessMethod$net_sf_oval_guard_GuardAspect$net_sf_oval_guard_Guard$guardMethodPre(GuardAspect.aj:1)
	at Pojo.getFieldA_aroundBody3$advice(Pojo.java:128)
	at Pojo.getFieldA(Pojo.java:1)
	at jdk.nashorn.internal.scripts.Script$3$\^eval\_.:program(&lt;eval&gt;:1)
	at jdk.nashorn.internal.runtime.ScriptFunctionData.invoke(ScriptFunctionData.java:637)
	at jdk.nashorn.internal.runtime.ScriptFunction.invoke(ScriptFunction.java:494)
	at jdk.nashorn.internal.runtime.ScriptRuntime.apply(ScriptRuntime.java:393)
	at jdk.nashorn.api.scripting.NashornScriptEngine.evalImpl(NashornScriptEngine.java:418)
	at jdk.nashorn.api.scripting.NashornScriptEngine.access$300(NashornScriptEngine.java:73)
	at jdk.nashorn.api.scripting.NashornScriptEngine$3.eval(NashornScriptEngine.java:511)
	at javax.script.CompiledScript.eval(CompiledScript.java:92)
	at net.sf.oval.expression.ExpressionLanguageScriptEngineImpl.evaluate(ExpressionLanguageScriptEngineImpl.java:84)
	at net.sf.oval.expression.AbstractExpressionLanguage.evaluateAsBoolean(AbstractExpressionLanguage.java:25)
	at net.sf.oval.AbstractCheck.isActive(AbstractCheck.java:152)
	at net.sf.oval.Validator.checkConstraint(Validator.java:763)
	at net.sf.oval.Validator._validateObjectInvariants(Validator.java:602)
	at net.sf.oval.Validator.validateInvariants(Validator.java:1384)
	at net.sf.oval.guard.Guard.validateInvariants(Guard.java:1124)
	at net.sf.oval.guard.Guard.guardMethodPre(Guard.java:728)
	at net.sf.oval.guard.GuardAspect.ajc$inlineAccessMethod$net_sf_oval_guard_GuardAspect$net_sf_oval_guard_Guard$guardMethodPre(GuardAspect.aj:1)
	at Pojo.getFieldA_aroundBody3$advice(Pojo.java:128)
	at Pojo.getFieldA(Pojo.java:1)
	at jdk.nashorn.internal.scripts.Script$3$\^eval\_.:program(&lt;eval&gt;:1)
	at jdk.nashorn.internal.runtime.ScriptFunctionData.invoke(ScriptFunctionData.java:637)
	at jdk.nashorn.internal.runtime.ScriptFunction.invoke(ScriptFunction.java:494)
	at jdk.nashorn.internal.runtime.ScriptRuntime.apply(ScriptRuntime.java:393)
	at jdk.nashorn.api.scripting.NashornScriptEngine.evalImpl(NashornScriptEngine.java:418)
	at jdk.nashorn.api.scripting.NashornScriptEngine.access$300(NashornScriptEngine.java:73)
	at jdk.nashorn.api.scripting.NashornScriptEngine$3.eval(NashornScriptEngine.java:511)
	at javax.script.CompiledScript.eval(CompiledScript.java:92)
	at net.sf.oval.expression.ExpressionLanguageScriptEngineImpl.evaluate(ExpressionLanguageScriptEngineImpl.java:84)
	at net.sf.oval.expression.AbstractExpressionLanguage.evaluateAsBoolean(AbstractExpressionLanguage.java:25)
	at net.sf.oval.AbstractCheck.isActive(AbstractCheck.java:152)
	at net.sf.oval.Validator.checkConstraint(Validator.java:763)
	at net.sf.oval.Validator._validateObjectInvariants(Validator.java:602)
	at net.sf.oval.Validator.validateInvariants(Validator.java:1384)
	at net.sf.oval.guard.Guard.validateInvariants(Guard.java:1124)
	at net.sf.oval.guard.Guard.guardMethodPre(Guard.java:728)
	at net.sf.oval.guard.GuardAspect.ajc$inlineAccessMethod$net_sf_oval_guard_GuardAspect$net_sf_oval_guard_Guard$guardMethodPre(GuardAspect.aj:1)
	at Pojo.getFieldA_aroundBody3$advice(Pojo.java:128)
	at Pojo.getFieldA(Pojo.java:1)
	at jdk.nashorn.internal.scripts.Script$3$\^eval\_.:program(&lt;eval&gt;:1)
	at jdk.nashorn.internal.runtime.ScriptFunctionData.invoke(ScriptFunctionData.java:637)
	at jdk.nashorn.internal.runtime.ScriptFunction.invoke(ScriptFunction.java:494)
	at jdk.nashorn.internal.runtime.ScriptRuntime.apply(ScriptRuntime.java:393)
	at jdk.nashorn.api.scripting.NashornScriptEngine.evalImpl(NashornScriptEngine.java:418)
	at jdk.nashorn.api.scripting.NashornScriptEngine.access$300(NashornScriptEngine.java:73)
	at jdk.nashorn.api.scripting.NashornScriptEngine$3.eval(NashornScriptEngine.java:511)
	at javax.script.CompiledScript.eval(CompiledScript.java:92)
	at net.sf.oval.expression.ExpressionLanguageScriptEngineImpl.evaluate(ExpressionLanguageScriptEngineImpl.java:84)
	at net.sf.oval.expression.AbstractExpressionLanguage.evaluateAsBoolean(AbstractExpressionLanguage.java:25)
	at net.sf.oval.AbstractCheck.isActive(AbstractCheck.java:152)
	at net.sf.oval.Validator.checkConstraint(Validator.java:763)
	at net.sf.oval.Validator._validateObjectInvariants(Validator.java:602)
	at net.sf.oval.Validator.validateInvariants(Validator.java:1384)
	at net.sf.oval.guard.Guard.validateInvariants(Guard.java:1124)
	at net.sf.oval.guard.Guard.guardMethodPre(Guard.java:728)
	at net.sf.oval.guard.GuardAspect.ajc$inlineAccessMethod$net_sf_oval_guard_GuardAspect$net_sf_oval_guard_Guard$guardMethodPre(GuardAspect.aj:1)
	at Pojo.getFieldA_aroundBody3$advice(Pojo.java:128)
	at Pojo.getFieldA(Pojo.java:1)
	at jdk.nashorn.internal.scripts.Script$3$\^eval\_.:program(&lt;eval&gt;:1)
	at jdk.nashorn.internal.runtime.ScriptFunctionData.invoke(ScriptFunctionData.java:637)
	at jdk.nashorn.internal.runtime.ScriptFunction.invoke(ScriptFunction.java:494)
	at jdk.nashorn.internal.runtime.ScriptRuntime.apply(ScriptRuntime.java:393)
	at jdk.nashorn.api.scripting.NashornScriptEngine.evalImpl(NashornScriptEngine.java:418)
	at jdk.nashorn.api.scripting.NashornScriptEngine.access$300(NashornScriptEngine.java:73)
	at jdk.nashorn.api.scripting.NashornScriptEngine$3.eval(NashornScriptEngine.java:511)
	at javax.script.CompiledScript.eval(CompiledScript.java:92)
	at net.sf.oval.expression.ExpressionLanguageScriptEngineImpl.evaluate(ExpressionLanguageScriptEngineImpl.java:84)
	at net.sf.oval.expression.AbstractExpressionLanguage.evaluateAsBoolean(AbstractExpressionLanguage.java:25)
	at net.sf.oval.AbstractCheck.isActive(AbstractCheck.java:152)
	at net.sf.oval.Validator.checkConstraint(Validator.java:763)
	at net.sf.oval.Validator._validateObjectInvariants(Validator.java:602)
	at net.sf.oval.Validator.validateInvariants(Validator.java:1384)
	at net.sf.oval.guard.Guard.validateInvariants(Guard.java:1124)
	at net.sf.oval.guard.Guard.guardMethodPre(Guard.java:728)
	at net.sf.oval.guard.GuardAspect.ajc$inlineAccessMethod$net_sf_oval_guard_GuardAspect$net_sf_oval_guard_Guard$guardMethodPre(GuardAspect.aj:1)
	at Pojo.getFieldA_aroundBody3$advice(Pojo.java:128)
	at Pojo.getFieldA(Pojo.java:1)
	at jdk.nashorn.internal.scripts.Script$3$\^eval\_.:program(&lt;eval&gt;:1)
	at jdk.nashorn.internal.runtime.ScriptFunctionData.invoke(ScriptFunctionData.java:637)
	at jdk.nashorn.internal.runtime.ScriptFunction.invoke(ScriptFunction.java:494)
	at jdk.nashorn.internal.runtime.ScriptRuntime.apply(ScriptRuntime.java:393)
	at jdk.nashorn.api.scripting.NashornScriptEngine.evalImpl(NashornScriptEngine.java:418)
	at jdk.nashorn.api.scripting.NashornScriptEngine.access$300(NashornScriptEngine.java:73)
	at jdk.nashorn.api.scripting.NashornScriptEngine$3.eval(NashornScriptEngine.java:511)
	at javax.script.CompiledScript.eval(CompiledScript.java:92)
	at net.sf.oval.expression.ExpressionLanguageScriptEngineImpl.evaluate(ExpressionLanguageScriptEngineImpl.java:84)
	at net.sf.oval.expression.AbstractExpressionLanguage.evaluateAsBoolean(AbstractExpressionLanguage.java:25)
	at net.sf.oval.AbstractCheck.isActive(AbstractCheck.java:152)
	at net.sf.oval.Validator.checkConstraint(Validator.java:763)
	at net.sf.oval.Validator._validateObjectInvariants(Validator.java:602)
	at net.sf.oval.Validator.validateInvariants(Validator.java:1384)
	at net.sf.oval.guard.Guard.validateInvariants(Guard.java:1124)
	at net.sf.oval.guard.Guard.guardMethodPre(Guard.java:728)
	at net.sf.oval.guard.GuardAspect.ajc$inlineAccessMethod$net_sf_oval_guard_GuardAspect$net_sf_oval_guard_Guard$guardMethodPre(GuardAspect.aj:1)
	at Pojo.getFieldA_aroundBody3$advice(Pojo.java:128)
	at Pojo.getFieldA(Pojo.java:1)
	at jdk.nashorn.internal.scripts.Script$3$\^eval\_.:program(&lt;eval&gt;:1)
	at jdk.nashorn.internal.runtime.ScriptFunctionData.invoke(ScriptFunctionData.java:637)
	at jdk.nashorn.internal.runtime.ScriptFunction.invoke(ScriptFunction.java:494)
	at jdk.nashorn.internal.runtime.ScriptRuntime.apply(ScriptRuntime.java:393)
	at jdk.nashorn.api.scripting.NashornScriptEngine.evalImpl(NashornScriptEngine.java:418)
	at jdk.nashorn.api.scripting.NashornScriptEngine.access$300(NashornScriptEngine.java:73)
	at jdk.nashorn.api.scripting.NashornScriptEngine$3.eval(NashornScriptEngine.java:511)
	at javax.script.CompiledScript.eval(CompiledScript.java:92)
	at net.sf.oval.expression.ExpressionLanguageScriptEngineImpl.evaluate(ExpressionLanguageScriptEngineImpl.java:84)
	at net.sf.oval.expression.AbstractExpressionLanguage.evaluateAsBoolean(AbstractExpressionLanguage.java:25)
	at net.sf.oval.AbstractCheck.isActive(AbstractCheck.java:152)
	at net.sf.oval.Validator.checkConstraint(Validator.java:763)
	at net.sf.oval.Validator._validateObjectInvariants(Validator.java:602)
	at net.sf.oval.Validator.validateInvariants(Validator.java:1384)
	at net.sf.oval.guard.Guard.validateInvariants(Guard.java:1124)
	at net.sf.oval.guard.Guard.guardMethodPre(Guard.java:728)
	at net.sf.oval.guard.GuardAspect.ajc$inlineAccessMethod$net_sf_oval_guard_GuardAspect$net_sf_oval_guard_Guard$guardMethodPre(GuardAspect.aj:1)
	at Pojo.getFieldA_aroundBody3$advice(Pojo.java:128)
	at Pojo.getFieldA(Pojo.java:1)
	at jdk.nashorn.internal.scripts.Script$3$\^eval\_.:program(&lt;eval&gt;:1)
	at jdk.nashorn.internal.runtime.ScriptFunctionData.invoke(ScriptFunctionData.java:637)
	at jdk.nashorn.internal.runtime.ScriptFunction.invoke(ScriptFunction.java:494)
	at jdk.nashorn.internal.runtime.ScriptRuntime.apply(ScriptRuntime.java:393)
</failure>
  </testcase>
  <testcase name="fieldANotNullFieldBValidatedThrowsException" classname="PojoTest" time="0.315">
    <failure message="java.lang.Exception: Unexpected exception, expected&lt;net.sf.oval.exception.ConstraintsViolatedException&gt; but was&lt;java.lang.StackOverflowError&gt;" type="java.lang.Exception">java.lang.Exception: Unexpected exception, expected&lt;net.sf.oval.exception.ConstraintsViolatedException&gt; but was&lt;java.lang.StackOverflowError&gt;
	at org.junit.internal.runners.statements.ExpectException.evaluate(ExpectException.java:28)
	at org.junit.runners.ParentRunner.runLeaf(ParentRunner.java:325)
	at org.junit.runners.BlockJUnit4ClassRunner.runChild(BlockJUnit4ClassRunner.java:78)
	at org.junit.runners.BlockJUnit4ClassRunner.runChild(BlockJUnit4ClassRunner.java:57)
	at org.junit.runners.ParentRunner$3.run(ParentRunner.java:290)
	at org.junit.runners.ParentRunner$1.schedule(ParentRunner.java:71)
	at org.junit.runners.ParentRunner.runChildren(ParentRunner.java:288)
	at org.junit.runners.ParentRunner.access$000(ParentRunner.java:58)
	at org.junit.runners.ParentRunner$2.evaluate(ParentRunner.java:268)
	at org.junit.runners.ParentRunner.run(ParentRunner.java:363)
	at org.gradle.api.internal.tasks.testing.junit.JUnitTestClassExecuter.runTestClass(JUnitTestClassExecuter.java:114)
	at org.gradle.api.internal.tasks.testing.junit.JUnitTestClassExecuter.execute(JUnitTestClassExecuter.java:57)
	at org.gradle.api.internal.tasks.testing.junit.JUnitTestClassProcessor.processTestClass(JUnitTestClassProcessor.java:66)
	at org.gradle.api.internal.tasks.testing.SuiteTestClassProcessor.processTestClass(SuiteTestClassProcessor.java:51)
	at sun.reflect.NativeMethodAccessorImpl.invoke0(Native Method)
	at sun.reflect.NativeMethodAccessorImpl.invoke(NativeMethodAccessorImpl.java:62)
	at sun.reflect.DelegatingMethodAccessorImpl.invoke(DelegatingMethodAccessorImpl.java:43)
	at java.lang.reflect.Method.invoke(Method.java:498)
	at org.gradle.internal.dispatch.ReflectionDispatch.dispatch(ReflectionDispatch.java:35)
	at org.gradle.internal.dispatch.ReflectionDispatch.dispatch(ReflectionDispatch.java:24)
	at org.gradle.internal.dispatch.ContextClassLoaderDispatch.dispatch(ContextClassLoaderDispatch.java:32)
	at org.gradle.internal.dispatch.ProxyDispatchAdapter$DispatchingInvocationHandler.invoke(ProxyDispatchAdapter.java:93)
	at com.sun.proxy.$Proxy2.processTestClass(Unknown Source)
	at org.gradle.api.internal.tasks.testing.worker.TestWorker.processTestClass(TestWorker.java:109)
	at sun.reflect.NativeMethodAccessorImpl.invoke0(Native Method)
	at sun.reflect.NativeMethodAccessorImpl.invoke(NativeMethodAccessorImpl.java:62)
	at sun.reflect.DelegatingMethodAccessorImpl.invoke(DelegatingMethodAccessorImpl.java:43)
	at java.lang.reflect.Method.invoke(Method.java:498)
	at org.gradle.internal.dispatch.ReflectionDispatch.dispatch(ReflectionDispatch.java:35)
	at org.gradle.internal.dispatch.ReflectionDispatch.dispatch(ReflectionDispatch.java:24)
	at org.gradle.internal.remote.internal.hub.MessageHub$Handler.run(MessageHub.java:377)
	at org.gradle.internal.concurrent.ExecutorPolicy$CatchAndRecordFailures.onExecute(ExecutorPolicy.java:54)
	at org.gradle.internal.concurrent.StoppableExecutorImpl$1.run(StoppableExecutorImpl.java:40)
	at java.util.concurrent.ThreadPoolExecutor.runWorker(ThreadPoolExecutor.java:1142)
	at java.util.concurrent.ThreadPoolExecutor$Worker.run(ThreadPoolExecutor.java:617)
	at java.lang.Thread.run(Thread.java:745)
Caused by: java.lang.StackOverflowError
	at jdk.internal.dynalink.support.AbstractCallSiteDescriptor.hashCode(AbstractCallSiteDescriptor.java:142)
	at java.util.concurrent.ConcurrentHashMap.putVal(ConcurrentHashMap.java:1012)
	at java.util.concurrent.ConcurrentHashMap.putIfAbsent(ConcurrentHashMap.java:1535)
	at jdk.nashorn.internal.runtime.linker.NashornCallSiteDescriptor.get(NashornCallSiteDescriptor.java:167)
	at jdk.nashorn.internal.runtime.linker.NashornCallSiteDescriptor.get(NashornCallSiteDescriptor.java:158)
	at jdk.nashorn.internal.runtime.linker.LinkerCallSite.newLinkerCallSite(LinkerCallSite.java:114)
	at jdk.nashorn.internal.runtime.linker.Bootstrap.bootstrap(Bootstrap.java:206)
	at jdk.nashorn.internal.runtime.linker.Bootstrap.createDynamicInvoker(Bootstrap.java:369)
	at jdk.nashorn.internal.runtime.linker.Bootstrap.createDynamicInvoker(Bootstrap.java:343)
	at jdk.nashorn.internal.runtime.linker.InvokeByName.&lt;init&gt;(InvokeByName.java:86)
	at jdk.nashorn.internal.runtime.linker.InvokeByName.&lt;init&gt;(InvokeByName.java:73)
	at jdk.nashorn.internal.objects.Global.&lt;init&gt;(Global.java:96)
	at jdk.nashorn.internal.runtime.Context.newGlobal(Context.java:1108)
	at jdk.nashorn.api.scripting.NashornScriptEngine$2.run(NashornScriptEngine.java:347)
	at jdk.nashorn.api.scripting.NashornScriptEngine$2.run(NashornScriptEngine.java:343)
	at java.security.AccessController.doPrivileged(Native Method)
	at jdk.nashorn.api.scripting.NashornScriptEngine.createNashornGlobal(NashornScriptEngine.java:343)
	at jdk.nashorn.api.scripting.NashornScriptEngine.createGlobalMirror(NashornScriptEngine.java:337)
	at jdk.nashorn.api.scripting.NashornScriptEngine.createBindings(NashornScriptEngine.java:170)
	at net.sf.oval.expression.ExpressionLanguageScriptEngineImpl.evaluate(ExpressionLanguageScriptEngineImpl.java:73)
	at net.sf.oval.expression.AbstractExpressionLanguage.evaluateAsBoolean(AbstractExpressionLanguage.java:25)
	at net.sf.oval.AbstractCheck.isActive(AbstractCheck.java:152)
	at net.sf.oval.Validator.checkConstraint(Validator.java:763)
	at net.sf.oval.Validator._validateObjectInvariants(Validator.java:602)
	at net.sf.oval.Validator.validateInvariants(Validator.java:1384)
	at net.sf.oval.guard.Guard.validateInvariants(Guard.java:1124)
	at net.sf.oval.guard.Guard.guardMethodPre(Guard.java:728)
	at net.sf.oval.guard.GuardAspect.ajc$inlineAccessMethod$net_sf_oval_guard_GuardAspect$net_sf_oval_guard_Guard$guardMethodPre(GuardAspect.aj:1)
	at Pojo.getFieldA_aroundBody3$advice(Pojo.java:128)
	at Pojo.getFieldA(Pojo.java:1)
	at jdk.nashorn.internal.scripts.Script$3$\^eval\_.:program(&lt;eval&gt;:1)
	at jdk.nashorn.internal.runtime.ScriptFunctionData.invoke(ScriptFunctionData.java:637)
	at jdk.nashorn.internal.runtime.ScriptFunction.invoke(ScriptFunction.java:494)
	at jdk.nashorn.internal.runtime.ScriptRuntime.apply(ScriptRuntime.java:393)
	at jdk.nashorn.api.scripting.NashornScriptEngine.evalImpl(NashornScriptEngine.java:418)
	at jdk.nashorn.api.scripting.NashornScriptEngine.access$300(NashornScriptEngine.java:73)
	at jdk.nashorn.api.scripting.NashornScriptEngine$3.eval(NashornScriptEngine.java:511)
	at javax.script.CompiledScript.eval(CompiledScript.java:92)
	at net.sf.oval.expression.ExpressionLanguageScriptEngineImpl.evaluate(ExpressionLanguageScriptEngineImpl.java:84)
	at net.sf.oval.expression.AbstractExpressionLanguage.evaluateAsBoolean(AbstractExpressionLanguage.java:25)
	at net.sf.oval.AbstractCheck.isActive(AbstractCheck.java:152)
	at net.sf.oval.Validator.checkConstraint(Validator.java:763)
	at net.sf.oval.Validator._validateObjectInvariants(Validator.java:602)
	at net.sf.oval.Validator.validateInvariants(Validator.java:1384)
	at net.sf.oval.guard.Guard.validateInvariants(Guard.java:1124)
	at net.sf.oval.guard.Guard.guardMethodPre(Guard.java:728)
	at net.sf.oval.guard.GuardAspect.ajc$inlineAccessMethod$net_sf_oval_guard_GuardAspect$net_sf_oval_guard_Guard$guardMethodPre(GuardAspect.aj:1)
	at Pojo.getFieldA_aroundBody3$advice(Pojo.java:128)
	at Pojo.getFieldA(Pojo.java:1)
	at jdk.nashorn.internal.scripts.Script$3$\^eval\_.:program(&lt;eval&gt;:1)
	at jdk.nashorn.internal.runtime.ScriptFunctionData.invoke(ScriptFunctionData.java:637)
	at jdk.nashorn.internal.runtime.ScriptFunction.invoke(ScriptFunction.java:494)
	at jdk.nashorn.internal.runtime.ScriptRuntime.apply(ScriptRuntime.java:393)
	at jdk.nashorn.api.scripting.NashornScriptEngine.evalImpl(NashornScriptEngine.java:418)
	at jdk.nashorn.api.scripting.NashornScriptEngine.access$300(NashornScriptEngine.java:73)
	at jdk.nashorn.api.scripting.NashornScriptEngine$3.eval(NashornScriptEngine.java:511)
	at javax.script.CompiledScript.eval(CompiledScript.java:92)
	at net.sf.oval.expression.ExpressionLanguageScriptEngineImpl.evaluate(ExpressionLanguageScriptEngineImpl.java:84)
	at net.sf.oval.expression.AbstractExpressionLanguage.evaluateAsBoolean(AbstractExpressionLanguage.java:25)
	at net.sf.oval.AbstractCheck.isActive(AbstractCheck.java:152)
	at net.sf.oval.Validator.checkConstraint(Validator.java:763)
	at net.sf.oval.Validator._validateObjectInvariants(Validator.java:602)
	at net.sf.oval.Validator.validateInvariants(Validator.java:1384)
	at net.sf.oval.guard.Guard.validateInvariants(Guard.java:1124)
	at net.sf.oval.guard.Guard.guardMethodPre(Guard.java:728)
	at net.sf.oval.guard.GuardAspect.ajc$inlineAccessMethod$net_sf_oval_guard_GuardAspect$net_sf_oval_guard_Guard$guardMethodPre(GuardAspect.aj:1)
	at Pojo.getFieldA_aroundBody3$advice(Pojo.java:128)
	at Pojo.getFieldA(Pojo.java:1)
	at jdk.nashorn.internal.scripts.Script$3$\^eval\_.:program(&lt;eval&gt;:1)
	at jdk.nashorn.internal.runtime.ScriptFunctionData.invoke(ScriptFunctionData.java:637)
	at jdk.nashorn.internal.runtime.ScriptFunction.invoke(ScriptFunction.java:494)
	at jdk.nashorn.internal.runtime.ScriptRuntime.apply(ScriptRuntime.java:393)
	at jdk.nashorn.api.scripting.NashornScriptEngine.evalImpl(NashornScriptEngine.java:418)
	at jdk.nashorn.api.scripting.NashornScriptEngine.access$300(NashornScriptEngine.java:73)
	at jdk.nashorn.api.scripting.NashornScriptEngine$3.eval(NashornScriptEngine.java:511)
	at javax.script.CompiledScript.eval(CompiledScript.java:92)
	at net.sf.oval.expression.ExpressionLanguageScriptEngineImpl.evaluate(ExpressionLanguageScriptEngineImpl.java:84)
	at net.sf.oval.expression.AbstractExpressionLanguage.evaluateAsBoolean(AbstractExpressionLanguage.java:25)
	at net.sf.oval.AbstractCheck.isActive(AbstractCheck.java:152)
	at net.sf.oval.Validator.checkConstraint(Validator.java:763)
	at net.sf.oval.Validator._validateObjectInvariants(Validator.java:602)
	at net.sf.oval.Validator.validateInvariants(Validator.java:1384)
	at net.sf.oval.guard.Guard.validateInvariants(Guard.java:1124)
	at net.sf.oval.guard.Guard.guardMethodPre(Guard.java:728)
	at net.sf.oval.guard.GuardAspect.ajc$inlineAccessMethod$net_sf_oval_guard_GuardAspect$net_sf_oval_guard_Guard$guardMethodPre(GuardAspect.aj:1)
	at Pojo.getFieldA_aroundBody3$advice(Pojo.java:128)
	at Pojo.getFieldA(Pojo.java:1)
	at jdk.nashorn.internal.scripts.Script$3$\^eval\_.:program(&lt;eval&gt;:1)
	at jdk.nashorn.internal.runtime.ScriptFunctionData.invoke(ScriptFunctionData.java:637)
	at jdk.nashorn.internal.runtime.ScriptFunction.invoke(ScriptFunction.java:494)
	at jdk.nashorn.internal.runtime.ScriptRuntime.apply(ScriptRuntime.java:393)
	at jdk.nashorn.api.scripting.NashornScriptEngine.evalImpl(NashornScriptEngine.java:418)
	at jdk.nashorn.api.scripting.NashornScriptEngine.access$300(NashornScriptEngine.java:73)
	at jdk.nashorn.api.scripting.NashornScriptEngine$3.eval(NashornScriptEngine.java:511)
	at javax.script.CompiledScript.eval(CompiledScript.java:92)
	at net.sf.oval.expression.ExpressionLanguageScriptEngineImpl.evaluate(ExpressionLanguageScriptEngineImpl.java:84)
	at net.sf.oval.expression.AbstractExpressionLanguage.evaluateAsBoolean(AbstractExpressionLanguage.java:25)
	at net.sf.oval.AbstractCheck.isActive(AbstractCheck.java:152)
	at net.sf.oval.Validator.checkConstraint(Validator.java:763)
	at net.sf.oval.Validator._validateObjectInvariants(Validator.java:602)
	at net.sf.oval.Validator.validateInvariants(Validator.java:1384)
	at net.sf.oval.guard.Guard.validateInvariants(Guard.java:1124)
	at net.sf.oval.guard.Guard.guardMethodPre(Guard.java:728)
	at net.sf.oval.guard.GuardAspect.ajc$inlineAccessMethod$net_sf_oval_guard_GuardAspect$net_sf_oval_guard_Guard$guardMethodPre(GuardAspect.aj:1)
	at Pojo.getFieldA_aroundBody3$advice(Pojo.java:128)
	at Pojo.getFieldA(Pojo.java:1)
	at jdk.nashorn.internal.scripts.Script$3$\^eval\_.:program(&lt;eval&gt;:1)
	at jdk.nashorn.internal.runtime.ScriptFunctionData.invoke(ScriptFunctionData.java:637)
	at jdk.nashorn.internal.runtime.ScriptFunction.invoke(ScriptFunction.java:494)
	at jdk.nashorn.internal.runtime.ScriptRuntime.apply(ScriptRuntime.java:393)
	at jdk.nashorn.api.scripting.NashornScriptEngine.evalImpl(NashornScriptEngine.java:418)
	at jdk.nashorn.api.scripting.NashornScriptEngine.access$300(NashornScriptEngine.java:73)
	at jdk.nashorn.api.scripting.NashornScriptEngine$3.eval(NashornScriptEngine.java:511)
	at javax.script.CompiledScript.eval(CompiledScript.java:92)
	at net.sf.oval.expression.ExpressionLanguageScriptEngineImpl.evaluate(ExpressionLanguageScriptEngineImpl.java:84)
	at net.sf.oval.expression.AbstractExpressionLanguage.evaluateAsBoolean(AbstractExpressionLanguage.java:25)
	at net.sf.oval.AbstractCheck.isActive(AbstractCheck.java:152)
	at net.sf.oval.Validator.checkConstraint(Validator.java:763)
	at net.sf.oval.Validator._validateObjectInvariants(Validator.java:602)
	at net.sf.oval.Validator.validateInvariants(Validator.java:1384)
	at net.sf.oval.guard.Guard.validateInvariants(Guard.java:1124)
	at net.sf.oval.guard.Guard.guardMethodPre(Guard.java:728)
	at net.sf.oval.guard.GuardAspect.ajc$inlineAccessMethod$net_sf_oval_guard_GuardAspect$net_sf_oval_guard_Guard$guardMethodPre(GuardAspect.aj:1)
	at Pojo.getFieldA_aroundBody3$advice(Pojo.java:128)
	at Pojo.getFieldA(Pojo.java:1)
	at jdk.nashorn.internal.scripts.Script$3$\^eval\_.:program(&lt;eval&gt;:1)
	at jdk.nashorn.internal.runtime.ScriptFunctionData.invoke(ScriptFunctionData.java:637)
	at jdk.nashorn.internal.runtime.ScriptFunction.invoke(ScriptFunction.java:494)
	at jdk.nashorn.internal.runtime.ScriptRuntime.apply(ScriptRuntime.java:393)
	at jdk.nashorn.api.scripting.NashornScriptEngine.evalImpl(NashornScriptEngine.java:418)
	at jdk.nashorn.api.scripting.NashornScriptEngine.access$300(NashornScriptEngine.java:73)
	at jdk.nashorn.api.scripting.NashornScriptEngine$3.eval(NashornScriptEngine.java:511)
	at javax.script.CompiledScript.eval(CompiledScript.java:92)
	at net.sf.oval.expression.ExpressionLanguageScriptEngineImpl.evaluate(ExpressionLanguageScriptEngineImpl.java:84)
	at net.sf.oval.expression.AbstractExpressionLanguage.evaluateAsBoolean(AbstractExpressionLanguage.java:25)
	at net.sf.oval.AbstractCheck.isActive(AbstractCheck.java:152)
	at net.sf.oval.Validator.checkConstraint(Validator.java:763)
	at net.sf.oval.Validator._validateObjectInvariants(Validator.java:602)
	at net.sf.oval.Validator.validateInvariants(Validator.java:1384)
	at net.sf.oval.guard.Guard.validateInvariants(Guard.java:1124)
	at net.sf.oval.guard.Guard.guardMethodPre(Guard.java:728)
	at net.sf.oval.guard.GuardAspect.ajc$inlineAccessMethod$net_sf_oval_guard_GuardAspect$net_sf_oval_guard_Guard$guardMethodPre(GuardAspect.aj:1)
	at Pojo.getFieldA_aroundBody3$advice(Pojo.java:128)
	at Pojo.getFieldA(Pojo.java:1)
	at jdk.nashorn.internal.scripts.Script$3$\^eval\_.:program(&lt;eval&gt;:1)
	at jdk.nashorn.internal.runtime.ScriptFunctionData.invoke(ScriptFunctionData.java:637)
	at jdk.nashorn.internal.runtime.ScriptFunction.invoke(ScriptFunction.java:494)
	at jdk.nashorn.internal.runtime.ScriptRuntime.apply(ScriptRuntime.java:393)
	at jdk.nashorn.api.scripting.NashornScriptEngine.evalImpl(NashornScriptEngine.java:418)
	at jdk.nashorn.api.scripting.NashornScriptEngine.access$300(NashornScriptEngine.java:73)
	at jdk.nashorn.api.scripting.NashornScriptEngine$3.eval(NashornScriptEngine.java:511)
	at javax.script.CompiledScript.eval(CompiledScript.java:92)
	at net.sf.oval.expression.ExpressionLanguageScriptEngineImpl.evaluate(ExpressionLanguageScriptEngineImpl.java:84)
	at net.sf.oval.expression.AbstractExpressionLanguage.evaluateAsBoolean(AbstractExpressionLanguage.java:25)
	at net.sf.oval.AbstractCheck.isActive(AbstractCheck.java:152)
	at net.sf.oval.Validator.checkConstraint(Validator.java:763)
	at net.sf.oval.Validator._validateObjectInvariants(Validator.java:602)
	at net.sf.oval.Validator.validateInvariants(Validator.java:1384)
	at net.sf.oval.guard.Guard.validateInvariants(Guard.java:1124)
	at net.sf.oval.guard.Guard.guardMethodPre(Guard.java:728)
	at net.sf.oval.guard.GuardAspect.ajc$inlineAccessMethod$net_sf_oval_guard_GuardAspect$net_sf_oval_guard_Guard$guardMethodPre(GuardAspect.aj:1)
	at Pojo.getFieldA_aroundBody3$advice(Pojo.java:128)
	at Pojo.getFieldA(Pojo.java:1)
	at jdk.nashorn.internal.scripts.Script$3$\^eval\_.:program(&lt;eval&gt;:1)
	at jdk.nashorn.internal.runtime.ScriptFunctionData.invoke(ScriptFunctionData.java:637)
	at jdk.nashorn.internal.runtime.ScriptFunction.invoke(ScriptFunction.java:494)
	at jdk.nashorn.internal.runtime.ScriptRuntime.apply(ScriptRuntime.java:393)
	at jdk.nashorn.api.scripting.NashornScriptEngine.evalImpl(NashornScriptEngine.java:418)
	at jdk.nashorn.api.scripting.NashornScriptEngine.access$300(NashornScriptEngine.java:73)
	at jdk.nashorn.api.scripting.NashornScriptEngine$3.eval(NashornScriptEngine.java:511)
	at javax.script.CompiledScript.eval(CompiledScript.java:92)
	at net.sf.oval.expression.ExpressionLanguageScriptEngineImpl.evaluate(ExpressionLanguageScriptEngineImpl.java:84)
	at net.sf.oval.expression.AbstractExpressionLanguage.evaluateAsBoolean(AbstractExpressionLanguage.java:25)
	at net.sf.oval.AbstractCheck.isActive(AbstractCheck.java:152)
	at net.sf.oval.Validator.checkConstraint(Validator.java:763)
	at net.sf.oval.Validator._validateObjectInvariants(Validator.java:602)
	at net.sf.oval.Validator.validateInvariants(Validator.java:1384)
	at net.sf.oval.guard.Guard.validateInvariants(Guard.java:1124)
	at net.sf.oval.guard.Guard.guardMethodPre(Guard.java:728)
	at net.sf.oval.guard.GuardAspect.ajc$inlineAccessMethod$net_sf_oval_guard_GuardAspect$net_sf_oval_guard_Guard$guardMethodPre(GuardAspect.aj:1)
	at Pojo.getFieldA_aroundBody3$advice(Pojo.java:128)
	at Pojo.getFieldA(Pojo.java:1)
	at jdk.nashorn.internal.scripts.Script$3$\^eval\_.:program(&lt;eval&gt;:1)
	at jdk.nashorn.internal.runtime.ScriptFunctionData.invoke(ScriptFunctionData.java:637)
	at jdk.nashorn.internal.runtime.ScriptFunction.invoke(ScriptFunction.java:494)
	at jdk.nashorn.internal.runtime.ScriptRuntime.apply(ScriptRuntime.java:393)
	at jdk.nashorn.api.scripting.NashornScriptEngine.evalImpl(NashornScriptEngine.java:418)
	at jdk.nashorn.api.scripting.NashornScriptEngine.access$300(NashornScriptEngine.java:73)
	at jdk.nashorn.api.scripting.NashornScriptEngine$3.eval(NashornScriptEngine.java:511)
	at javax.script.CompiledScript.eval(CompiledScript.java:92)
	at net.sf.oval.expression.ExpressionLanguageScriptEngineImpl.evaluate(ExpressionLanguageScriptEngineImpl.java:84)
	at net.sf.oval.expression.AbstractExpressionLanguage.evaluateAsBoolean(AbstractExpressionLanguage.java:25)
	at net.sf.oval.AbstractCheck.isActive(AbstractCheck.java:152)
	at net.sf.oval.Validator.checkConstraint(Validator.java:763)
	at net.sf.oval.Validator._validateObjectInvariants(Validator.java:602)
	at net.sf.oval.Validator.validateInvariants(Validator.java:1384)
	at net.sf.oval.guard.Guard.validateInvariants(Guard.java:1124)
	at net.sf.oval.guard.Guard.guardMethodPre(Guard.java:728)
	at net.sf.oval.guard.GuardAspect.ajc$inlineAccessMethod$net_sf_oval_guard_GuardAspect$net_sf_oval_guard_Guard$guardMethodPre(GuardAspect.aj:1)
	at Pojo.getFieldA_aroundBody3$advice(Pojo.java:128)
	at Pojo.getFieldA(Pojo.java:1)
	at jdk.nashorn.internal.scripts.Script$3$\^eval\_.:program(&lt;eval&gt;:1)
	at jdk.nashorn.internal.runtime.ScriptFunctionData.invoke(ScriptFunctionData.java:637)
	at jdk.nashorn.internal.runtime.ScriptFunction.invoke(ScriptFunction.java:494)
	at jdk.nashorn.internal.runtime.ScriptRuntime.apply(ScriptRuntime.java:393)
	at jdk.nashorn.api.scripting.NashornScriptEngine.evalImpl(NashornScriptEngine.java:418)
	at jdk.nashorn.api.scripting.NashornScriptEngine.access$300(NashornScriptEngine.java:73)
	at jdk.nashorn.api.scripting.NashornScriptEngine$3.eval(NashornScriptEngine.java:511)
	at javax.script.CompiledScript.eval(CompiledScript.java:92)
	at net.sf.oval.expression.ExpressionLanguageScriptEngineImpl.evaluate(ExpressionLanguageScriptEngineImpl.java:84)
	at net.sf.oval.expression.AbstractExpressionLanguage.evaluateAsBoolean(AbstractExpressionLanguage.java:25)
	at net.sf.oval.AbstractCheck.isActive(AbstractCheck.java:152)
	at net.sf.oval.Validator.checkConstraint(Validator.java:763)
	at net.sf.oval.Validator._validateObjectInvariants(Validator.java:602)
	at net.sf.oval.Validator.validateInvariants(Validator.java:1384)
	at net.sf.oval.guard.Guard.validateInvariants(Guard.java:1124)
	at net.sf.oval.guard.Guard.guardMethodPre(Guard.java:728)
	at net.sf.oval.guard.GuardAspect.ajc$inlineAccessMethod$net_sf_oval_guard_GuardAspect$net_sf_oval_guard_Guard$guardMethodPre(GuardAspect.aj:1)
	at Pojo.getFieldA_aroundBody3$advice(Pojo.java:128)
	at Pojo.getFieldA(Pojo.java:1)
	at jdk.nashorn.internal.scripts.Script$3$\^eval\_.:program(&lt;eval&gt;:1)
	at jdk.nashorn.internal.runtime.ScriptFunctionData.invoke(ScriptFunctionData.java:637)
	at jdk.nashorn.internal.runtime.ScriptFunction.invoke(ScriptFunction.java:494)
	at jdk.nashorn.internal.runtime.ScriptRuntime.apply(ScriptRuntime.java:393)
	at jdk.nashorn.api.scripting.NashornScriptEngine.evalImpl(NashornScriptEngine.java:418)
	at jdk.nashorn.api.scripting.NashornScriptEngine.access$300(NashornScriptEngine.java:73)
	at jdk.nashorn.api.scripting.NashornScriptEngine$3.eval(NashornScriptEngine.java:511)
	at javax.script.CompiledScript.eval(CompiledScript.java:92)
	at net.sf.oval.expression.ExpressionLanguageScriptEngineImpl.evaluate(ExpressionLanguageScriptEngineImpl.java:84)
	at net.sf.oval.expression.AbstractExpressionLanguage.evaluateAsBoolean(AbstractExpressionLanguage.java:25)
	at net.sf.oval.AbstractCheck.isActive(AbstractCheck.java:152)
	at net.sf.oval.Validator.checkConstraint(Validator.java:763)
	at net.sf.oval.Validator._validateObjectInvariants(Validator.java:602)
	at net.sf.oval.Validator.validateInvariants(Validator.java:1384)
	at net.sf.oval.guard.Guard.validateInvariants(Guard.java:1124)
	at net.sf.oval.guard.Guard.guardMethodPre(Guard.java:728)
	at net.sf.oval.guard.GuardAspect.ajc$inlineAccessMethod$net_sf_oval_guard_GuardAspect$net_sf_oval_guard_Guard$guardMethodPre(GuardAspect.aj:1)
	at Pojo.getFieldA_aroundBody3$advice(Pojo.java:128)
	at Pojo.getFieldA(Pojo.java:1)
	at jdk.nashorn.internal.scripts.Script$3$\^eval\_.:program(&lt;eval&gt;:1)
	at jdk.nashorn.internal.runtime.ScriptFunctionData.invoke(ScriptFunctionData.java:637)
	at jdk.nashorn.internal.runtime.ScriptFunction.invoke(ScriptFunction.java:494)
	at jdk.nashorn.internal.runtime.ScriptRuntime.apply(ScriptRuntime.java:393)
	at jdk.nashorn.api.scripting.NashornScriptEngine.evalImpl(NashornScriptEngine.java:418)
	at jdk.nashorn.api.scripting.NashornScriptEngine.access$300(NashornScriptEngine.java:73)
	at jdk.nashorn.api.scripting.NashornScriptEngine$3.eval(NashornScriptEngine.java:511)
	at javax.script.CompiledScript.eval(CompiledScript.java:92)
	at net.sf.oval.expression.ExpressionLanguageScriptEngineImpl.evaluate(ExpressionLanguageScriptEngineImpl.java:84)
	at net.sf.oval.expression.AbstractExpressionLanguage.evaluateAsBoolean(AbstractExpressionLanguage.java:25)
	at net.sf.oval.AbstractCheck.isActive(AbstractCheck.java:152)
	at net.sf.oval.Validator.checkConstraint(Validator.java:763)
	at net.sf.oval.Validator._validateObjectInvariants(Validator.java:602)
	at net.sf.oval.Validator.validateInvariants(Validator.java:1384)
	at net.sf.oval.guard.Guard.validateInvariants(Guard.java:1124)
	at net.sf.oval.guard.Guard.guardMethodPre(Guard.java:728)
	at net.sf.oval.guard.GuardAspect.ajc$inlineAccessMethod$net_sf_oval_guard_GuardAspect$net_sf_oval_guard_Guard$guardMethodPre(GuardAspect.aj:1)
	at Pojo.getFieldA_aroundBody3$advice(Pojo.java:128)
	at Pojo.getFieldA(Pojo.java:1)
	at jdk.nashorn.internal.scripts.Script$3$\^eval\_.:program(&lt;eval&gt;:1)
	at jdk.nashorn.internal.runtime.ScriptFunctionData.invoke(ScriptFunctionData.java:637)
	at jdk.nashorn.internal.runtime.ScriptFunction.invoke(ScriptFunction.java:494)
	at jdk.nashorn.internal.runtime.ScriptRuntime.apply(ScriptRuntime.java:393)
	at jdk.nashorn.api.scripting.NashornScriptEngine.evalImpl(NashornScriptEngine.java:418)
	at jdk.nashorn.api.scripting.NashornScriptEngine.access$300(NashornScriptEngine.java:73)
	at jdk.nashorn.api.scripting.NashornScriptEngine$3.eval(NashornScriptEngine.java:511)
	at javax.script.CompiledScript.eval(CompiledScript.java:92)
	at net.sf.oval.expression.ExpressionLanguageScriptEngineImpl.evaluate(ExpressionLanguageScriptEngineImpl.java:84)
	at net.sf.oval.expression.AbstractExpressionLanguage.evaluateAsBoolean(AbstractExpressionLanguage.java:25)
	at net.sf.oval.AbstractCheck.isActive(AbstractCheck.java:152)
	at net.sf.oval.Validator.checkConstraint(Validator.java:763)
	at net.sf.oval.Validator._validateObjectInvariants(Validator.java:602)
	at net.sf.oval.Validator.validateInvariants(Validator.java:1384)
	at net.sf.oval.guard.Guard.validateInvariants(Guard.java:1124)
	at net.sf.oval.guard.Guard.guardMethodPre(Guard.java:728)
	at net.sf.oval.guard.GuardAspect.ajc$inlineAccessMethod$net_sf_oval_guard_GuardAspect$net_sf_oval_guard_Guard$guardMethodPre(GuardAspect.aj:1)
	at Pojo.getFieldA_aroundBody3$advice(Pojo.java:128)
	at Pojo.getFieldA(Pojo.java:1)
	at jdk.nashorn.internal.scripts.Script$3$\^eval\_.:program(&lt;eval&gt;:1)
	at jdk.nashorn.internal.runtime.ScriptFunctionData.invoke(ScriptFunctionData.java:637)
	at jdk.nashorn.internal.runtime.ScriptFunction.invoke(ScriptFunction.java:494)
	at jdk.nashorn.internal.runtime.ScriptRuntime.apply(ScriptRuntime.java:393)
	at jdk.nashorn.api.scripting.NashornScriptEngine.evalImpl(NashornScriptEngine.java:418)
	at jdk.nashorn.api.scripting.NashornScriptEngine.access$300(NashornScriptEngine.java:73)
	at jdk.nashorn.api.scripting.NashornScriptEngine$3.eval(NashornScriptEngine.java:511)
	at javax.script.CompiledScript.eval(CompiledScript.java:92)
	at net.sf.oval.expression.ExpressionLanguageScriptEngineImpl.evaluate(ExpressionLanguageScriptEngineImpl.java:84)
	at net.sf.oval.expression.AbstractExpressionLanguage.evaluateAsBoolean(AbstractExpressionLanguage.java:25)
	at net.sf.oval.AbstractCheck.isActive(AbstractCheck.java:152)
	at net.sf.oval.Validator.checkConstraint(Validator.java:763)
	at net.sf.oval.Validator._validateObjectInvariants(Validator.java:602)
	at net.sf.oval.Validator.validateInvariants(Validator.java:1384)
	at net.sf.oval.guard.Guard.validateInvariants(Guard.java:1124)
	at net.sf.oval.guard.Guard.guardMethodPre(Guard.java:728)
	at net.sf.oval.guard.GuardAspect.ajc$inlineAccessMethod$net_sf_oval_guard_GuardAspect$net_sf_oval_guard_Guard$guardMethodPre(GuardAspect.aj:1)
	at Pojo.getFieldA_aroundBody3$advice(Pojo.java:128)
	at Pojo.getFieldA(Pojo.java:1)
	at jdk.nashorn.internal.scripts.Script$3$\^eval\_.:program(&lt;eval&gt;:1)
	at jdk.nashorn.internal.runtime.ScriptFunctionData.invoke(ScriptFunctionData.java:637)
	at jdk.nashorn.internal.runtime.ScriptFunction.invoke(ScriptFunction.java:494)
	at jdk.nashorn.internal.runtime.ScriptRuntime.apply(ScriptRuntime.java:393)
	at jdk.nashorn.api.scripting.NashornScriptEngine.evalImpl(NashornScriptEngine.java:418)
	at jdk.nashorn.api.scripting.NashornScriptEngine.access$300(NashornScriptEngine.java:73)
	at jdk.nashorn.api.scripting.NashornScriptEngine$3.eval(NashornScriptEngine.java:511)
	at javax.script.CompiledScript.eval(CompiledScript.java:92)
	at net.sf.oval.expression.ExpressionLanguageScriptEngineImpl.evaluate(ExpressionLanguageScriptEngineImpl.java:84)
	at net.sf.oval.expression.AbstractExpressionLanguage.evaluateAsBoolean(AbstractExpressionLanguage.java:25)
	at net.sf.oval.AbstractCheck.isActive(AbstractCheck.java:152)
	at net.sf.oval.Validator.checkConstraint(Validator.java:763)
	at net.sf.oval.Validator._validateObjectInvariants(Validator.java:602)
	at net.sf.oval.Validator.validateInvariants(Validator.java:1384)
	at net.sf.oval.guard.Guard.validateInvariants(Guard.java:1124)
	at net.sf.oval.guard.Guard.guardMethodPre(Guard.java:728)
	at net.sf.oval.guard.GuardAspect.ajc$inlineAccessMethod$net_sf_oval_guard_GuardAspect$net_sf_oval_guard_Guard$guardMethodPre(GuardAspect.aj:1)
	at Pojo.getFieldA_aroundBody3$advice(Pojo.java:128)
	at Pojo.getFieldA(Pojo.java:1)
	at jdk.nashorn.internal.scripts.Script$3$\^eval\_.:program(&lt;eval&gt;:1)
	at jdk.nashorn.internal.runtime.ScriptFunctionData.invoke(ScriptFunctionData.java:637)
	at jdk.nashorn.internal.runtime.ScriptFunction.invoke(ScriptFunction.java:494)
	at jdk.nashorn.internal.runtime.ScriptRuntime.apply(ScriptRuntime.java:393)
	at jdk.nashorn.api.scripting.NashornScriptEngine.evalImpl(NashornScriptEngine.java:418)
	at jdk.nashorn.api.scripting.NashornScriptEngine.access$300(NashornScriptEngine.java:73)
	at jdk.nashorn.api.scripting.NashornScriptEngine$3.eval(NashornScriptEngine.java:511)
	at javax.script.CompiledScript.eval(CompiledScript.java:92)
	at net.sf.oval.expression.ExpressionLanguageScriptEngineImpl.evaluate(ExpressionLanguageScriptEngineImpl.java:84)
	at net.sf.oval.expression.AbstractExpressionLanguage.evaluateAsBoolean(AbstractExpressionLanguage.java:25)
	at net.sf.oval.AbstractCheck.isActive(AbstractCheck.java:152)
	at net.sf.oval.Validator.checkConstraint(Validator.java:763)
	at net.sf.oval.Validator._validateObjectInvariants(Validator.java:602)
	at net.sf.oval.Validator.validateInvariants(Validator.java:1384)
	at net.sf.oval.guard.Guard.validateInvariants(Guard.java:1124)
	at net.sf.oval.guard.Guard.guardMethodPre(Guard.java:728)
	at net.sf.oval.guard.GuardAspect.ajc$inlineAccessMethod$net_sf_oval_guard_GuardAspect$net_sf_oval_guard_Guard$guardMethodPre(GuardAspect.aj:1)
	at Pojo.getFieldA_aroundBody3$advice(Pojo.java:128)
	at Pojo.getFieldA(Pojo.java:1)
	at jdk.nashorn.internal.scripts.Script$3$\^eval\_.:program(&lt;eval&gt;:1)
	at jdk.nashorn.internal.runtime.ScriptFunctionData.invoke(ScriptFunctionData.java:637)
	at jdk.nashorn.internal.runtime.ScriptFunction.invoke(ScriptFunction.java:494)
	at jdk.nashorn.internal.runtime.ScriptRuntime.apply(ScriptRuntime.java:393)
	at jdk.nashorn.api.scripting.NashornScriptEngine.evalImpl(NashornScriptEngine.java:418)
	at jdk.nashorn.api.scripting.NashornScriptEngine.access$300(NashornScriptEngine.java:73)
	at jdk.nashorn.api.scripting.NashornScriptEngine$3.eval(NashornScriptEngine.java:511)
	at javax.script.CompiledScript.eval(CompiledScript.java:92)
	at net.sf.oval.expression.ExpressionLanguageScriptEngineImpl.evaluate(ExpressionLanguageScriptEngineImpl.java:84)
	at net.sf.oval.expression.AbstractExpressionLanguage.evaluateAsBoolean(AbstractExpressionLanguage.java:25)
	at net.sf.oval.AbstractCheck.isActive(AbstractCheck.java:152)
	at net.sf.oval.Validator.checkConstraint(Validator.java:763)
	at net.sf.oval.Validator._validateObjectInvariants(Validator.java:602)
	at net.sf.oval.Validator.validateInvariants(Validator.java:1384)
	at net.sf.oval.guard.Guard.validateInvariants(Guard.java:1124)
	at net.sf.oval.guard.Guard.guardMethodPre(Guard.java:728)
	at net.sf.oval.guard.GuardAspect.ajc$inlineAccessMethod$net_sf_oval_guard_GuardAspect$net_sf_oval_guard_Guard$guardMethodPre(GuardAspect.aj:1)
	at Pojo.getFieldA_aroundBody3$advice(Pojo.java:128)
	at Pojo.getFieldA(Pojo.java:1)
	at jdk.nashorn.internal.scripts.Script$3$\^eval\_.:program(&lt;eval&gt;:1)
	at jdk.nashorn.internal.runtime.ScriptFunctionData.invoke(ScriptFunctionData.java:637)
	at jdk.nashorn.internal.runtime.ScriptFunction.invoke(ScriptFunction.java:494)
	at jdk.nashorn.internal.runtime.ScriptRuntime.apply(ScriptRuntime.java:393)
	at jdk.nashorn.api.scripting.NashornScriptEngine.evalImpl(NashornScriptEngine.java:418)
	at jdk.nashorn.api.scripting.NashornScriptEngine.access$300(NashornScriptEngine.java:73)
	at jdk.nashorn.api.scripting.NashornScriptEngine$3.eval(NashornScriptEngine.java:511)
	at javax.script.CompiledScript.eval(CompiledScript.java:92)
	at net.sf.oval.expression.ExpressionLanguageScriptEngineImpl.evaluate(ExpressionLanguageScriptEngineImpl.java:84)
	at net.sf.oval.expression.AbstractExpressionLanguage.evaluateAsBoolean(AbstractExpressionLanguage.java:25)
	at net.sf.oval.AbstractCheck.isActive(AbstractCheck.java:152)
	at net.sf.oval.Validator.checkConstraint(Validator.java:763)
	at net.sf.oval.Validator._validateObjectInvariants(Validator.java:602)
	at net.sf.oval.Validator.validateInvariants(Validator.java:1384)
	at net.sf.oval.guard.Guard.validateInvariants(Guard.java:1124)
	at net.sf.oval.guard.Guard.guardMethodPre(Guard.java:728)
	at net.sf.oval.guard.GuardAspect.ajc$inlineAccessMethod$net_sf_oval_guard_GuardAspect$net_sf_oval_guard_Guard$guardMethodPre(GuardAspect.aj:1)
	at Pojo.getFieldA_aroundBody3$advice(Pojo.java:128)
	at Pojo.getFieldA(Pojo.java:1)
	at jdk.nashorn.internal.scripts.Script$3$\^eval\_.:program(&lt;eval&gt;:1)
	at jdk.nashorn.internal.runtime.ScriptFunctionData.invoke(ScriptFunctionData.java:637)
	at jdk.nashorn.internal.runtime.ScriptFunction.invoke(ScriptFunction.java:494)
	at jdk.nashorn.internal.runtime.ScriptRuntime.apply(ScriptRuntime.java:393)
	at jdk.nashorn.api.scripting.NashornScriptEngine.evalImpl(NashornScriptEngine.java:418)
	at jdk.nashorn.api.scripting.NashornScriptEngine.access$300(NashornScriptEngine.java:73)
	at jdk.nashorn.api.scripting.NashornScriptEngine$3.eval(NashornScriptEngine.java:511)
	at javax.script.CompiledScript.eval(CompiledScript.java:92)
	at net.sf.oval.expression.ExpressionLanguageScriptEngineImpl.evaluate(ExpressionLanguageScriptEngineImpl.java:84)
	at net.sf.oval.expression.AbstractExpressionLanguage.evaluateAsBoolean(AbstractExpressionLanguage.java:25)
	at net.sf.oval.AbstractCheck.isActive(AbstractCheck.java:152)
	at net.sf.oval.Validator.checkConstraint(Validator.java:763)
	at net.sf.oval.Validator._validateObjectInvariants(Validator.java:602)
	at net.sf.oval.Validator.validateInvariants(Validator.java:1384)
	at net.sf.oval.guard.Guard.validateInvariants(Guard.java:1124)
	at net.sf.oval.guard.Guard.guardMethodPre(Guard.java:728)
	at net.sf.oval.guard.GuardAspect.ajc$inlineAccessMethod$net_sf_oval_guard_GuardAspect$net_sf_oval_guard_Guard$guardMethodPre(GuardAspect.aj:1)
	at Pojo.getFieldA_aroundBody3$advice(Pojo.java:128)
	at Pojo.getFieldA(Pojo.java:1)
	at jdk.nashorn.internal.scripts.Script$3$\^eval\_.:program(&lt;eval&gt;:1)
	at jdk.nashorn.internal.runtime.ScriptFunctionData.invoke(ScriptFunctionData.java:637)
	at jdk.nashorn.internal.runtime.ScriptFunction.invoke(ScriptFunction.java:494)
	at jdk.nashorn.internal.runtime.ScriptRuntime.apply(ScriptRuntime.java:393)
	at jdk.nashorn.api.scripting.NashornScriptEngine.evalImpl(NashornScriptEngine.java:418)
	at jdk.nashorn.api.scripting.NashornScriptEngine.access$300(NashornScriptEngine.java:73)
	at jdk.nashorn.api.scripting.NashornScriptEngine$3.eval(NashornScriptEngine.java:511)
	at javax.script.CompiledScript.eval(CompiledScript.java:92)
	at net.sf.oval.expression.ExpressionLanguageScriptEngineImpl.evaluate(ExpressionLanguageScriptEngineImpl.java:84)
	at net.sf.oval.expression.AbstractExpressionLanguage.evaluateAsBoolean(AbstractExpressionLanguage.java:25)
	at net.sf.oval.AbstractCheck.isActive(AbstractCheck.java:152)
	at net.sf.oval.Validator.checkConstraint(Validator.java:763)
	at net.sf.oval.Validator._validateObjectInvariants(Validator.java:602)
	at net.sf.oval.Validator.validateInvariants(Validator.java:1384)
	at net.sf.oval.guard.Guard.validateInvariants(Guard.java:1124)
	at net.sf.oval.guard.Guard.guardMethodPre(Guard.java:728)
	at net.sf.oval.guard.GuardAspect.ajc$inlineAccessMethod$net_sf_oval_guard_GuardAspect$net_sf_oval_guard_Guard$guardMethodPre(GuardAspect.aj:1)
	at Pojo.getFieldA_aroundBody3$advice(Pojo.java:128)
	at Pojo.getFieldA(Pojo.java:1)
	at jdk.nashorn.internal.scripts.Script$3$\^eval\_.:program(&lt;eval&gt;:1)
	at jdk.nashorn.internal.runtime.ScriptFunctionData.invoke(ScriptFunctionData.java:637)
	at jdk.nashorn.internal.runtime.ScriptFunction.invoke(ScriptFunction.java:494)
	at jdk.nashorn.internal.runtime.ScriptRuntime.apply(ScriptRuntime.java:393)
	at jdk.nashorn.api.scripting.NashornScriptEngine.evalImpl(NashornScriptEngine.java:418)
	at jdk.nashorn.api.scripting.NashornScriptEngine.access$300(NashornScriptEngine.java:73)
	at jdk.nashorn.api.scripting.NashornScriptEngine$3.eval(NashornScriptEngine.java:511)
	at javax.script.CompiledScript.eval(CompiledScript.java:92)
	at net.sf.oval.expression.ExpressionLanguageScriptEngineImpl.evaluate(ExpressionLanguageScriptEngineImpl.java:84)
	at net.sf.oval.expression.AbstractExpressionLanguage.evaluateAsBoolean(AbstractExpressionLanguage.java:25)
	at net.sf.oval.AbstractCheck.isActive(AbstractCheck.java:152)
	at net.sf.oval.Validator.checkConstraint(Validator.java:763)
	at net.sf.oval.Validator._validateObjectInvariants(Validator.java:602)
	at net.sf.oval.Validator.validateInvariants(Validator.java:1384)
	at net.sf.oval.guard.Guard.validateInvariants(Guard.java:1124)
	at net.sf.oval.guard.Guard.guardMethodPre(Guard.java:728)
	at net.sf.oval.guard.GuardAspect.ajc$inlineAccessMethod$net_sf_oval_guard_GuardAspect$net_sf_oval_guard_Guard$guardMethodPre(GuardAspect.aj:1)
	at Pojo.getFieldA_aroundBody3$advice(Pojo.java:128)
	at Pojo.getFieldA(Pojo.java:1)
	at jdk.nashorn.internal.scripts.Script$3$\^eval\_.:program(&lt;eval&gt;:1)
	at jdk.nashorn.internal.runtime.ScriptFunctionData.invoke(ScriptFunctionData.java:637)
	at jdk.nashorn.internal.runtime.ScriptFunction.invoke(ScriptFunction.java:494)
	at jdk.nashorn.internal.runtime.ScriptRuntime.apply(ScriptRuntime.java:393)
	at jdk.nashorn.api.scripting.NashornScriptEngine.evalImpl(NashornScriptEngine.java:418)
	at jdk.nashorn.api.scripting.NashornScriptEngine.access$300(NashornScriptEngine.java:73)
	at jdk.nashorn.api.scripting.NashornScriptEngine$3.eval(NashornScriptEngine.java:511)
	at javax.script.CompiledScript.eval(CompiledScript.java:92)
	at net.sf.oval.expression.ExpressionLanguageScriptEngineImpl.evaluate(ExpressionLanguageScriptEngineImpl.java:84)
	at net.sf.oval.expression.AbstractExpressionLanguage.evaluateAsBoolean(AbstractExpressionLanguage.java:25)
	at net.sf.oval.AbstractCheck.isActive(AbstractCheck.java:152)
	at net.sf.oval.Validator.checkConstraint(Validator.java:763)
	at net.sf.oval.Validator._validateObjectInvariants(Validator.java:602)
	at net.sf.oval.Validator.validateInvariants(Validator.java:1384)
	at net.sf.oval.guard.Guard.validateInvariants(Guard.java:1124)
	at net.sf.oval.guard.Guard.guardMethodPre(Guard.java:728)
	at net.sf.oval.guard.GuardAspect.ajc$inlineAccessMethod$net_sf_oval_guard_GuardAspect$net_sf_oval_guard_Guard$guardMethodPre(GuardAspect.aj:1)
	at Pojo.getFieldA_aroundBody3$advice(Pojo.java:128)
	at Pojo.getFieldA(Pojo.java:1)
	at jdk.nashorn.internal.scripts.Script$3$\^eval\_.:program(&lt;eval&gt;:1)
	at jdk.nashorn.internal.runtime.ScriptFunctionData.invoke(ScriptFunctionData.java:637)
	at jdk.nashorn.internal.runtime.ScriptFunction.invoke(ScriptFunction.java:494)
	at jdk.nashorn.internal.runtime.ScriptRuntime.apply(ScriptRuntime.java:393)
	at jdk.nashorn.api.scripting.NashornScriptEngine.evalImpl(NashornScriptEngine.java:418)
	at jdk.nashorn.api.scripting.NashornScriptEngine.access$300(NashornScriptEngine.java:73)
	at jdk.nashorn.api.scripting.NashornScriptEngine$3.eval(NashornScriptEngine.java:511)
	at javax.script.CompiledScript.eval(CompiledScript.java:92)
	at net.sf.oval.expression.ExpressionLanguageScriptEngineImpl.evaluate(ExpressionLanguageScriptEngineImpl.java:84)
	at net.sf.oval.expression.AbstractExpressionLanguage.evaluateAsBoolean(AbstractExpressionLanguage.java:25)
	at net.sf.oval.AbstractCheck.isActive(AbstractCheck.java:152)
	at net.sf.oval.Validator.checkConstraint(Validator.java:763)
	at net.sf.oval.Validator._validateObjectInvariants(Validator.java:602)
	at net.sf.oval.Validator.validateInvariants(Validator.java:1384)
	at net.sf.oval.guard.Guard.validateInvariants(Guard.java:1124)
	at net.sf.oval.guard.Guard.guardMethodPre(Guard.java:728)
	at net.sf.oval.guard.GuardAspect.ajc$inlineAccessMethod$net_sf_oval_guard_GuardAspect$net_sf_oval_guard_Guard$guardMethodPre(GuardAspect.aj:1)
	at Pojo.getFieldA_aroundBody3$advice(Pojo.java:128)
	at Pojo.getFieldA(Pojo.java:1)
	at jdk.nashorn.internal.scripts.Script$3$\^eval\_.:program(&lt;eval&gt;:1)
	at jdk.nashorn.internal.runtime.ScriptFunctionData.invoke(ScriptFunctionData.java:637)
	at jdk.nashorn.internal.runtime.ScriptFunction.invoke(ScriptFunction.java:494)
	at jdk.nashorn.internal.runtime.ScriptRuntime.apply(ScriptRuntime.java:393)
	at jdk.nashorn.api.scripting.NashornScriptEngine.evalImpl(NashornScriptEngine.java:418)
	at jdk.nashorn.api.scripting.NashornScriptEngine.access$300(NashornScriptEngine.java:73)
	at jdk.nashorn.api.scripting.NashornScriptEngine$3.eval(NashornScriptEngine.java:511)
	at javax.script.CompiledScript.eval(CompiledScript.java:92)
	at net.sf.oval.expression.ExpressionLanguageScriptEngineImpl.evaluate(ExpressionLanguageScriptEngineImpl.java:84)
	at net.sf.oval.expression.AbstractExpressionLanguage.evaluateAsBoolean(AbstractExpressionLanguage.java:25)
	at net.sf.oval.AbstractCheck.isActive(AbstractCheck.java:152)
	at net.sf.oval.Validator.checkConstraint(Validator.java:763)
	at net.sf.oval.Validator._validateObjectInvariants(Validator.java:602)
	at net.sf.oval.Validator.validateInvariants(Validator.java:1384)
	at net.sf.oval.guard.Guard.validateInvariants(Guard.java:1124)
	at net.sf.oval.guard.Guard.guardMethodPre(Guard.java:728)
	at net.sf.oval.guard.GuardAspect.ajc$inlineAccessMethod$net_sf_oval_guard_GuardAspect$net_sf_oval_guard_Guard$guardMethodPre(GuardAspect.aj:1)
	at Pojo.getFieldA_aroundBody3$advice(Pojo.java:128)
	at Pojo.getFieldA(Pojo.java:1)
	at jdk.nashorn.internal.scripts.Script$3$\^eval\_.:program(&lt;eval&gt;:1)
	at jdk.nashorn.internal.runtime.ScriptFunctionData.invoke(ScriptFunctionData.java:637)
	at jdk.nashorn.internal.runtime.ScriptFunction.invoke(ScriptFunction.java:494)
	at jdk.nashorn.internal.runtime.ScriptRuntime.apply(ScriptRuntime.java:393)
	at jdk.nashorn.api.scripting.NashornScriptEngine.evalImpl(NashornScriptEngine.java:418)
	at jdk.nashorn.api.scripting.NashornScriptEngine.access$300(NashornScriptEngine.java:73)
	at jdk.nashorn.api.scripting.NashornScriptEngine$3.eval(NashornScriptEngine.java:511)
	at javax.script.CompiledScript.eval(CompiledScript.java:92)
	at net.sf.oval.expression.ExpressionLanguageScriptEngineImpl.evaluate(ExpressionLanguageScriptEngineImpl.java:84)
	at net.sf.oval.expression.AbstractExpressionLanguage.evaluateAsBoolean(AbstractExpressionLanguage.java:25)
	at net.sf.oval.AbstractCheck.isActive(AbstractCheck.java:152)
	at net.sf.oval.Validator.checkConstraint(Validator.java:763)
	at net.sf.oval.Validator._validateObjectInvariants(Validator.java:602)
	at net.sf.oval.Validator.validateInvariants(Validator.java:1384)
	at net.sf.oval.guard.Guard.validateInvariants(Guard.java:1124)
	at net.sf.oval.guard.Guard.guardMethodPre(Guard.java:728)
	at net.sf.oval.guard.GuardAspect.ajc$inlineAccessMethod$net_sf_oval_guard_GuardAspect$net_sf_oval_guard_Guard$guardMethodPre(GuardAspect.aj:1)
	at Pojo.getFieldA_aroundBody3$advice(Pojo.java:128)
	at Pojo.getFieldA(Pojo.java:1)
	at jdk.nashorn.internal.scripts.Script$3$\^eval\_.:program(&lt;eval&gt;:1)
	at jdk.nashorn.internal.runtime.ScriptFunctionData.invoke(ScriptFunctionData.java:637)
	at jdk.nashorn.internal.runtime.ScriptFunction.invoke(ScriptFunction.java:494)
	at jdk.nashorn.internal.runtime.ScriptRuntime.apply(ScriptRuntime.java:393)
	at jdk.nashorn.api.scripting.NashornScriptEngine.evalImpl(NashornScriptEngine.java:418)
	at jdk.nashorn.api.scripting.NashornScriptEngine.access$300(NashornScriptEngine.java:73)
	at jdk.nashorn.api.scripting.NashornScriptEngine$3.eval(NashornScriptEngine.java:511)
	at javax.script.CompiledScript.eval(CompiledScript.java:92)
	at net.sf.oval.expression.ExpressionLanguageScriptEngineImpl.evaluate(ExpressionLanguageScriptEngineImpl.java:84)
	at net.sf.oval.expression.AbstractExpressionLanguage.evaluateAsBoolean(AbstractExpressionLanguage.java:25)
	at net.sf.oval.AbstractCheck.isActive(AbstractCheck.java:152)
	at net.sf.oval.Validator.checkConstraint(Validator.java:763)
	at net.sf.oval.Validator._validateObjectInvariants(Validator.java:602)
	at net.sf.oval.Validator.validateInvariants(Validator.java:1384)
	at net.sf.oval.guard.Guard.validateInvariants(Guard.java:1124)
	at net.sf.oval.guard.Guard.guardMethodPre(Guard.java:728)
	at net.sf.oval.guard.GuardAspect.ajc$inlineAccessMethod$net_sf_oval_guard_GuardAspect$net_sf_oval_guard_Guard$guardMethodPre(GuardAspect.aj:1)
	at Pojo.getFieldA_aroundBody3$advice(Pojo.java:128)
	at Pojo.getFieldA(Pojo.java:1)
	at jdk.nashorn.internal.scripts.Script$3$\^eval\_.:program(&lt;eval&gt;:1)
	at jdk.nashorn.internal.runtime.ScriptFunctionData.invoke(ScriptFunctionData.java:637)
	at jdk.nashorn.internal.runtime.ScriptFunction.invoke(ScriptFunction.java:494)
	at jdk.nashorn.internal.runtime.ScriptRuntime.apply(ScriptRuntime.java:393)
	at jdk.nashorn.api.scripting.NashornScriptEngine.evalImpl(NashornScriptEngine.java:418)
	at jdk.nashorn.api.scripting.NashornScriptEngine.access$300(NashornScriptEngine.java:73)
	at jdk.nashorn.api.scripting.NashornScriptEngine$3.eval(NashornScriptEngine.java:511)
	at javax.script.CompiledScript.eval(CompiledScript.java:92)
	at net.sf.oval.expression.ExpressionLanguageScriptEngineImpl.evaluate(ExpressionLanguageScriptEngineImpl.java:84)
	at net.sf.oval.expression.AbstractExpressionLanguage.evaluateAsBoolean(AbstractExpressionLanguage.java:25)
	at net.sf.oval.AbstractCheck.isActive(AbstractCheck.java:152)
	at net.sf.oval.Validator.checkConstraint(Validator.java:763)
	at net.sf.oval.Validator._validateObjectInvariants(Validator.java:602)
	at net.sf.oval.Validator.validateInvariants(Validator.java:1384)
	at net.sf.oval.guard.Guard.validateInvariants(Guard.java:1124)
	at net.sf.oval.guard.Guard.guardMethodPre(Guard.java:728)
	at net.sf.oval.guard.GuardAspect.ajc$inlineAccessMethod$net_sf_oval_guard_GuardAspect$net_sf_oval_guard_Guard$guardMethodPre(GuardAspect.aj:1)
	at Pojo.getFieldA_aroundBody3$advice(Pojo.java:128)
	at Pojo.getFieldA(Pojo.java:1)
	at jdk.nashorn.internal.scripts.Script$3$\^eval\_.:program(&lt;eval&gt;:1)
	at jdk.nashorn.internal.runtime.ScriptFunctionData.invoke(ScriptFunctionData.java:637)
	at jdk.nashorn.internal.runtime.ScriptFunction.invoke(ScriptFunction.java:494)
	at jdk.nashorn.internal.runtime.ScriptRuntime.apply(ScriptRuntime.java:393)
	at jdk.nashorn.api.scripting.NashornScriptEngine.evalImpl(NashornScriptEngine.java:418)
	at jdk.nashorn.api.scripting.NashornScriptEngine.access$300(NashornScriptEngine.java:73)
	at jdk.nashorn.api.scripting.NashornScriptEngine$3.eval(NashornScriptEngine.java:511)
	at javax.script.CompiledScript.eval(CompiledScript.java:92)
	at net.sf.oval.expression.ExpressionLanguageScriptEngineImpl.evaluate(ExpressionLanguageScriptEngineImpl.java:84)
	at net.sf.oval.expression.AbstractExpressionLanguage.evaluateAsBoolean(AbstractExpressionLanguage.java:25)
	at net.sf.oval.AbstractCheck.isActive(AbstractCheck.java:152)
	at net.sf.oval.Validator.checkConstraint(Validator.java:763)
	at net.sf.oval.Validator._validateObjectInvariants(Validator.java:602)
	at net.sf.oval.Validator.validateInvariants(Validator.java:1384)
	at net.sf.oval.guard.Guard.validateInvariants(Guard.java:1124)
	at net.sf.oval.guard.Guard.guardMethodPre(Guard.java:728)
	at net.sf.oval.guard.GuardAspect.ajc$inlineAccessMethod$net_sf_oval_guard_GuardAspect$net_sf_oval_guard_Guard$guardMethodPre(GuardAspect.aj:1)
	at Pojo.getFieldA_aroundBody3$advice(Pojo.java:128)
	at Pojo.getFieldA(Pojo.java:1)
	at jdk.nashorn.internal.scripts.Script$3$\^eval\_.:program(&lt;eval&gt;:1)
	at jdk.nashorn.internal.runtime.ScriptFunctionData.invoke(ScriptFunctionData.java:637)
	at jdk.nashorn.internal.runtime.ScriptFunction.invoke(ScriptFunction.java:494)
	at jdk.nashorn.internal.runtime.ScriptRuntime.apply(ScriptRuntime.java:393)
	at jdk.nashorn.api.scripting.NashornScriptEngine.evalImpl(NashornScriptEngine.java:418)
	at jdk.nashorn.api.scripting.NashornScriptEngine.access$300(NashornScriptEngine.java:73)
	at jdk.nashorn.api.scripting.NashornScriptEngine$3.eval(NashornScriptEngine.java:511)
	at javax.script.CompiledScript.eval(CompiledScript.java:92)
	at net.sf.oval.expression.ExpressionLanguageScriptEngineImpl.evaluate(ExpressionLanguageScriptEngineImpl.java:84)
	at net.sf.oval.expression.AbstractExpressionLanguage.evaluateAsBoolean(AbstractExpressionLanguage.java:25)
	at net.sf.oval.AbstractCheck.isActive(AbstractCheck.java:152)
	at net.sf.oval.Validator.checkConstraint(Validator.java:763)
	at net.sf.oval.Validator._validateObjectInvariants(Validator.java:602)
	at net.sf.oval.Validator.validateInvariants(Validator.java:1384)
	at net.sf.oval.guard.Guard.validateInvariants(Guard.java:1124)
	at net.sf.oval.guard.Guard.guardMethodPre(Guard.java:728)
	at net.sf.oval.guard.GuardAspect.ajc$inlineAccessMethod$net_sf_oval_guard_GuardAspect$net_sf_oval_guard_Guard$guardMethodPre(GuardAspect.aj:1)
	at Pojo.getFieldA_aroundBody3$advice(Pojo.java:128)
	at Pojo.getFieldA(Pojo.java:1)
	at jdk.nashorn.internal.scripts.Script$3$\^eval\_.:program(&lt;eval&gt;:1)
	at jdk.nashorn.internal.runtime.ScriptFunctionData.invoke(ScriptFunctionData.java:637)
	at jdk.nashorn.internal.runtime.ScriptFunction.invoke(ScriptFunction.java:494)
	at jdk.nashorn.internal.runtime.ScriptRuntime.apply(ScriptRuntime.java:393)
	at jdk.nashorn.api.scripting.NashornScriptEngine.evalImpl(NashornScriptEngine.java:418)
	at jdk.nashorn.api.scripting.NashornScriptEngine.access$300(NashornScriptEngine.java:73)
	at jdk.nashorn.api.scripting.NashornScriptEngine$3.eval(NashornScriptEngine.java:511)
	at javax.script.CompiledScript.eval(CompiledScript.java:92)
	at net.sf.oval.expression.ExpressionLanguageScriptEngineImpl.evaluate(ExpressionLanguageScriptEngineImpl.java:84)
	at net.sf.oval.expression.AbstractExpressionLanguage.evaluateAsBoolean(AbstractExpressionLanguage.java:25)
	at net.sf.oval.AbstractCheck.isActive(AbstractCheck.java:152)
	at net.sf.oval.Validator.checkConstraint(Validator.java:763)
	at net.sf.oval.Validator._validateObjectInvariants(Validator.java:602)
	at net.sf.oval.Validator.validateInvariants(Validator.java:1384)
	at net.sf.oval.guard.Guard.validateInvariants(Guard.java:1124)
	at net.sf.oval.guard.Guard.guardMethodPre(Guard.java:728)
	at net.sf.oval.guard.GuardAspect.ajc$inlineAccessMethod$net_sf_oval_guard_GuardAspect$net_sf_oval_guard_Guard$guardMethodPre(GuardAspect.aj:1)
	at Pojo.getFieldA_aroundBody3$advice(Pojo.java:128)
	at Pojo.getFieldA(Pojo.java:1)
	at jdk.nashorn.internal.scripts.Script$3$\^eval\_.:program(&lt;eval&gt;:1)
	at jdk.nashorn.internal.runtime.ScriptFunctionData.invoke(ScriptFunctionData.java:637)
	at jdk.nashorn.internal.runtime.ScriptFunction.invoke(ScriptFunction.java:494)
	at jdk.nashorn.internal.runtime.ScriptRuntime.apply(ScriptRuntime.java:393)
	at jdk.nashorn.api.scripting.NashornScriptEngine.evalImpl(NashornScriptEngine.java:418)
	at jdk.nashorn.api.scripting.NashornScriptEngine.access$300(NashornScriptEngine.java:73)
	at jdk.nashorn.api.scripting.NashornScriptEngine$3.eval(NashornScriptEngine.java:511)
	at javax.script.CompiledScript.eval(CompiledScript.java:92)
	at net.sf.oval.expression.ExpressionLanguageScriptEngineImpl.evaluate(ExpressionLanguageScriptEngineImpl.java:84)
	at net.sf.oval.expression.AbstractExpressionLanguage.evaluateAsBoolean(AbstractExpressionLanguage.java:25)
	at net.sf.oval.AbstractCheck.isActive(AbstractCheck.java:152)
	at net.sf.oval.Validator.checkConstraint(Validator.java:763)
	at net.sf.oval.Validator._validateObjectInvariants(Validator.java:602)
	at net.sf.oval.Validator.validateInvariants(Validator.java:1384)
	at net.sf.oval.guard.Guard.validateInvariants(Guard.java:1124)
	at net.sf.oval.guard.Guard.guardMethodPre(Guard.java:728)
	at net.sf.oval.guard.GuardAspect.ajc$inlineAccessMethod$net_sf_oval_guard_GuardAspect$net_sf_oval_guard_Guard$guardMethodPre(GuardAspect.aj:1)
	at Pojo.getFieldA_aroundBody3$advice(Pojo.java:128)
	at Pojo.getFieldA(Pojo.java:1)
	at jdk.nashorn.internal.scripts.Script$3$\^eval\_.:program(&lt;eval&gt;:1)
	at jdk.nashorn.internal.runtime.ScriptFunctionData.invoke(ScriptFunctionData.java:637)
	at jdk.nashorn.internal.runtime.ScriptFunction.invoke(ScriptFunction.java:494)
	at jdk.nashorn.internal.runtime.ScriptRuntime.apply(ScriptRuntime.java:393)
	at jdk.nashorn.api.scripting.NashornScriptEngine.evalImpl(NashornScriptEngine.java:418)
	at jdk.nashorn.api.scripting.NashornScriptEngine.access$300(NashornScriptEngine.java:73)
	at jdk.nashorn.api.scripting.NashornScriptEngine$3.eval(NashornScriptEngine.java:511)
	at javax.script.CompiledScript.eval(CompiledScript.java:92)
	at net.sf.oval.expression.ExpressionLanguageScriptEngineImpl.evaluate(ExpressionLanguageScriptEngineImpl.java:84)
	at net.sf.oval.expression.AbstractExpressionLanguage.evaluateAsBoolean(AbstractExpressionLanguage.java:25)
	at net.sf.oval.AbstractCheck.isActive(AbstractCheck.java:152)
	at net.sf.oval.Validator.checkConstraint(Validator.java:763)
	at net.sf.oval.Validator._validateObjectInvariants(Validator.java:602)
	at net.sf.oval.Validator.validateInvariants(Validator.java:1384)
	at net.sf.oval.guard.Guard.validateInvariants(Guard.java:1124)
	at net.sf.oval.guard.Guard.guardMethodPre(Guard.java:728)
	at net.sf.oval.guard.GuardAspect.ajc$inlineAccessMethod$net_sf_oval_guard_GuardAspect$net_sf_oval_guard_Guard$guardMethodPre(GuardAspect.aj:1)
	at Pojo.getFieldA_aroundBody3$advice(Pojo.java:128)
	at Pojo.getFieldA(Pojo.java:1)
	at jdk.nashorn.internal.scripts.Script$3$\^eval\_.:program(&lt;eval&gt;:1)
	at jdk.nashorn.internal.runtime.ScriptFunctionData.invoke(ScriptFunctionData.java:637)
	at jdk.nashorn.internal.runtime.ScriptFunction.invoke(ScriptFunction.java:494)
	at jdk.nashorn.internal.runtime.ScriptRuntime.apply(ScriptRuntime.java:393)
	at jdk.nashorn.api.scripting.NashornScriptEngine.evalImpl(NashornScriptEngine.java:418)
	at jdk.nashorn.api.scripting.NashornScriptEngine.access$300(NashornScriptEngine.java:73)
	at jdk.nashorn.api.scripting.NashornScriptEngine$3.eval(NashornScriptEngine.java:511)
	at javax.script.CompiledScript.eval(CompiledScript.java:92)
	at net.sf.oval.expression.ExpressionLanguageScriptEngineImpl.evaluate(ExpressionLanguageScriptEngineImpl.java:84)
	at net.sf.oval.expression.AbstractExpressionLanguage.evaluateAsBoolean(AbstractExpressionLanguage.java:25)
	at net.sf.oval.AbstractCheck.isActive(AbstractCheck.java:152)
	at net.sf.oval.Validator.checkConstraint(Validator.java:763)
	at net.sf.oval.Validator._validateObjectInvariants(Validator.java:602)
	at net.sf.oval.Validator.validateInvariants(Validator.java:1384)
	at net.sf.oval.guard.Guard.validateInvariants(Guard.java:1124)
	at net.sf.oval.guard.Guard.guardMethodPre(Guard.java:728)
	at net.sf.oval.guard.GuardAspect.ajc$inlineAccessMethod$net_sf_oval_guard_GuardAspect$net_sf_oval_guard_Guard$guardMethodPre(GuardAspect.aj:1)
	at Pojo.getFieldA_aroundBody3$advice(Pojo.java:128)
	at Pojo.getFieldA(Pojo.java:1)
	at jdk.nashorn.internal.scripts.Script$3$\^eval\_.:program(&lt;eval&gt;:1)
	at jdk.nashorn.internal.runtime.ScriptFunctionData.invoke(ScriptFunctionData.java:637)
	at jdk.nashorn.internal.runtime.ScriptFunction.invoke(ScriptFunction.java:494)
	at jdk.nashorn.internal.runtime.ScriptRuntime.apply(ScriptRuntime.java:393)
	at jdk.nashorn.api.scripting.NashornScriptEngine.evalImpl(NashornScriptEngine.java:418)
	at jdk.nashorn.api.scripting.NashornScriptEngine.access$300(NashornScriptEngine.java:73)
	at jdk.nashorn.api.scripting.NashornScriptEngine$3.eval(NashornScriptEngine.java:511)
	at javax.script.CompiledScript.eval(CompiledScript.java:92)
	at net.sf.oval.expression.ExpressionLanguageScriptEngineImpl.evaluate(ExpressionLanguageScriptEngineImpl.java:84)
	at net.sf.oval.expression.AbstractExpressionLanguage.evaluateAsBoolean(AbstractExpressionLanguage.java:25)
	at net.sf.oval.AbstractCheck.isActive(AbstractCheck.java:152)
	at net.sf.oval.Validator.checkConstraint(Validator.java:763)
	at net.sf.oval.Validator._validateObjectInvariants(Validator.java:602)
	at net.sf.oval.Validator.validateInvariants(Validator.java:1384)
	at net.sf.oval.guard.Guard.validateInvariants(Guard.java:1124)
	at net.sf.oval.guard.Guard.guardMethodPre(Guard.java:728)
	at net.sf.oval.guard.GuardAspect.ajc$inlineAccessMethod$net_sf_oval_guard_GuardAspect$net_sf_oval_guard_Guard$guardMethodPre(GuardAspect.aj:1)
	at Pojo.getFieldA_aroundBody3$advice(Pojo.java:128)
	at Pojo.getFieldA(Pojo.java:1)
	at jdk.nashorn.internal.scripts.Script$3$\^eval\_.:program(&lt;eval&gt;:1)
	at jdk.nashorn.internal.runtime.ScriptFunctionData.invoke(ScriptFunctionData.java:637)
	at jdk.nashorn.internal.runtime.ScriptFunction.invoke(ScriptFunction.java:494)
	at jdk.nashorn.internal.runtime.ScriptRuntime.apply(ScriptRuntime.java:393)
	at jdk.nashorn.api.scripting.NashornScriptEngine.evalImpl(NashornScriptEngine.java:418)
	at jdk.nashorn.api.scripting.NashornScriptEngine.access$300(NashornScriptEngine.java:73)
	at jdk.nashorn.api.scripting.NashornScriptEngine$3.eval(NashornScriptEngine.java:511)
	at javax.script.CompiledScript.eval(CompiledScript.java:92)
	at net.sf.oval.expression.ExpressionLanguageScriptEngineImpl.evaluate(ExpressionLanguageScriptEngineImpl.java:84)
	at net.sf.oval.expression.AbstractExpressionLanguage.evaluateAsBoolean(AbstractExpressionLanguage.java:25)
	at net.sf.oval.AbstractCheck.isActive(AbstractCheck.java:152)
	at net.sf.oval.Validator.checkConstraint(Validator.java:763)
	at net.sf.oval.Validator._validateObjectInvariants(Validator.java:602)
	at net.sf.oval.Validator.validateInvariants(Validator.java:1384)
	at net.sf.oval.guard.Guard.validateInvariants(Guard.java:1124)
	at net.sf.oval.guard.Guard.guardMethodPre(Guard.java:728)
	at net.sf.oval.guard.GuardAspect.ajc$inlineAccessMethod$net_sf_oval_guard_GuardAspect$net_sf_oval_guard_Guard$guardMethodPre(GuardAspect.aj:1)
	at Pojo.getFieldA_aroundBody3$advice(Pojo.java:128)
	at Pojo.getFieldA(Pojo.java:1)
	at jdk.nashorn.internal.scripts.Script$3$\^eval\_.:program(&lt;eval&gt;:1)
	at jdk.nashorn.internal.runtime.ScriptFunctionData.invoke(ScriptFunctionData.java:637)
	at jdk.nashorn.internal.runtime.ScriptFunction.invoke(ScriptFunction.java:494)
	at jdk.nashorn.internal.runtime.ScriptRuntime.apply(ScriptRuntime.java:393)
	at jdk.nashorn.api.scripting.NashornScriptEngine.evalImpl(NashornScriptEngine.java:418)
	at jdk.nashorn.api.scripting.NashornScriptEngine.access$300(NashornScriptEngine.java:73)
	at jdk.nashorn.api.scripting.NashornScriptEngine$3.eval(NashornScriptEngine.java:511)
	at javax.script.CompiledScript.eval(CompiledScript.java:92)
	at net.sf.oval.expression.ExpressionLanguageScriptEngineImpl.evaluate(ExpressionLanguageScriptEngineImpl.java:84)
	at net.sf.oval.expression.AbstractExpressionLanguage.evaluateAsBoolean(AbstractExpressionLanguage.java:25)
	at net.sf.oval.AbstractCheck.isActive(AbstractCheck.java:152)
	at net.sf.oval.Validator.checkConstraint(Validator.java:763)
	at net.sf.oval.Validator._validateObjectInvariants(Validator.java:602)
	at net.sf.oval.Validator.validateInvariants(Validator.java:1384)
	at net.sf.oval.guard.Guard.validateInvariants(Guard.java:1124)
	at net.sf.oval.guard.Guard.guardMethodPre(Guard.java:728)
	at net.sf.oval.guard.GuardAspect.ajc$inlineAccessMethod$net_sf_oval_guard_GuardAspect$net_sf_oval_guard_Guard$guardMethodPre(GuardAspect.aj:1)
	at Pojo.getFieldA_aroundBody3$advice(Pojo.java:128)
	at Pojo.getFieldA(Pojo.java:1)
	at jdk.nashorn.internal.scripts.Script$3$\^eval\_.:program(&lt;eval&gt;:1)
	at jdk.nashorn.internal.runtime.ScriptFunctionData.invoke(ScriptFunctionData.java:637)
	at jdk.nashorn.internal.runtime.ScriptFunction.invoke(ScriptFunction.java:494)
	at jdk.nashorn.internal.runtime.ScriptRuntime.apply(ScriptRuntime.java:393)
	at jdk.nashorn.api.scripting.NashornScriptEngine.evalImpl(NashornScriptEngine.java:418)
	at jdk.nashorn.api.scripting.NashornScriptEngine.access$300(NashornScriptEngine.java:73)
	at jdk.nashorn.api.scripting.NashornScriptEngine$3.eval(NashornScriptEngine.java:511)
	at javax.script.CompiledScript.eval(CompiledScript.java:92)
	at net.sf.oval.expression.ExpressionLanguageScriptEngineImpl.evaluate(ExpressionLanguageScriptEngineImpl.java:84)
	at net.sf.oval.expression.AbstractExpressionLanguage.evaluateAsBoolean(AbstractExpressionLanguage.java:25)
	at net.sf.oval.AbstractCheck.isActive(AbstractCheck.java:152)
	at net.sf.oval.Validator.checkConstraint(Validator.java:763)
	at net.sf.oval.Validator._validateObjectInvariants(Validator.java:602)
	at net.sf.oval.Validator.validateInvariants(Validator.java:1384)
	at net.sf.oval.guard.Guard.validateInvariants(Guard.java:1124)
	at net.sf.oval.guard.Guard.guardMethodPre(Guard.java:728)
	at net.sf.oval.guard.GuardAspect.ajc$inlineAccessMethod$net_sf_oval_guard_GuardAspect$net_sf_oval_guard_Guard$guardMethodPre(GuardAspect.aj:1)
	at Pojo.getFieldA_aroundBody3$advice(Pojo.java:128)
	at Pojo.getFieldA(Pojo.java:1)
	at jdk.nashorn.internal.scripts.Script$3$\^eval\_.:program(&lt;eval&gt;:1)
	at jdk.nashorn.internal.runtime.ScriptFunctionData.invoke(ScriptFunctionData.java:637)
	at jdk.nashorn.internal.runtime.ScriptFunction.invoke(ScriptFunction.java:494)
	at jdk.nashorn.internal.runtime.ScriptRuntime.apply(ScriptRuntime.java:393)
	at jdk.nashorn.api.scripting.NashornScriptEngine.evalImpl(NashornScriptEngine.java:418)
	at jdk.nashorn.api.scripting.NashornScriptEngine.access$300(NashornScriptEngine.java:73)
	at jdk.nashorn.api.scripting.NashornScriptEngine$3.eval(NashornScriptEngine.java:511)
	at javax.script.CompiledScript.eval(CompiledScript.java:92)
	at net.sf.oval.expression.ExpressionLanguageScriptEngineImpl.evaluate(ExpressionLanguageScriptEngineImpl.java:84)
	at net.sf.oval.expression.AbstractExpressionLanguage.evaluateAsBoolean(AbstractExpressionLanguage.java:25)
	at net.sf.oval.AbstractCheck.isActive(AbstractCheck.java:152)
	at net.sf.oval.Validator.checkConstraint(Validator.java:763)
	at net.sf.oval.Validator._validateObjectInvariants(Validator.java:602)
	at net.sf.oval.Validator.validateInvariants(Validator.java:1384)
	at net.sf.oval.guard.Guard.validateInvariants(Guard.java:1124)
	at net.sf.oval.guard.Guard.guardMethodPre(Guard.java:728)
	at net.sf.oval.guard.GuardAspect.ajc$inlineAccessMethod$net_sf_oval_guard_GuardAspect$net_sf_oval_guard_Guard$guardMethodPre(GuardAspect.aj:1)
	at Pojo.getFieldA_aroundBody3$advice(Pojo.java:128)
	at Pojo.getFieldA(Pojo.java:1)
	at jdk.nashorn.internal.scripts.Script$3$\^eval\_.:program(&lt;eval&gt;:1)
	at jdk.nashorn.internal.runtime.ScriptFunctionData.invoke(ScriptFunctionData.java:637)
	at jdk.nashorn.internal.runtime.ScriptFunction.invoke(ScriptFunction.java:494)
	at jdk.nashorn.internal.runtime.ScriptRuntime.apply(ScriptRuntime.java:393)
	at jdk.nashorn.api.scripting.NashornScriptEngine.evalImpl(NashornScriptEngine.java:418)
	at jdk.nashorn.api.scripting.NashornScriptEngine.access$300(NashornScriptEngine.java:73)
	at jdk.nashorn.api.scripting.NashornScriptEngine$3.eval(NashornScriptEngine.java:511)
	at javax.script.CompiledScript.eval(CompiledScript.java:92)
	at net.sf.oval.expression.ExpressionLanguageScriptEngineImpl.evaluate(ExpressionLanguageScriptEngineImpl.java:84)
	at net.sf.oval.expression.AbstractExpressionLanguage.evaluateAsBoolean(AbstractExpressionLanguage.java:25)
	at net.sf.oval.AbstractCheck.isActive(AbstractCheck.java:152)
	at net.sf.oval.Validator.checkConstraint(Validator.java:763)
	at net.sf.oval.Validator._validateObjectInvariants(Validator.java:602)
	at net.sf.oval.Validator.validateInvariants(Validator.java:1384)
	at net.sf.oval.guard.Guard.validateInvariants(Guard.java:1124)
	at net.sf.oval.guard.Guard.guardMethodPre(Guard.java:728)
	at net.sf.oval.guard.GuardAspect.ajc$inlineAccessMethod$net_sf_oval_guard_GuardAspect$net_sf_oval_guard_Guard$guardMethodPre(GuardAspect.aj:1)
	at Pojo.getFieldA_aroundBody3$advice(Pojo.java:128)
	at Pojo.getFieldA(Pojo.java:1)
	at jdk.nashorn.internal.scripts.Script$3$\^eval\_.:program(&lt;eval&gt;:1)
	at jdk.nashorn.internal.runtime.ScriptFunctionData.invoke(ScriptFunctionData.java:637)
	at jdk.nashorn.internal.runtime.ScriptFunction.invoke(ScriptFunction.java:494)
	at jdk.nashorn.internal.runtime.ScriptRuntime.apply(ScriptRuntime.java:393)
	at jdk.nashorn.api.scripting.NashornScriptEngine.evalImpl(NashornScriptEngine.java:418)
	at jdk.nashorn.api.scripting.NashornScriptEngine.access$300(NashornScriptEngine.java:73)
	at jdk.nashorn.api.scripting.NashornScriptEngine$3.eval(NashornScriptEngine.java:511)
	at javax.script.CompiledScript.eval(CompiledScript.java:92)
	at net.sf.oval.expression.ExpressionLanguageScriptEngineImpl.evaluate(ExpressionLanguageScriptEngineImpl.java:84)
	at net.sf.oval.expression.AbstractExpressionLanguage.evaluateAsBoolean(AbstractExpressionLanguage.java:25)
	at net.sf.oval.AbstractCheck.isActive(AbstractCheck.java:152)
	at net.sf.oval.Validator.checkConstraint(Validator.java:763)
	at net.sf.oval.Validator._validateObjectInvariants(Validator.java:602)
	at net.sf.oval.Validator.validateInvariants(Validator.java:1384)
	at net.sf.oval.guard.Guard.validateInvariants(Guard.java:1124)
	at net.sf.oval.guard.Guard.guardMethodPre(Guard.java:728)
	at net.sf.oval.guard.GuardAspect.ajc$inlineAccessMethod$net_sf_oval_guard_GuardAspect$net_sf_oval_guard_Guard$guardMethodPre(GuardAspect.aj:1)
	at Pojo.getFieldA_aroundBody3$advice(Pojo.java:128)
	at Pojo.getFieldA(Pojo.java:1)
	at jdk.nashorn.internal.scripts.Script$3$\^eval\_.:program(&lt;eval&gt;:1)
	at jdk.nashorn.internal.runtime.ScriptFunctionData.invoke(ScriptFunctionData.java:637)
	at jdk.nashorn.internal.runtime.ScriptFunction.invoke(ScriptFunction.java:494)
	at jdk.nashorn.internal.runtime.ScriptRuntime.apply(ScriptRuntime.java:393)
	at jdk.nashorn.api.scripting.NashornScriptEngine.evalImpl(NashornScriptEngine.java:418)
	at jdk.nashorn.api.scripting.NashornScriptEngine.access$300(NashornScriptEngine.java:73)
	at jdk.nashorn.api.scripting.NashornScriptEngine$3.eval(NashornScriptEngine.java:511)
	at javax.script.CompiledScript.eval(CompiledScript.java:92)
	at net.sf.oval.expression.ExpressionLanguageScriptEngineImpl.evaluate(ExpressionLanguageScriptEngineImpl.java:84)
	at net.sf.oval.expression.AbstractExpressionLanguage.evaluateAsBoolean(AbstractExpressionLanguage.java:25)
	at net.sf.oval.AbstractCheck.isActive(AbstractCheck.java:152)
	at net.sf.oval.Validator.checkConstraint(Validator.java:763)
	at net.sf.oval.Validator._validateObjectInvariants(Validator.java:602)
	at net.sf.oval.Validator.validateInvariants(Validator.java:1384)
	at net.sf.oval.guard.Guard.validateInvariants(Guard.java:1124)
	at net.sf.oval.guard.Guard.guardMethodPre(Guard.java:728)
	at net.sf.oval.guard.GuardAspect.ajc$inlineAccessMethod$net_sf_oval_guard_GuardAspect$net_sf_oval_guard_Guard$guardMethodPre(GuardAspect.aj:1)
	at Pojo.getFieldA_aroundBody3$advice(Pojo.java:128)
	at Pojo.getFieldA(Pojo.java:1)
	at jdk.nashorn.internal.scripts.Script$3$\^eval\_.:program(&lt;eval&gt;:1)
	at jdk.nashorn.internal.runtime.ScriptFunctionData.invoke(ScriptFunctionData.java:637)
	at jdk.nashorn.internal.runtime.ScriptFunction.invoke(ScriptFunction.java:494)
	at jdk.nashorn.internal.runtime.ScriptRuntime.apply(ScriptRuntime.java:393)
	at jdk.nashorn.api.scripting.NashornScriptEngine.evalImpl(NashornScriptEngine.java:418)
	at jdk.nashorn.api.scripting.NashornScriptEngine.access$300(NashornScriptEngine.java:73)
	at jdk.nashorn.api.scripting.NashornScriptEngine$3.eval(NashornScriptEngine.java:511)
	at javax.script.CompiledScript.eval(CompiledScript.java:92)
	at net.sf.oval.expression.ExpressionLanguageScriptEngineImpl.evaluate(ExpressionLanguageScriptEngineImpl.java:84)
	at net.sf.oval.expression.AbstractExpressionLanguage.evaluateAsBoolean(AbstractExpressionLanguage.java:25)
	at net.sf.oval.AbstractCheck.isActive(AbstractCheck.java:152)
	at net.sf.oval.Validator.checkConstraint(Validator.java:763)
	at net.sf.oval.Validator._validateObjectInvariants(Validator.java:602)
	at net.sf.oval.Validator.validateInvariants(Validator.java:1384)
	at net.sf.oval.guard.Guard.validateInvariants(Guard.java:1124)
	at net.sf.oval.guard.Guard.guardMethodPre(Guard.java:728)
	at net.sf.oval.guard.GuardAspect.ajc$inlineAccessMethod$net_sf_oval_guard_GuardAspect$net_sf_oval_guard_Guard$guardMethodPre(GuardAspect.aj:1)
	at Pojo.getFieldA_aroundBody3$advice(Pojo.java:128)
	at Pojo.getFieldA(Pojo.java:1)
	at jdk.nashorn.internal.scripts.Script$3$\^eval\_.:program(&lt;eval&gt;:1)
	at jdk.nashorn.internal.runtime.ScriptFunctionData.invoke(ScriptFunctionData.java:637)
	at jdk.nashorn.internal.runtime.ScriptFunction.invoke(ScriptFunction.java:494)
	at jdk.nashorn.internal.runtime.ScriptRuntime.apply(ScriptRuntime.java:393)
	at jdk.nashorn.api.scripting.NashornScriptEngine.evalImpl(NashornScriptEngine.java:418)
	at jdk.nashorn.api.scripting.NashornScriptEngine.access$300(NashornScriptEngine.java:73)
	at jdk.nashorn.api.scripting.NashornScriptEngine$3.eval(NashornScriptEngine.java:511)
	at javax.script.CompiledScript.eval(CompiledScript.java:92)
	at net.sf.oval.expression.ExpressionLanguageScriptEngineImpl.evaluate(ExpressionLanguageScriptEngineImpl.java:84)
	at net.sf.oval.expression.AbstractExpressionLanguage.evaluateAsBoolean(AbstractExpressionLanguage.java:25)
	at net.sf.oval.AbstractCheck.isActive(AbstractCheck.java:152)
	at net.sf.oval.Validator.checkConstraint(Validator.java:763)
	at net.sf.oval.Validator._validateObjectInvariants(Validator.java:602)
	at net.sf.oval.Validator.validateInvariants(Validator.java:1384)
	at net.sf.oval.guard.Guard.validateInvariants(Guard.java:1124)
	at net.sf.oval.guard.Guard.guardMethodPre(Guard.java:728)
	at net.sf.oval.guard.GuardAspect.ajc$inlineAccessMethod$net_sf_oval_guard_GuardAspect$net_sf_oval_guard_Guard$guardMethodPre(GuardAspect.aj:1)
	at Pojo.getFieldA_aroundBody3$advice(Pojo.java:128)
	at Pojo.getFieldA(Pojo.java:1)
	at jdk.nashorn.internal.scripts.Script$3$\^eval\_.:program(&lt;eval&gt;:1)
	at jdk.nashorn.internal.runtime.ScriptFunctionData.invoke(ScriptFunctionData.java:637)
	at jdk.nashorn.internal.runtime.ScriptFunction.invoke(ScriptFunction.java:494)
	at jdk.nashorn.internal.runtime.ScriptRuntime.apply(ScriptRuntime.java:393)
	at jdk.nashorn.api.scripting.NashornScriptEngine.evalImpl(NashornScriptEngine.java:418)
	at jdk.nashorn.api.scripting.NashornScriptEngine.access$300(NashornScriptEngine.java:73)
	at jdk.nashorn.api.scripting.NashornScriptEngine$3.eval(NashornScriptEngine.java:511)
	at javax.script.CompiledScript.eval(CompiledScript.java:92)
	at net.sf.oval.expression.ExpressionLanguageScriptEngineImpl.evaluate(ExpressionLanguageScriptEngineImpl.java:84)
	at net.sf.oval.expression.AbstractExpressionLanguage.evaluateAsBoolean(AbstractExpressionLanguage.java:25)
	at net.sf.oval.AbstractCheck.isActive(AbstractCheck.java:152)
	at net.sf.oval.Validator.checkConstraint(Validator.java:763)
	at net.sf.oval.Validator._validateObjectInvariants(Validator.java:602)
	at net.sf.oval.Validator.validateInvariants(Validator.java:1384)
	at net.sf.oval.guard.Guard.validateInvariants(Guard.java:1124)
	at net.sf.oval.guard.Guard.guardMethodPre(Guard.java:728)
	at net.sf.oval.guard.GuardAspect.ajc$inlineAccessMethod$net_sf_oval_guard_GuardAspect$net_sf_oval_guard_Guard$guardMethodPre(GuardAspect.aj:1)
	at Pojo.getFieldA_aroundBody3$advice(Pojo.java:128)
	at Pojo.getFieldA(Pojo.java:1)
	at jdk.nashorn.internal.scripts.Script$3$\^eval\_.:program(&lt;eval&gt;:1)
	at jdk.nashorn.internal.runtime.ScriptFunctionData.invoke(ScriptFunctionData.java:637)
	at jdk.nashorn.internal.runtime.ScriptFunction.invoke(ScriptFunction.java:494)
	at jdk.nashorn.internal.runtime.ScriptRuntime.apply(ScriptRuntime.java:393)
	at jdk.nashorn.api.scripting.NashornScriptEngine.evalImpl(NashornScriptEngine.java:418)
	at jdk.nashorn.api.scripting.NashornScriptEngine.access$300(NashornScriptEngine.java:73)
	at jdk.nashorn.api.scripting.NashornScriptEngine$3.eval(NashornScriptEngine.java:511)
	at javax.script.CompiledScript.eval(CompiledScript.java:92)
	at net.sf.oval.expression.ExpressionLanguageScriptEngineImpl.evaluate(ExpressionLanguageScriptEngineImpl.java:84)
	at net.sf.oval.expression.AbstractExpressionLanguage.evaluateAsBoolean(AbstractExpressionLanguage.java:25)
	at net.sf.oval.AbstractCheck.isActive(AbstractCheck.java:152)
	at net.sf.oval.Validator.checkConstraint(Validator.java:763)
	at net.sf.oval.Validator._validateObjectInvariants(Validator.java:602)
	at net.sf.oval.Validator.validateInvariants(Validator.java:1384)
	at net.sf.oval.guard.Guard.validateInvariants(Guard.java:1124)
	at net.sf.oval.guard.Guard.guardMethodPre(Guard.java:728)
	at net.sf.oval.guard.GuardAspect.ajc$inlineAccessMethod$net_sf_oval_guard_GuardAspect$net_sf_oval_guard_Guard$guardMethodPre(GuardAspect.aj:1)
	at Pojo.getFieldA_aroundBody3$advice(Pojo.java:128)
	at Pojo.getFieldA(Pojo.java:1)
	at jdk.nashorn.internal.scripts.Script$3$\^eval\_.:program(&lt;eval&gt;:1)
	at jdk.nashorn.internal.runtime.ScriptFunctionData.invoke(ScriptFunctionData.java:637)
	at jdk.nashorn.internal.runtime.ScriptFunction.invoke(ScriptFunction.java:494)
	at jdk.nashorn.internal.runtime.ScriptRuntime.apply(ScriptRuntime.java:393)
	at jdk.nashorn.api.scripting.NashornScriptEngine.evalImpl(NashornScriptEngine.java:418)
	at jdk.nashorn.api.scripting.NashornScriptEngine.access$300(NashornScriptEngine.java:73)
	at jdk.nashorn.api.scripting.NashornScriptEngine$3.eval(NashornScriptEngine.java:511)
	at javax.script.CompiledScript.eval(CompiledScript.java:92)
	at net.sf.oval.expression.ExpressionLanguageScriptEngineImpl.evaluate(ExpressionLanguageScriptEngineImpl.java:84)
	at net.sf.oval.expression.AbstractExpressionLanguage.evaluateAsBoolean(AbstractExpressionLanguage.java:25)
	at net.sf.oval.AbstractCheck.isActive(AbstractCheck.java:152)
	at net.sf.oval.Validator.checkConstraint(Validator.java:763)
	at net.sf.oval.Validator._validateObjectInvariants(Validator.java:602)
	at net.sf.oval.Validator.validateInvariants(Validator.java:1384)
	at net.sf.oval.guard.Guard.validateInvariants(Guard.java:1124)
	at net.sf.oval.guard.Guard.guardMethodPre(Guard.java:728)
	at net.sf.oval.guard.GuardAspect.ajc$inlineAccessMethod$net_sf_oval_guard_GuardAspect$net_sf_oval_guard_Guard$guardMethodPre(GuardAspect.aj:1)
	at Pojo.getFieldA_aroundBody3$advice(Pojo.java:128)
	at Pojo.getFieldA(Pojo.java:1)
	at jdk.nashorn.internal.scripts.Script$3$\^eval\_.:program(&lt;eval&gt;:1)
	at jdk.nashorn.internal.runtime.ScriptFunctionData.invoke(ScriptFunctionData.java:637)
	at jdk.nashorn.internal.runtime.ScriptFunction.invoke(ScriptFunction.java:494)
	at jdk.nashorn.internal.runtime.ScriptRuntime.apply(ScriptRuntime.java:393)
	at jdk.nashorn.api.scripting.NashornScriptEngine.evalImpl(NashornScriptEngine.java:418)
	at jdk.nashorn.api.scripting.NashornScriptEngine.access$300(NashornScriptEngine.java:73)
	at jdk.nashorn.api.scripting.NashornScriptEngine$3.eval(NashornScriptEngine.java:511)
	at javax.script.CompiledScript.eval(CompiledScript.java:92)
	at net.sf.oval.expression.ExpressionLanguageScriptEngineImpl.evaluate(ExpressionLanguageScriptEngineImpl.java:84)
	at net.sf.oval.expression.AbstractExpressionLanguage.evaluateAsBoolean(AbstractExpressionLanguage.java:25)
	at net.sf.oval.AbstractCheck.isActive(AbstractCheck.java:152)
	at net.sf.oval.Validator.checkConstraint(Validator.java:763)
	at net.sf.oval.Validator._validateObjectInvariants(Validator.java:602)
	at net.sf.oval.Validator.validateInvariants(Validator.java:1384)
	at net.sf.oval.guard.Guard.validateInvariants(Guard.java:1124)
	at net.sf.oval.guard.Guard.guardMethodPre(Guard.java:728)
	at net.sf.oval.guard.GuardAspect.ajc$inlineAccessMethod$net_sf_oval_guard_GuardAspect$net_sf_oval_guard_Guard$guardMethodPre(GuardAspect.aj:1)
	at Pojo.getFieldA_aroundBody3$advice(Pojo.java:128)
	at Pojo.getFieldA(Pojo.java:1)
	at jdk.nashorn.internal.scripts.Script$3$\^eval\_.:program(&lt;eval&gt;:1)
	at jdk.nashorn.internal.runtime.ScriptFunctionData.invoke(ScriptFunctionData.java:637)
	at jdk.nashorn.internal.runtime.ScriptFunction.invoke(ScriptFunction.java:494)
	at jdk.nashorn.internal.runtime.ScriptRuntime.apply(ScriptRuntime.java:393)
	at jdk.nashorn.api.scripting.NashornScriptEngine.evalImpl(NashornScriptEngine.java:418)
	at jdk.nashorn.api.scripting.NashornScriptEngine.access$300(NashornScriptEngine.java:73)
	at jdk.nashorn.api.scripting.NashornScriptEngine$3.eval(NashornScriptEngine.java:511)
	at javax.script.CompiledScript.eval(CompiledScript.java:92)
	at net.sf.oval.expression.ExpressionLanguageScriptEngineImpl.evaluate(ExpressionLanguageScriptEngineImpl.java:84)
	at net.sf.oval.expression.AbstractExpressionLanguage.evaluateAsBoolean(AbstractExpressionLanguage.java:25)
	at net.sf.oval.AbstractCheck.isActive(AbstractCheck.java:152)
	at net.sf.oval.Validator.checkConstraint(Validator.java:763)
	at net.sf.oval.Validator._validateObjectInvariants(Validator.java:602)
	at net.sf.oval.Validator.validateInvariants(Validator.java:1384)
	at net.sf.oval.guard.Guard.validateInvariants(Guard.java:1124)
	at net.sf.oval.guard.Guard.guardMethodPre(Guard.java:728)
	at net.sf.oval.guard.GuardAspect.ajc$inlineAccessMethod$net_sf_oval_guard_GuardAspect$net_sf_oval_guard_Guard$guardMethodPre(GuardAspect.aj:1)
	at Pojo.getFieldA_aroundBody3$advice(Pojo.java:128)
	at Pojo.getFieldA(Pojo.java:1)
	at jdk.nashorn.internal.scripts.Script$3$\^eval\_.:program(&lt;eval&gt;:1)
	at jdk.nashorn.internal.runtime.ScriptFunctionData.invoke(ScriptFunctionData.java:637)
	at jdk.nashorn.internal.runtime.ScriptFunction.invoke(ScriptFunction.java:494)
	at jdk.nashorn.internal.runtime.ScriptRuntime.apply(ScriptRuntime.java:393)
	at jdk.nashorn.api.scripting.NashornScriptEngine.evalImpl(NashornScriptEngine.java:418)
	at jdk.nashorn.api.scripting.NashornScriptEngine.access$300(NashornScriptEngine.java:73)
	at jdk.nashorn.api.scripting.NashornScriptEngine$3.eval(NashornScriptEngine.java:511)
	at javax.script.CompiledScript.eval(CompiledScript.java:92)
	at net.sf.oval.expression.ExpressionLanguageScriptEngineImpl.evaluate(ExpressionLanguageScriptEngineImpl.java:84)
	at net.sf.oval.expression.AbstractExpressionLanguage.evaluateAsBoolean(AbstractExpressionLanguage.java:25)
	at net.sf.oval.AbstractCheck.isActive(AbstractCheck.java:152)
	at net.sf.oval.Validator.checkConstraint(Validator.java:763)
	at net.sf.oval.Validator._validateObjectInvariants(Validator.java:602)
	at net.sf.oval.Validator.validateInvariants(Validator.java:1384)
	at net.sf.oval.guard.Guard.validateInvariants(Guard.java:1124)
	at net.sf.oval.guard.Guard.guardMethodPre(Guard.java:728)
	at net.sf.oval.guard.GuardAspect.ajc$inlineAccessMethod$net_sf_oval_guard_GuardAspect$net_sf_oval_guard_Guard$guardMethodPre(GuardAspect.aj:1)
	at Pojo.getFieldA_aroundBody3$advice(Pojo.java:128)
	at Pojo.getFieldA(Pojo.java:1)
	at jdk.nashorn.internal.scripts.Script$3$\^eval\_.:program(&lt;eval&gt;:1)
	at jdk.nashorn.internal.runtime.ScriptFunctionData.invoke(ScriptFunctionData.java:637)
	at jdk.nashorn.internal.runtime.ScriptFunction.invoke(ScriptFunction.java:494)
	at jdk.nashorn.internal.runtime.ScriptRuntime.apply(ScriptRuntime.java:393)
	at jdk.nashorn.api.scripting.NashornScriptEngine.evalImpl(NashornScriptEngine.java:418)
	at jdk.nashorn.api.scripting.NashornScriptEngine.access$300(NashornScriptEngine.java:73)
	at jdk.nashorn.api.scripting.NashornScriptEngine$3.eval(NashornScriptEngine.java:511)
	at javax.script.CompiledScript.eval(CompiledScript.java:92)
	at net.sf.oval.expression.ExpressionLanguageScriptEngineImpl.evaluate(ExpressionLanguageScriptEngineImpl.java:84)
	at net.sf.oval.expression.AbstractExpressionLanguage.evaluateAsBoolean(AbstractExpressionLanguage.java:25)
	at net.sf.oval.AbstractCheck.isActive(AbstractCheck.java:152)
	at net.sf.oval.Validator.checkConstraint(Validator.java:763)
	at net.sf.oval.Validator._validateObjectInvariants(Validator.java:602)
	at net.sf.oval.Validator.validateInvariants(Validator.java:1384)
	at net.sf.oval.guard.Guard.validateInvariants(Guard.java:1124)
	at net.sf.oval.guard.Guard.guardMethodPre(Guard.java:728)
	at net.sf.oval.guard.GuardAspect.ajc$inlineAccessMethod$net_sf_oval_guard_GuardAspect$net_sf_oval_guard_Guard$guardMethodPre(GuardAspect.aj:1)
	at Pojo.getFieldA_aroundBody3$advice(Pojo.java:128)
	at Pojo.getFieldA(Pojo.java:1)
	at jdk.nashorn.internal.scripts.Script$3$\^eval\_.:program(&lt;eval&gt;:1)
	at jdk.nashorn.internal.runtime.ScriptFunctionData.invoke(ScriptFunctionData.java:637)
	at jdk.nashorn.internal.runtime.ScriptFunction.invoke(ScriptFunction.java:494)
	at jdk.nashorn.internal.runtime.ScriptRuntime.apply(ScriptRuntime.java:393)
	at jdk.nashorn.api.scripting.NashornScriptEngine.evalImpl(NashornScriptEngine.java:418)
	at jdk.nashorn.api.scripting.NashornScriptEngine.access$300(NashornScriptEngine.java:73)
	at jdk.nashorn.api.scripting.NashornScriptEngine$3.eval(NashornScriptEngine.java:511)
	at javax.script.CompiledScript.eval(CompiledScript.java:92)
	at net.sf.oval.expression.ExpressionLanguageScriptEngineImpl.evaluate(ExpressionLanguageScriptEngineImpl.java:84)
	at net.sf.oval.expression.AbstractExpressionLanguage.evaluateAsBoolean(AbstractExpressionLanguage.java:25)
	at net.sf.oval.AbstractCheck.isActive(AbstractCheck.java:152)
	at net.sf.oval.Validator.checkConstraint(Validator.java:763)
	at net.sf.oval.Validator._validateObjectInvariants(Validator.java:602)
	at net.sf.oval.Validator.validateInvariants(Validator.java:1384)
	at net.sf.oval.guard.Guard.validateInvariants(Guard.java:1124)
	at net.sf.oval.guard.Guard.guardMethodPre(Guard.java:728)
	at net.sf.oval.guard.GuardAspect.ajc$inlineAccessMethod$net_sf_oval_guard_GuardAspect$net_sf_oval_guard_Guard$guardMethodPre(GuardAspect.aj:1)
	at Pojo.getFieldA_aroundBody3$advice(Pojo.java:128)
	at Pojo.getFieldA(Pojo.java:1)
	at jdk.nashorn.internal.scripts.Script$3$\^eval\_.:program(&lt;eval&gt;:1)
	at jdk.nashorn.internal.runtime.ScriptFunctionData.invoke(ScriptFunctionData.java:637)
	at jdk.nashorn.internal.runtime.ScriptFunction.invoke(ScriptFunction.java:494)
	at jdk.nashorn.internal.runtime.ScriptRuntime.apply(ScriptRuntime.java:393)
	at jdk.nashorn.api.scripting.NashornScriptEngine.evalImpl(NashornScriptEngine.java:418)
	at jdk.nashorn.api.scripting.NashornScriptEngine.access$300(NashornScriptEngine.java:73)
	at jdk.nashorn.api.scripting.NashornScriptEngine$3.eval(NashornScriptEngine.java:511)
	at javax.script.CompiledScript.eval(CompiledScript.java:92)
	at net.sf.oval.expression.ExpressionLanguageScriptEngineImpl.evaluate(ExpressionLanguageScriptEngineImpl.java:84)
	at net.sf.oval.expression.AbstractExpressionLanguage.evaluateAsBoolean(AbstractExpressionLanguage.java:25)
	at net.sf.oval.AbstractCheck.isActive(AbstractCheck.java:152)
	at net.sf.oval.Validator.checkConstraint(Validator.java:763)
	at net.sf.oval.Validator._validateObjectInvariants(Validator.java:602)
	at net.sf.oval.Validator.validateInvariants(Validator.java:1384)
	at net.sf.oval.guard.Guard.validateInvariants(Guard.java:1124)
	at net.sf.oval.guard.Guard.guardMethodPre(Guard.java:728)
	at net.sf.oval.guard.GuardAspect.ajc$inlineAccessMethod$net_sf_oval_guard_GuardAspect$net_sf_oval_guard_Guard$guardMethodPre(GuardAspect.aj:1)
	at Pojo.getFieldA_aroundBody3$advice(Pojo.java:128)
	at Pojo.getFieldA(Pojo.java:1)
	at jdk.nashorn.internal.scripts.Script$3$\^eval\_.:program(&lt;eval&gt;:1)
	at jdk.nashorn.internal.runtime.ScriptFunctionData.invoke(ScriptFunctionData.java:637)
	at jdk.nashorn.internal.runtime.ScriptFunction.invoke(ScriptFunction.java:494)
	at jdk.nashorn.internal.runtime.ScriptRuntime.apply(ScriptRuntime.java:393)
	at jdk.nashorn.api.scripting.NashornScriptEngine.evalImpl(NashornScriptEngine.java:418)
	at jdk.nashorn.api.scripting.NashornScriptEngine.access$300(NashornScriptEngine.java:73)
</failure>
  </testcase>
  <system-out><![CDATA[]]></system-out>
  <system-err><![CDATA[May 18, 2017 9:19:28 AM net.sf.oval.internal.Log info
INFO: Expression language 'javascript' registered: net.sf.oval.expression.ExpressionLanguageScriptEngineImpl@649a61d1
]]></system-err>
</testsuite>
