<?xml version="1.0" encoding="UTF-8"?>
<testsuite name="BarTest" tests="1" skipped="0" failures="0" errors="0" timestamp="2017-05-22T23:22:42" hostname="DESKTOP-0010" time="0.047">
  <properties/>
  <testcase name="getName_nameIsNull_violationsSizeIsOne" classname="BarTest" time="0.047"/>
  <system-out><![CDATA[]]></system-out>
  <system-err><![CDATA[]]></system-err>
</testsuite>
